
libgomp: Invalid value for environment variable OMP_NUM_THREADS

libgomp: Invalid value for environment variable OMP_NUM_THREADS
检测到云端算力平台 (AutoDL)，自动切换至数据盘挂载路径...
正在启动 TCN-BiLSTM 炼丹炉...
核心算力引擎: cuda

后勤部接到 【训练沙箱/全量】 指令！目标名单：['chb02', 'chb03', 'chb04', 'chb05', 'chb06', 'chb07', 'chb08', 'chb09', 'chb10', 'chb11', 'chb12', 'chb13', 'chb14', 'chb15', 'chb16', 'chb17', 'chb18', 'chb19', 'chb20', 'chb21', 'chb22', 'chb23', 'chb24']
正在挂载数据管道: chb02_01_X.npy
挂载成功！该病历共包含 1800 个切窗样本。
正在挂载数据管道: chb02_02_X.npy
挂载成功！该病历共包含 1800 个切窗样本。
正在挂载数据管道: chb02_03_X.npy
挂载成功！该病历共包含 1800 个切窗样本。
正在挂载数据管道: chb02_04_X.npy
挂载成功！该病历共包含 1800 个切窗样本。
正在挂载数据管道: chb02_05_X.npy
挂载成功！该病历共包含 1800 个切窗样本。
正在挂载数据管道: chb02_06_X.npy
挂载成功！该病历共包含 1800 个切窗样本。
正在挂载数据管道: chb02_07_X.npy
挂载成功！该病历共包含 1800 个切窗样本。
正在挂载数据管道: chb02_08_X.npy
挂载成功！该病历共包含 1800 个切窗样本。
正在挂载数据管道: chb02_09_X.npy
挂载成功！该病历共包含 1800 个切窗样本。
正在挂载数据管道: chb02_10_X.npy
挂载成功！该病历共包含 1800 个切窗样本。
正在挂载数据管道: chb02_11_X.npy
挂载成功！该病历共包含 1800 个切窗样本。
正在挂载数据管道: chb02_12_X.npy
挂载成功！该病历共包含 1800 个切窗样本。
正在挂载数据管道: chb02_13_X.npy
挂载成功！该病历共包含 1800 个切窗样本。
正在挂载数据管道: chb02_14_X.npy
挂载成功！该病历共包含 1800 个切窗样本。
正在挂载数据管道: chb02_15_X.npy
挂载成功！该病历共包含 1800 个切窗样本。
正在挂载数据管道: chb02_16+_X.npy
挂载成功！该病历共包含 1800 个切窗样本。
正在挂载数据管道: chb02_16_X.npy
挂载成功！该病历共包含 479 个切窗样本。
正在挂载数据管道: chb02_17_X.npy
挂载成功！该病历共包含 1800 个切窗样本。
正在挂载数据管道: chb02_18_X.npy
挂载成功！该病历共包含 1800 个切窗样本。
正在挂载数据管道: chb02_19_X.npy
挂载成功！该病历共包含 1800 个切窗样本。
正在挂载数据管道: chb02_20_X.npy
挂载成功！该病历共包含 1800 个切窗样本。
正在挂载数据管道: chb02_21_X.npy
挂载成功！该病历共包含 1800 个切窗样本。
正在挂载数据管道: chb02_22_X.npy
挂载成功！该病历共包含 1800 个切窗样本。
正在挂载数据管道: chb02_23_X.npy
挂载成功！该病历共包含 1800 个切窗样本。
正在挂载数据管道: chb02_24_X.npy
挂载成功！该病历共包含 1800 个切窗样本。
正在挂载数据管道: chb02_25_X.npy
挂载成功！该病历共包含 1800 个切窗样本。
正在挂载数据管道: chb02_26_X.npy
挂载成功！该病历共包含 1800 个切窗样本。
正在挂载数据管道: chb02_27_X.npy
挂载成功！该病历共包含 1800 个切窗样本。
正在挂载数据管道: chb02_28_X.npy
挂载成功！该病历共包含 1800 个切窗样本。
正在挂载数据管道: chb02_29_X.npy
挂载成功！该病历共包含 1800 个切窗样本。
正在挂载数据管道: chb02_30_X.npy
挂载成功！该病历共包含 1800 个切窗样本。
正在挂载数据管道: chb02_31_X.npy
挂载成功！该病历共包含 1800 个切窗样本。
正在挂载数据管道: chb02_32_X.npy
挂载成功！该病历共包含 1800 个切窗样本。
正在挂载数据管道: chb02_33_X.npy
挂载成功！该病历共包含 1800 个切窗样本。
正在挂载数据管道: chb02_34_X.npy
挂载成功！该病历共包含 1800 个切窗样本。
正在挂载数据管道: chb02_35_X.npy
挂载成功！该病历共包含 1800 个切窗样本。
正在挂载数据管道: chb03_01_X.npy
挂载成功！该病历共包含 1800 个切窗样本。
正在挂载数据管道: chb03_02_X.npy
挂载成功！该病历共包含 1800 个切窗样本。
正在挂载数据管道: chb03_03_X.npy
挂载成功！该病历共包含 1800 个切窗样本。
正在挂载数据管道: chb03_04_X.npy
挂载成功！该病历共包含 1800 个切窗样本。
正在挂载数据管道: chb03_05_X.npy
挂载成功！该病历共包含 1800 个切窗样本。
正在挂载数据管道: chb03_06_X.npy
挂载成功！该病历共包含 1800 个切窗样本。
正在挂载数据管道: chb03_07_X.npy
挂载成功！该病历共包含 1800 个切窗样本。
正在挂载数据管道: chb03_08_X.npy
挂载成功！该病历共包含 1800 个切窗样本。
正在挂载数据管道: chb03_09_X.npy
挂载成功！该病历共包含 1800 个切窗样本。
正在挂载数据管道: chb03_10_X.npy
挂载成功！该病历共包含 1800 个切窗样本。
正在挂载数据管道: chb03_11_X.npy
挂载成功！该病历共包含 1800 个切窗样本。
正在挂载数据管道: chb03_12_X.npy
挂载成功！该病历共包含 1800 个切窗样本。
正在挂载数据管道: chb03_13_X.npy
挂载成功！该病历共包含 1800 个切窗样本。
正在挂载数据管道: chb03_14_X.npy
挂载成功！该病历共包含 1800 个切窗样本。
正在挂载数据管道: chb03_15_X.npy
挂载成功！该病历共包含 1800 个切窗样本。
正在挂载数据管道: chb03_16_X.npy
挂载成功！该病历共包含 1800 个切窗样本。
正在挂载数据管道: chb03_17_X.npy
挂载成功！该病历共包含 1800 个切窗样本。
正在挂载数据管道: chb03_18_X.npy
挂载成功！该病历共包含 1800 个切窗样本。
正在挂载数据管道: chb03_19_X.npy
挂载成功！该病历共包含 1800 个切窗样本。
正在挂载数据管道: chb03_20_X.npy
挂载成功！该病历共包含 1803 个切窗样本。
正在挂载数据管道: chb03_21_X.npy
挂载成功！该病历共包含 1800 个切窗样本。
正在挂载数据管道: chb03_22_X.npy
挂载成功！该病历共包含 1800 个切窗样本。
正在挂载数据管道: chb03_23_X.npy
挂载成功！该病历共包含 1800 个切窗样本。
正在挂载数据管道: chb03_24_X.npy
挂载成功！该病历共包含 1800 个切窗样本。
正在挂载数据管道: chb03_25_X.npy
挂载成功！该病历共包含 1800 个切窗样本。
正在挂载数据管道: chb03_26_X.npy
挂载成功！该病历共包含 1800 个切窗样本。
正在挂载数据管道: chb03_27_X.npy
挂载成功！该病历共包含 1800 个切窗样本。
正在挂载数据管道: chb03_28_X.npy
挂载成功！该病历共包含 1800 个切窗样本。
正在挂载数据管道: chb03_29_X.npy
挂载成功！该病历共包含 1800 个切窗样本。
正在挂载数据管道: chb03_30_X.npy
挂载成功！该病历共包含 1800 个切窗样本。
正在挂载数据管道: chb03_31_X.npy
挂载成功！该病历共包含 1800 个切窗样本。
正在挂载数据管道: chb03_32_X.npy
挂载成功！该病历共包含 1800 个切窗样本。
正在挂载数据管道: chb03_33_X.npy
挂载成功！该病历共包含 1800 个切窗样本。
正在挂载数据管道: chb03_34_X.npy
挂载成功！该病历共包含 1800 个切窗样本。
正在挂载数据管道: chb03_35_X.npy
挂载成功！该病历共包含 1800 个切窗样本。
正在挂载数据管道: chb03_36_X.npy
挂载成功！该病历共包含 1800 个切窗样本。
正在挂载数据管道: chb03_37_X.npy
挂载成功！该病历共包含 1800 个切窗样本。
正在挂载数据管道: chb03_38_X.npy
挂载成功！该病历共包含 1800 个切窗样本。
正在挂载数据管道: chb04_01_X.npy
挂载成功！该病历共包含 7199 个切窗样本。
正在挂载数据管道: chb04_02_X.npy
挂载成功！该病历共包含 7200 个切窗样本。
正在挂载数据管道: chb04_03_X.npy
挂载成功！该病历共包含 7200 个切窗样本。
正在挂载数据管道: chb04_04_X.npy
挂载成功！该病历共包含 7200 个切窗样本。
正在挂载数据管道: chb04_05_X.npy
挂载成功！该病历共包含 4768 个切窗样本。
正在挂载数据管道: chb04_06_X.npy
挂载成功！该病历共包含 7200 个切窗样本。
正在挂载数据管道: chb04_07_X.npy
挂载成功！该病历共包含 3748 个切窗样本。
正在挂载数据管道: chb04_08_X.npy
挂载成功！该病历共包含 7200 个切窗样本。
正在挂载数据管道: chb04_09_X.npy
挂载成功！该病历共包含 7200 个切窗样本。
正在挂载数据管道: chb04_10_X.npy
挂载成功！该病历共包含 7200 个切窗样本。
正在挂载数据管道: chb04_11_X.npy
挂载成功！该病历共包含 2416 个切窗样本。
正在挂载数据管道: chb04_12_X.npy
挂载成功！该病历共包含 7210 个切窗样本。
正在挂载数据管道: chb04_13_X.npy
挂载成功！该病历共包含 7199 个切窗样本。
正在挂载数据管道: chb04_14_X.npy
挂载成功！该病历共包含 7209 个切窗样本。
正在挂载数据管道: chb04_15_X.npy
挂载成功！该病历共包含 7200 个切窗样本。
正在挂载数据管道: chb04_16_X.npy
挂载成功！该病历共包含 7200 个切窗样本。
正在挂载数据管道: chb04_17_X.npy
挂载成功！该病历共包含 6866 个切窗样本。
正在挂载数据管道: chb04_18_X.npy
挂载成功！该病历共包含 7212 个切窗样本。
正在挂载数据管道: chb04_19_X.npy
挂载成功！该病历共包含 7200 个切窗样本。
正在挂载数据管道: chb04_21_X.npy
挂载成功！该病历共包含 7200 个切窗样本。
正在挂载数据管道: chb04_22_X.npy
挂载成功！该病历共包含 7200 个切窗样本。
正在挂载数据管道: chb04_23_X.npy
挂载成功！该病历共包含 5342 个切窗样本。
正在挂载数据管道: chb04_24_X.npy
挂载成功！该病历共包含 7203 个切窗样本。
正在挂载数据管道: chb04_25_X.npy
挂载成功！该病历共包含 7200 个切窗样本。
正在挂载数据管道: chb04_26_X.npy
挂载成功！该病历共包含 7200 个切窗样本。
正在挂载数据管道: chb04_27_X.npy
挂载成功！该病历共包含 7213 个切窗样本。
正在挂载数据管道: chb04_28_X.npy
挂载成功！该病历共包含 7211 个切窗样本。
正在挂载数据管道: chb04_29_X.npy
挂载成功！该病历共包含 7201 个切窗样本。
正在挂载数据管道: chb04_30_X.npy
挂载成功！该病历共包含 7200 个切窗样本。
正在挂载数据管道: chb04_31_X.npy
挂载成功！该病历共包含 7200 个切窗样本。
正在挂载数据管道: chb04_32_X.npy
挂载成功！该病历共包含 7200 个切窗样本。
正在挂载数据管道: chb04_33_X.npy
挂载成功！该病历共包含 7200 个切窗样本。
正在挂载数据管道: chb04_34_X.npy
挂载成功！该病历共包含 7200 个切窗样本。
正在挂载数据管道: chb04_35_X.npy
挂载成功！该病历共包含 7200 个切窗样本。
正在挂载数据管道: chb04_36_X.npy
挂载成功！该病历共包含 7200 个切窗样本。
正在挂载数据管道: chb04_37_X.npy
挂载成功！该病历共包含 2806 个切窗样本。
正在挂载数据管道: chb04_38_X.npy
挂载成功！该病历共包含 7200 个切窗样本。
正在挂载数据管道: chb04_39_X.npy
挂载成功！该病历共包含 7200 个切窗样本。
正在挂载数据管道: chb04_40_X.npy
挂载成功！该病历共包含 7200 个切窗样本。
正在挂载数据管道: chb04_41_X.npy
挂载成功！该病历共包含 7200 个切窗样本。
正在挂载数据管道: chb04_42_X.npy
挂载成功！该病历共包含 2911 个切窗样本。
正在挂载数据管道: chb04_43_X.npy
挂载成功！该病历共包含 7200 个切窗样本。
正在挂载数据管道: chb05_01_X.npy
挂载成功！该病历共包含 1805 个切窗样本。
正在挂载数据管道: chb05_02_X.npy
挂载成功！该病历共包含 1800 个切窗样本。
正在挂载数据管道: chb05_03_X.npy
挂载成功！该病历共包含 1800 个切窗样本。
正在挂载数据管道: chb05_04_X.npy
挂载成功！该病历共包含 1800 个切窗样本。
正在挂载数据管道: chb05_05_X.npy
挂载成功！该病历共包含 1800 个切窗样本。
正在挂载数据管道: chb05_06_X.npy
挂载成功！该病历共包含 1800 个切窗样本。
正在挂载数据管道: chb05_07_X.npy
挂载成功！该病历共包含 1800 个切窗样本。
正在挂载数据管道: chb05_08_X.npy
挂载成功！该病历共包含 1800 个切窗样本。
正在挂载数据管道: chb05_09_X.npy
挂载成功！该病历共包含 1800 个切窗样本。
正在挂载数据管道: chb05_10_X.npy
挂载成功！该病历共包含 1800 个切窗样本。
正在挂载数据管道: chb05_11_X.npy
挂载成功！该病历共包含 1800 个切窗样本。
正在挂载数据管道: chb05_12_X.npy
挂载成功！该病历共包含 1800 个切窗样本。
正在挂载数据管道: chb05_13_X.npy
挂载成功！该病历共包含 1800 个切窗样本。
正在挂载数据管道: chb05_14_X.npy
挂载成功！该病历共包含 1800 个切窗样本。
正在挂载数据管道: chb05_15_X.npy
挂载成功！该病历共包含 1800 个切窗样本。
正在挂载数据管道: chb05_16_X.npy
挂载成功！该病历共包含 1800 个切窗样本。
正在挂载数据管道: chb05_17_X.npy
挂载成功！该病历共包含 1800 个切窗样本。
正在挂载数据管道: chb05_18_X.npy
挂载成功！该病历共包含 1800 个切窗样本。
正在挂载数据管道: chb05_19_X.npy
挂载成功！该病历共包含 1800 个切窗样本。
正在挂载数据管道: chb05_20_X.npy
挂载成功！该病历共包含 1800 个切窗样本。
正在挂载数据管道: chb05_21_X.npy
挂载成功！该病历共包含 1800 个切窗样本。
正在挂载数据管道: chb05_22_X.npy
挂载成功！该病历共包含 1800 个切窗样本。
正在挂载数据管道: chb05_23_X.npy
挂载成功！该病历共包含 1800 个切窗样本。
正在挂载数据管道: chb05_24_X.npy
挂载成功！该病历共包含 1800 个切窗样本。
正在挂载数据管道: chb05_25_X.npy
挂载成功！该病历共包含 1800 个切窗样本。
正在挂载数据管道: chb05_26_X.npy
挂载成功！该病历共包含 1800 个切窗样本。
正在挂载数据管道: chb05_27_X.npy
挂载成功！该病历共包含 1800 个切窗样本。
正在挂载数据管道: chb05_28_X.npy
挂载成功！该病历共包含 1800 个切窗样本。
正在挂载数据管道: chb05_29_X.npy
挂载成功！该病历共包含 1800 个切窗样本。
正在挂载数据管道: chb05_30_X.npy
挂载成功！该病历共包含 1800 个切窗样本。
正在挂载数据管道: chb05_31_X.npy
挂载成功！该病历共包含 1800 个切窗样本。
正在挂载数据管道: chb05_32_X.npy
挂载成功！该病历共包含 1800 个切窗样本。
正在挂载数据管道: chb05_33_X.npy
挂载成功！该病历共包含 1800 个切窗样本。
正在挂载数据管道: chb05_34_X.npy
挂载成功！该病历共包含 1800 个切窗样本。
正在挂载数据管道: chb05_35_X.npy
挂载成功！该病历共包含 1800 个切窗样本。
正在挂载数据管道: chb05_36_X.npy
挂载成功！该病历共包含 1800 个切窗样本。
正在挂载数据管道: chb05_37_X.npy
挂载成功！该病历共包含 1800 个切窗样本。
正在挂载数据管道: chb05_38_X.npy
挂载成功！该病历共包含 1800 个切窗样本。
正在挂载数据管道: chb05_39_X.npy
挂载成功！该病历共包含 1800 个切窗样本。
正在挂载数据管道: chb06_01_X.npy
挂载成功！该病历共包含 7213 个切窗样本。
正在挂载数据管道: chb06_02_X.npy
挂载成功！该病历共包含 7200 个切窗样本。
正在挂载数据管道: chb06_03_X.npy
挂载成功！该病历共包含 7200 个切窗样本。
正在挂载数据管道: chb06_04_X.npy
挂载成功！该病历共包含 6630 个切窗样本。
正在挂载数据管道: chb06_05_X.npy
挂载成功！该病历共包含 7200 个切窗样本。
正在挂载数据管道: chb06_06_X.npy
挂载成功！该病历共包含 7200 个切窗样本。
正在挂载数据管道: chb06_07_X.npy
挂载成功！该病历共包含 7200 个切窗样本。
正在挂载数据管道: chb06_08_X.npy
挂载成功！该病历共包含 7200 个切窗样本。
正在挂载数据管道: chb06_09_X.npy
挂载成功！该病历共包含 7200 个切窗样本。
正在挂载数据管道: chb06_10_X.npy
挂载成功！该病历共包含 7200 个切窗样本。
正在挂载数据管道: chb06_12_X.npy
挂载成功！该病历共包含 7200 个切窗样本。
正在挂载数据管道: chb06_13_X.npy
挂载成功！该病历共包含 7200 个切窗样本。
正在挂载数据管道: chb06_14_X.npy
挂载成功！该病历共包含 7200 个切窗样本。
正在挂载数据管道: chb06_15_X.npy
挂载成功！该病历共包含 7200 个切窗样本。
正在挂载数据管道: chb06_16_X.npy
挂载成功！该病历共包含 1515 个切窗样本。
正在挂载数据管道: chb06_17_X.npy
挂载成功！该病历共包含 7200 个切窗样本。
正在挂载数据管道: chb06_18_X.npy
挂载成功！该病历共包含 3964 个切窗样本。
正在挂载数据管道: chb06_24_X.npy
挂载成功！该病历共包含 7200 个切窗样本。
正在挂载数据管道: chb07_01_X.npy
挂载成功！该病历共包含 7205 个切窗样本。
正在挂载数据管道: chb07_02_X.npy
挂载成功！该病历共包含 7200 个切窗样本。
正在挂载数据管道: chb07_03_X.npy
挂载成功！该病历共包含 7200 个切窗样本。
正在挂载数据管道: chb07_04_X.npy
挂载成功！该病历共包含 7200 个切窗样本。
正在挂载数据管道: chb07_05_X.npy
挂载成功！该病历共包含 7200 个切窗样本。
正在挂载数据管道: chb07_06_X.npy
挂载成功！该病历共包含 2460 个切窗样本。
正在挂载数据管道: chb07_07_X.npy
挂载成功！该病历共包含 2330 个切窗样本。
正在挂载数据管道: chb07_08_X.npy
挂载成功！该病历共包含 7200 个切窗样本。
正在挂载数据管道: chb07_09_X.npy
挂载成功！该病历共包含 7200 个切窗样本。
正在挂载数据管道: chb07_10_X.npy
挂载成功！该病历共包含 7200 个切窗样本。
正在挂载数据管道: chb07_11_X.npy
挂载成功！该病历共包含 7200 个切窗样本。
正在挂载数据管道: chb07_12_X.npy
挂载成功！该病历共包含 7200 个切窗样本。
正在挂载数据管道: chb07_13_X.npy
挂载成功！该病历共包含 1863 个切窗样本。
正在挂载数据管道: chb07_14_X.npy
挂载成功！该病历共包含 7200 个切窗样本。
正在挂载数据管道: chb07_15_X.npy
挂载成功！该病历共包含 7200 个切窗样本。
正在挂载数据管道: chb07_16_X.npy
挂载成功！该病历共包含 7200 个切窗样本。
正在挂载数据管道: chb07_17_X.npy
挂载成功！该病历共包含 7200 个切窗样本。
正在挂载数据管道: chb07_18_X.npy
挂载成功！该病历共包含 6030 个切窗样本。
正在挂载数据管道: chb07_19_X.npy
挂载成功！该病历共包含 7205 个切窗样本。
正在挂载数据管道: chb08_02_X.npy
挂载成功！该病历共包含 1800 个切窗样本。
正在挂载数据管道: chb08_03_X.npy
挂载成功！该病历共包含 1800 个切窗样本。
正在挂载数据管道: chb08_04_X.npy
挂载成功！该病历共包含 1800 个切窗样本。
正在挂载数据管道: chb08_05_X.npy
挂载成功！该病历共包含 1800 个切窗样本。
正在挂载数据管道: chb08_10_X.npy
挂载成功！该病历共包含 1800 个切窗样本。
正在挂载数据管道: chb08_11_X.npy
挂载成功！该病历共包含 1800 个切窗样本。
正在挂载数据管道: chb08_12_X.npy
挂载成功！该病历共包含 1800 个切窗样本。
正在挂载数据管道: chb08_13_X.npy
挂载成功！该病历共包含 1800 个切窗样本。
正在挂载数据管道: chb08_14_X.npy
挂载成功！该病历共包含 1800 个切窗样本。
正在挂载数据管道: chb08_15_X.npy
挂载成功！该病历共包含 1800 个切窗样本。
正在挂载数据管道: chb08_16_X.npy
挂载成功！该病历共包含 1800 个切窗样本。
正在挂载数据管道: chb08_17_X.npy
挂载成功！该病历共包含 1800 个切窗样本。
正在挂载数据管道: chb08_18_X.npy
挂载成功！该病历共包含 1800 个切窗样本。
正在挂载数据管道: chb08_19_X.npy
挂载成功！该病历共包含 1800 个切窗样本。
正在挂载数据管道: chb08_20_X.npy
挂载成功！该病历共包含 1800 个切窗样本。
正在挂载数据管道: chb08_21_X.npy
挂载成功！该病历共包含 1800 个切窗样本。
正在挂载数据管道: chb08_22_X.npy
挂载成功！该病历共包含 1800 个切窗样本。
正在挂载数据管道: chb08_23_X.npy
挂载成功！该病历共包含 1800 个切窗样本。
正在挂载数据管道: chb08_24_X.npy
挂载成功！该病历共包含 1800 个切窗样本。
正在挂载数据管道: chb08_29_X.npy
挂载成功！该病历共包含 1811 个切窗样本。
正在挂载数据管道: chb09_01_X.npy
挂载成功！该病历共包含 4011 个切窗样本。
正在挂载数据管道: chb09_02_X.npy
挂载成功！该病历共包含 7199 个切窗样本。
正在挂载数据管道: chb09_03_X.npy
挂载成功！该病历共包含 7200 个切窗样本。
正在挂载数据管道: chb09_04_X.npy
挂载成功！该病历共包含 7207 个切窗样本。
正在挂载数据管道: chb09_05_X.npy
挂载成功！该病历共包含 7200 个切窗样本。
正在挂载数据管道: chb09_06_X.npy
挂载成功！该病历共包含 7199 个切窗样本。
正在挂载数据管道: chb09_07_X.npy
挂载成功！该病历共包含 7200 个切窗样本。
正在挂载数据管道: chb09_08_X.npy
挂载成功！该病历共包含 7200 个切窗样本。
正在挂载数据管道: chb09_09_X.npy
挂载成功！该病历共包含 7200 个切窗样本。
正在挂载数据管道: chb09_10_X.npy
挂载成功！该病历共包含 7200 个切窗样本。
正在挂载数据管道: chb09_11_X.npy
挂载成功！该病历共包含 7200 个切窗样本。
正在挂载数据管道: chb09_12_X.npy
挂载成功！该病历共包含 7200 个切窗样本。
正在挂载数据管道: chb09_13_X.npy
挂载成功！该病历共包含 7202 个切窗样本。
正在挂载数据管道: chb09_14_X.npy
挂载成功！该病历共包含 7205 个切窗样本。
正在挂载数据管道: chb09_15_X.npy
挂载成功！该病历共包含 7210 个切窗样本。
正在挂载数据管道: chb09_16_X.npy
挂载成功！该病历共包含 6795 个切窗样本。
正在挂载数据管道: chb09_17_X.npy
挂载成功！该病历共包含 487 个切窗样本。
正在挂载数据管道: chb09_18_X.npy
挂载成功！该病历共包含 7200 个切窗样本。
正在挂载数据管道: chb09_19_X.npy
挂载成功！该病历共包含 2850 个切窗样本。
正在挂载数据管道: chb10_01_X.npy
挂载成功！该病历共包含 3610 个切窗样本。
正在挂载数据管道: chb10_02_X.npy
挂载成功！该病历共包含 3600 个切窗样本。
正在挂载数据管道: chb10_03_X.npy
挂载成功！该病历共包含 3600 个切窗样本。
正在挂载数据管道: chb10_04_X.npy
挂载成功！该病历共包含 3600 个切窗样本。
正在挂载数据管道: chb10_05_X.npy
挂载成功！该病历共包含 3600 个切窗样本。
正在挂载数据管道: chb10_06_X.npy
挂载成功！该病历共包含 3600 个切窗样本。
正在挂载数据管道: chb10_07_X.npy
挂载成功！该病历共包含 3600 个切窗样本。
正在挂载数据管道: chb10_08_X.npy
挂载成功！该病历共包含 3600 个切窗样本。
正在挂载数据管道: chb10_12_X.npy
挂载成功！该病历共包含 3600 个切窗样本。
正在挂载数据管道: chb10_13_X.npy
挂载成功！该病历共包含 3600 个切窗样本。
正在挂载数据管道: chb10_14_X.npy
挂载成功！该病历共包含 3600 个切窗样本。
正在挂载数据管道: chb10_15_X.npy
挂载成功！该病历共包含 3600 个切窗样本。
正在挂载数据管道: chb10_16_X.npy
挂载成功！该病历共包含 3600 个切窗样本。
正在挂载数据管道: chb10_17_X.npy
挂载成功！该病历共包含 3600 个切窗样本。
正在挂载数据管道: chb10_18_X.npy
挂载成功！该病历共包含 3600 个切窗样本。
正在挂载数据管道: chb10_19_X.npy
挂载成功！该病历共包含 3600 个切窗样本。
正在挂载数据管道: chb10_20_X.npy
挂载成功！该病历共包含 3606 个切窗样本。
正在挂载数据管道: chb10_21_X.npy
挂载成功！该病历共包含 3600 个切窗样本。
正在挂载数据管道: chb10_22_X.npy
挂载成功！该病历共包含 3600 个切窗样本。
正在挂载数据管道: chb10_27_X.npy
挂载成功！该病历共包含 3609 个切窗样本。
正在挂载数据管道: chb10_28_X.npy
挂载成功！该病历共包含 3600 个切窗样本。
正在挂载数据管道: chb10_30_X.npy
挂载成功！该病历共包含 3606 个切窗样本。
正在挂载数据管道: chb10_31_X.npy
挂载成功！该病历共包含 3610 个切窗样本。
正在挂载数据管道: chb10_38_X.npy
挂载成功！该病历共包含 3600 个切窗样本。
正在挂载数据管道: chb10_89_X.npy
挂载成功！该病历共包含 3600 个切窗样本。
正在挂载数据管道: chb11_01_X.npy
挂载成功！该病历共包含 1799 个切窗样本。
正在挂载数据管道: chb11_02_X.npy
挂载成功！该病历共包含 1800 个切窗样本。
正在挂载数据管道: chb11_03_X.npy
挂载成功！该病历共包含 1800 个切窗样本。
正在挂载数据管道: chb11_04_X.npy
挂载成功！该病历共包含 1800 个切窗样本。
正在挂载数据管道: chb11_05_X.npy
挂载成功！该病历共包含 1800 个切窗样本。
正在挂载数据管道: chb11_06_X.npy
挂载成功！该病历共包含 1800 个切窗样本。
正在挂载数据管道: chb11_07_X.npy
挂载成功！该病历共包含 1800 个切窗样本。
正在挂载数据管道: chb11_08_X.npy
挂载成功！该病历共包含 1800 个切窗样本。
正在挂载数据管道: chb11_09_X.npy
挂载成功！该病历共包含 1800 个切窗样本。
正在挂载数据管道: chb11_10_X.npy
挂载成功！该病历共包含 1800 个切窗样本。
正在挂载数据管道: chb11_11_X.npy
挂载成功！该病历共包含 1800 个切窗样本。
正在挂载数据管道: chb11_12_X.npy
挂载成功！该病历共包含 1800 个切窗样本。
正在挂载数据管道: chb11_13_X.npy
挂载成功！该病历共包含 1800 个切窗样本。
正在挂载数据管道: chb11_14_X.npy
挂载成功！该病历共包含 1800 个切窗样本。
正在挂载数据管道: chb11_15_X.npy
挂载成功！该病历共包含 1800 个切窗样本。
正在挂载数据管道: chb11_16_X.npy
挂载成功！该病历共包含 1800 个切窗样本。
正在挂载数据管道: chb11_17_X.npy
挂载成功！该病历共包含 1800 个切窗样本。
正在挂载数据管道: chb11_18_X.npy
挂载成功！该病历共包含 1800 个切窗样本。
正在挂载数据管道: chb11_19_X.npy
挂载成功！该病历共包含 1800 个切窗样本。
正在挂载数据管道: chb11_24_X.npy
挂载成功！该病历共包含 1800 个切窗样本。
正在挂载数据管道: chb11_25_X.npy
挂载成功！该病历共包含 1800 个切窗样本。
正在挂载数据管道: chb11_26_X.npy
挂载成功！该病历共包含 1800 个切窗样本。
正在挂载数据管道: chb11_27_X.npy
挂载成功！该病历共包含 1800 个切窗样本。
正在挂载数据管道: chb11_53_X.npy
挂载成功！该病历共包含 1800 个切窗样本。
正在挂载数据管道: chb11_54_X.npy
挂载成功！该病历共包含 1800 个切窗样本。
正在挂载数据管道: chb11_55_X.npy
挂载成功！该病历共包含 1800 个切窗样本。
正在挂载数据管道: chb11_56_X.npy
挂载成功！该病历共包含 1800 个切窗样本。
正在挂载数据管道: chb11_58_X.npy
挂载成功！该病历共包含 1800 个切窗样本。
正在挂载数据管道: chb11_60_X.npy
挂载成功！该病历共包含 1800 个切窗样本。
正在挂载数据管道: chb11_61_X.npy
挂载成功！该病历共包含 1800 个切窗样本。
正在挂载数据管道: chb11_62_X.npy
挂载成功！该病历共包含 1800 个切窗样本。
正在挂载数据管道: chb11_63_X.npy
挂载成功！该病历共包含 1800 个切窗样本。
正在挂载数据管道: chb11_82_X.npy
挂载成功！该病历共包含 1800 个切窗样本。
正在挂载数据管道: chb11_92_X.npy
挂载成功！该病历共包含 1800 个切窗样本。
正在挂载数据管道: chb11_99_X.npy
挂载成功！该病历共包含 1429 个切窗样本。
正在挂载数据管道: chb12_06_X.npy
挂载成功！该病历共包含 1803 个切窗样本。
正在挂载数据管道: chb12_08_X.npy
挂载成功！该病历共包含 1800 个切窗样本。
正在挂载数据管道: chb12_09_X.npy
挂载成功！该病历共包含 1806 个切窗样本。
正在挂载数据管道: chb12_10_X.npy
挂载成功！该病历共包含 1805 个切窗样本。
正在挂载数据管道: chb12_11_X.npy
挂载成功！该病历共包含 1215 个切窗样本。
正在挂载数据管道: chb12_19_X.npy
挂载成功！该病历共包含 1800 个切窗样本。
正在挂载数据管道: chb12_20_X.npy
挂载成功！该病历共包含 1800 个切窗样本。
正在挂载数据管道: chb12_21_X.npy
挂载成功！该病历共包含 1800 个切窗样本。
正在挂载数据管道: chb12_23_X.npy
挂载成功！该病历共包含 1800 个切窗样本。
正在挂载数据管道: chb12_24_X.npy
挂载成功！该病历共包含 1800 个切窗样本。
正在挂载数据管道: chb12_32_X.npy
挂载成功！该病历共包含 1800 个切窗样本。
正在挂载数据管道: chb12_33_X.npy
挂载成功！该病历共包含 1800 个切窗样本。
正在挂载数据管道: chb12_34_X.npy
挂载成功！该病历共包含 1800 个切窗样本。
正在挂载数据管道: chb12_35_X.npy
挂载成功！该病历共包含 1800 个切窗样本。
正在挂载数据管道: chb12_36_X.npy
挂载成功！该病历共包含 1800 个切窗样本。
正在挂载数据管道: chb12_37_X.npy
挂载成功！该病历共包含 1808 个切窗样本。
正在挂载数据管道: chb12_38_X.npy
挂载成功！该病历共包含 1800 个切窗样本。
正在挂载数据管道: chb12_39_X.npy
挂载成功！该病历共包含 1800 个切窗样本。
正在挂载数据管道: chb12_40_X.npy
挂载成功！该病历共包含 1800 个切窗样本。
正在挂载数据管道: chb12_41_X.npy
挂载成功！该病历共包含 1800 个切窗样本。
正在挂载数据管道: chb12_42_X.npy
挂载成功！该病历共包含 1800 个切窗样本。
正在挂载数据管道: chb13_02_X.npy
挂载成功！该病历共包含 1800 个切窗样本。
正在挂载数据管道: chb13_03_X.npy
挂载成功！该病历共包含 1800 个切窗样本。
正在挂载数据管道: chb13_04_X.npy
挂载成功！该病历共包含 1800 个切窗样本。
正在挂载数据管道: chb13_05_X.npy
挂载成功！该病历共包含 1800 个切窗样本。
正在挂载数据管道: chb13_06_X.npy
挂载成功！该病历共包含 1800 个切窗样本。
正在挂载数据管道: chb13_07_X.npy
挂载成功！该病历共包含 1800 个切窗样本。
正在挂载数据管道: chb13_08_X.npy
挂载成功！该病历共包含 1800 个切窗样本。
正在挂载数据管道: chb13_09_X.npy
挂载成功！该病历共包含 1800 个切窗样本。
正在挂载数据管道: chb13_10_X.npy
挂载成功！该病历共包含 1800 个切窗样本。
正在挂载数据管道: chb13_11_X.npy
挂载成功！该病历共包含 1800 个切窗样本。
正在挂载数据管道: chb13_12_X.npy
挂载成功！该病历共包含 1800 个切窗样本。
正在挂载数据管道: chb13_13_X.npy
挂载成功！该病历共包含 1800 个切窗样本。
正在挂载数据管道: chb13_14_X.npy
挂载成功！该病历共包含 1800 个切窗样本。
正在挂载数据管道: chb13_15_X.npy
挂载成功！该病历共包含 1800 个切窗样本。
正在挂载数据管道: chb13_16_X.npy
挂载成功！该病历共包含 1800 个切窗样本。
正在挂载数据管道: chb13_18_X.npy
挂载成功！该病历共包含 1800 个切窗样本。
正在挂载数据管道: chb13_19_X.npy
挂载成功！该病历共包含 1800 个切窗样本。
正在挂载数据管道: chb13_21_X.npy
挂载成功！该病历共包含 1800 个切窗样本。
正在挂载数据管道: chb13_22_X.npy
挂载成功！该病历共包含 1800 个切窗样本。
正在挂载数据管道: chb13_24_X.npy
挂载成功！该病历共包含 1800 个切窗样本。
正在挂载数据管道: chb13_30_X.npy
挂载成功！该病历共包含 1800 个切窗样本。
正在挂载数据管道: chb13_36_X.npy
挂载成功！该病历共包含 1800 个切窗样本。
正在挂载数据管道: chb13_37_X.npy
挂载成功！该病历共包含 1800 个切窗样本。
正在挂载数据管道: chb13_38_X.npy
挂载成功！该病历共包含 1800 个切窗样本。
正在挂载数据管道: chb13_39_X.npy
挂载成功！该病历共包含 1800 个切窗样本。
正在挂载数据管道: chb13_40_X.npy
挂载成功！该病历共包含 1800 个切窗样本。
正在挂载数据管道: chb13_47_X.npy
挂载成功！该病历共包含 1800 个切窗样本。
正在挂载数据管道: chb13_55_X.npy
挂载成功！该病历共包含 1800 个切窗样本。
正在挂载数据管道: chb13_56_X.npy
挂载成功！该病历共包含 1800 个切窗样本。
正在挂载数据管道: chb13_58_X.npy
挂载成功！该病历共包含 1800 个切窗样本。
正在挂载数据管道: chb13_59_X.npy
挂载成功！该病历共包含 1800 个切窗样本。
正在挂载数据管道: chb13_60_X.npy
挂载成功！该病历共包含 1800 个切窗样本。
正在挂载数据管道: chb13_62_X.npy
挂载成功！该病历共包含 1800 个切窗样本。
正在挂载数据管道: chb14_01_X.npy
挂载成功！该病历共包含 1800 个切窗样本。
正在挂载数据管道: chb14_02_X.npy
挂载成功！该病历共包含 1800 个切窗样本。
正在挂载数据管道: chb14_03_X.npy
挂载成功！该病历共包含 1800 个切窗样本。
正在挂载数据管道: chb14_04_X.npy
挂载成功！该病历共包含 1800 个切窗样本。
正在挂载数据管道: chb14_06_X.npy
挂载成功！该病历共包含 1800 个切窗样本。
正在挂载数据管道: chb14_07_X.npy
挂载成功！该病历共包含 1800 个切窗样本。
正在挂载数据管道: chb14_11_X.npy
挂载成功！该病历共包含 1800 个切窗样本。
正在挂载数据管道: chb14_12_X.npy
挂载成功！该病历共包含 1800 个切窗样本。
正在挂载数据管道: chb14_13_X.npy
挂载成功！该病历共包含 1800 个切窗样本。
正在挂载数据管道: chb14_14_X.npy
挂载成功！该病历共包含 1800 个切窗样本。
正在挂载数据管道: chb14_16_X.npy
挂载成功！该病历共包含 1800 个切窗样本。
正在挂载数据管道: chb14_17_X.npy
挂载成功！该病历共包含 1800 个切窗样本。
正在挂载数据管道: chb14_18_X.npy
挂载成功！该病历共包含 1800 个切窗样本。
正在挂载数据管道: chb14_19_X.npy
挂载成功！该病历共包含 1800 个切窗样本。
正在挂载数据管道: chb14_20_X.npy
挂载成功！该病历共包含 1800 个切窗样本。
正在挂载数据管道: chb14_22_X.npy
挂载成功！该病历共包含 1800 个切窗样本。
正在挂载数据管道: chb14_24_X.npy
挂载成功！该病历共包含 1800 个切窗样本。
正在挂载数据管道: chb14_25_X.npy
挂载成功！该病历共包含 1800 个切窗样本。
正在挂载数据管道: chb14_26_X.npy
挂载成功！该病历共包含 1800 个切窗样本。
正在挂载数据管道: chb14_27_X.npy
挂载成功！该病历共包含 1800 个切窗样本。
正在挂载数据管道: chb14_29_X.npy
挂载成功！该病历共包含 1800 个切窗样本。
正在挂载数据管道: chb14_30_X.npy
挂载成功！该病历共包含 1800 个切窗样本。
正在挂载数据管道: chb14_32_X.npy
挂载成功！该病历共包含 1800 个切窗样本。
正在挂载数据管道: chb14_37_X.npy
挂载成功！该病历共包含 1800 个切窗样本。
正在挂载数据管道: chb14_39_X.npy
挂载成功！该病历共包含 1800 个切窗样本。
正在挂载数据管道: chb14_42_X.npy
挂载成功！该病历共包含 1800 个切窗样本。
正在挂载数据管道: chb15_01_X.npy
挂载成功！该病历共包含 1801 个切窗样本。
正在挂载数据管道: chb15_02_X.npy
挂载成功！该病历共包含 1800 个切窗样本。
正在挂载数据管道: chb15_03_X.npy
挂载成功！该病历共包含 1800 个切窗样本。
正在挂载数据管道: chb15_04_X.npy
挂载成功！该病历共包含 1800 个切窗样本。
正在挂载数据管道: chb15_05_X.npy
挂载成功！该病历共包含 1800 个切窗样本。
正在挂载数据管道: chb15_06_X.npy
挂载成功！该病历共包含 1800 个切窗样本。
正在挂载数据管道: chb15_07_X.npy
挂载成功！该病历共包含 1800 个切窗样本。
正在挂载数据管道: chb15_08_X.npy
挂载成功！该病历共包含 1800 个切窗样本。
正在挂载数据管道: chb15_09_X.npy
挂载成功！该病历共包含 1800 个切窗样本。
正在挂载数据管道: chb15_10_X.npy
挂载成功！该病历共包含 1800 个切窗样本。
正在挂载数据管道: chb15_11_X.npy
挂载成功！该病历共包含 1800 个切窗样本。
正在挂载数据管道: chb15_12_X.npy
挂载成功！该病历共包含 1800 个切窗样本。
正在挂载数据管道: chb15_13_X.npy
挂载成功！该病历共包含 1800 个切窗样本。
正在挂载数据管道: chb15_14_X.npy
挂载成功！该病历共包含 1800 个切窗样本。
正在挂载数据管道: chb15_15_X.npy
挂载成功！该病历共包含 1800 个切窗样本。
正在挂载数据管道: chb15_16_X.npy
挂载成功！该病历共包含 1800 个切窗样本。
正在挂载数据管道: chb15_17_X.npy
挂载成功！该病历共包含 1800 个切窗样本。
正在挂载数据管道: chb15_19_X.npy
挂载成功！该病历共包含 1800 个切窗样本。
正在挂载数据管道: chb15_20_X.npy
挂载成功！该病历共包含 1800 个切窗样本。
正在挂载数据管道: chb15_22_X.npy
挂载成功！该病历共包含 1800 个切窗样本。
正在挂载数据管道: chb15_26_X.npy
挂载成功！该病历共包含 1800 个切窗样本。
正在挂载数据管道: chb15_28_X.npy
挂载成功！该病历共包含 1800 个切窗样本。
正在挂载数据管道: chb15_29_X.npy
挂载成功！该病历共包含 1800 个切窗样本。
正在挂载数据管道: chb15_30_X.npy
挂载成功！该病历共包含 1800 个切窗样本。
正在挂载数据管道: chb15_31_X.npy
挂载成功！该病历共包含 1800 个切窗样本。
正在挂载数据管道: chb15_32_X.npy
挂载成功！该病历共包含 1800 个切窗样本。
正在挂载数据管道: chb15_33_X.npy
挂载成功！该病历共包含 1800 个切窗样本。
正在挂载数据管道: chb15_35_X.npy
挂载成功！该病历共包含 1800 个切窗样本。
正在挂载数据管道: chb15_37_X.npy
挂载成功！该病历共包含 1800 个切窗样本。
正在挂载数据管道: chb15_40_X.npy
挂载成功！该病历共包含 1800 个切窗样本。
正在挂载数据管道: chb15_45_X.npy
挂载成功！该病历共包含 1800 个切窗样本。
正在挂载数据管道: chb15_46_X.npy
挂载成功！该病历共包含 1800 个切窗样本。
正在挂载数据管道: chb15_49_X.npy
挂载成功！该病历共包含 1812 个切窗样本。
正在挂载数据管道: chb15_50_X.npy
挂载成功！该病历共包含 1800 个切窗样本。
正在挂载数据管道: chb15_51_X.npy
挂载成功！该病历共包含 1800 个切窗样本。
正在挂载数据管道: chb15_52_X.npy
挂载成功！该病历共包含 1804 个切窗样本。
正在挂载数据管道: chb15_54_X.npy
挂载成功！该病历共包含 1800 个切窗样本。
正在挂载数据管道: chb15_61_X.npy
挂载成功！该病历共包含 1800 个切窗样本。
正在挂载数据管道: chb15_62_X.npy
挂载成功！该病历共包含 1800 个切窗样本。
正在挂载数据管道: chb15_63_X.npy
挂载成功！该病历共包含 1800 个切窗样本。
正在挂载数据管道: chb16_01_X.npy
挂载成功！该病历共包含 1800 个切窗样本。
正在挂载数据管道: chb16_02_X.npy
挂载成功！该病历共包含 1800 个切窗样本。
正在挂载数据管道: chb16_03_X.npy
挂载成功！该病历共包含 1800 个切窗样本。
正在挂载数据管道: chb16_04_X.npy
挂载成功！该病历共包含 1800 个切窗样本。
正在挂载数据管道: chb16_05_X.npy
挂载成功！该病历共包含 1800 个切窗样本。
正在挂载数据管道: chb16_06_X.npy
挂载成功！该病历共包含 1800 个切窗样本。
正在挂载数据管道: chb16_07_X.npy
挂载成功！该病历共包含 1800 个切窗样本。
正在挂载数据管道: chb16_08_X.npy
挂载成功！该病历共包含 1800 个切窗样本。
正在挂载数据管道: chb16_09_X.npy
挂载成功！该病历共包含 1800 个切窗样本。
正在挂载数据管道: chb16_10_X.npy
挂载成功！该病历共包含 1800 个切窗样本。
正在挂载数据管道: chb16_11_X.npy
挂载成功！该病历共包含 1800 个切窗样本。
正在挂载数据管道: chb16_12_X.npy
挂载成功！该病历共包含 1800 个切窗样本。
正在挂载数据管道: chb16_13_X.npy
挂载成功！该病历共包含 1800 个切窗样本。
正在挂载数据管道: chb16_14_X.npy
挂载成功！该病历共包含 1800 个切窗样本。
正在挂载数据管道: chb16_15_X.npy
挂载成功！该病历共包含 1800 个切窗样本。
正在挂载数据管道: chb16_16_X.npy
挂载成功！该病历共包含 1800 个切窗样本。
正在挂载数据管道: chb16_17_X.npy
挂载成功！该病历共包含 1800 个切窗样本。
正在挂载数据管道: chb16_18_X.npy
挂载成功！该病历共包含 1800 个切窗样本。
正在挂载数据管道: chb16_19_X.npy
挂载成功！该病历共包含 1800 个切窗样本。
正在挂载数据管道: chb17a_03_X.npy
挂载成功！该病历共包含 1800 个切窗样本。
正在挂载数据管道: chb17a_04_X.npy
挂载成功！该病历共包含 1800 个切窗样本。
正在挂载数据管道: chb17a_05_X.npy
挂载成功！该病历共包含 1800 个切窗样本。
正在挂载数据管道: chb17a_06_X.npy
挂载成功！该病历共包含 1800 个切窗样本。
正在挂载数据管道: chb17a_08_X.npy
挂载成功！该病历共包含 1800 个切窗样本。
正在挂载数据管道: chb17b_57_X.npy
挂载成功！该病历共包含 1800 个切窗样本。
正在挂载数据管道: chb17b_58_X.npy
挂载成功！该病历共包含 1800 个切窗样本。
正在挂载数据管道: chb17b_59_X.npy
挂载成功！该病历共包含 1800 个切窗样本。
正在挂载数据管道: chb17b_60_X.npy
挂载成功！该病历共包含 1800 个切窗样本。
正在挂载数据管道: chb17b_63_X.npy
挂载成功！该病历共包含 1812 个切窗样本。
正在挂载数据管道: chb17b_67_X.npy
挂载成功！该病历共包含 1800 个切窗样本。
正在挂载数据管道: chb17b_68_X.npy
挂载成功！该病历共包含 1800 个切窗样本。
正在挂载数据管道: chb17b_69_X.npy
挂载成功！该病历共包含 1800 个切窗样本。
正在挂载数据管道: chb17c_02_X.npy
挂载成功！该病历共包含 1800 个切窗样本。
正在挂载数据管道: chb17c_03_X.npy
挂载成功！该病历共包含 1800 个切窗样本。
正在挂载数据管道: chb17c_04_X.npy
挂载成功！该病历共包含 1800 个切窗样本。
正在挂载数据管道: chb17c_05_X.npy
挂载成功！该病历共包含 1800 个切窗样本。
正在挂载数据管道: chb17c_06_X.npy
挂载成功！该病历共包含 1800 个切窗样本。
正在挂载数据管道: chb17c_07_X.npy
挂载成功！该病历共包含 1800 个切窗样本。
正在挂载数据管道: chb17c_08_X.npy
挂载成功！该病历共包含 1800 个切窗样本。
正在挂载数据管道: chb17c_13_X.npy
挂载成功！该病历共包含 1800 个切窗样本。
正在挂载数据管道: chb18_01_X.npy
挂载成功！该病历共包含 1805 个切窗样本。
正在挂载数据管道: chb18_02_X.npy
挂载成功！该病历共包含 1800 个切窗样本。
正在挂载数据管道: chb18_03_X.npy
挂载成功！该病历共包含 1800 个切窗样本。
正在挂载数据管道: chb18_04_X.npy
挂载成功！该病历共包含 1800 个切窗样本。
正在挂载数据管道: chb18_05_X.npy
挂载成功！该病历共包含 1800 个切窗样本。
正在挂载数据管道: chb18_06_X.npy
挂载成功！该病历共包含 1800 个切窗样本。
正在挂载数据管道: chb18_07_X.npy
挂载成功！该病历共包含 1800 个切窗样本。
正在挂载数据管道: chb18_08_X.npy
挂载成功！该病历共包含 1800 个切窗样本。
正在挂载数据管道: chb18_09_X.npy
挂载成功！该病历共包含 1800 个切窗样本。
正在挂载数据管道: chb18_10_X.npy
挂载成功！该病历共包含 1800 个切窗样本。
正在挂载数据管道: chb18_11_X.npy
挂载成功！该病历共包含 1800 个切窗样本。
正在挂载数据管道: chb18_12_X.npy
挂载成功！该病历共包含 1800 个切窗样本。
正在挂载数据管道: chb18_13_X.npy
挂载成功！该病历共包含 1800 个切窗样本。
正在挂载数据管道: chb18_14_X.npy
挂载成功！该病历共包含 1800 个切窗样本。
正在挂载数据管道: chb18_15_X.npy
挂载成功！该病历共包含 1800 个切窗样本。
正在挂载数据管道: chb18_16_X.npy
挂载成功！该病历共包含 1800 个切窗样本。
正在挂载数据管道: chb18_17_X.npy
挂载成功！该病历共包含 1800 个切窗样本。
正在挂载数据管道: chb18_18_X.npy
挂载成功！该病历共包含 1800 个切窗样本。
正在挂载数据管道: chb18_19_X.npy
挂载成功！该病历共包含 1800 个切窗样本。
正在挂载数据管道: chb18_20_X.npy
挂载成功！该病历共包含 1800 个切窗样本。
正在挂载数据管道: chb18_21_X.npy
挂载成功！该病历共包含 1800 个切窗样本。
正在挂载数据管道: chb18_22_X.npy
挂载成功！该病历共包含 1800 个切窗样本。
正在挂载数据管道: chb18_23_X.npy
挂载成功！该病历共包含 1800 个切窗样本。
正在挂载数据管道: chb18_24_X.npy
挂载成功！该病历共包含 1800 个切窗样本。
正在挂载数据管道: chb18_25_X.npy
挂载成功！该病历共包含 1800 个切窗样本。
正在挂载数据管道: chb18_26_X.npy
挂载成功！该病历共包含 1800 个切窗样本。
正在挂载数据管道: chb18_27_X.npy
挂载成功！该病历共包含 1800 个切窗样本。
正在挂载数据管道: chb18_28_X.npy
挂载成功！该病历共包含 1800 个切窗样本。
正在挂载数据管道: chb18_29_X.npy
挂载成功！该病历共包含 1800 个切窗样本。
正在挂载数据管道: chb18_30_X.npy
挂载成功！该病历共包含 1800 个切窗样本。
正在挂载数据管道: chb18_31_X.npy
挂载成功！该病历共包含 1137 个切窗样本。
正在挂载数据管道: chb18_32_X.npy
挂载成功！该病历共包含 1800 个切窗样本。
正在挂载数据管道: chb18_33_X.npy
挂载成功！该病历共包含 1800 个切窗样本。
正在挂载数据管道: chb18_34_X.npy
挂载成功！该病历共包含 1800 个切窗样本。
正在挂载数据管道: chb18_35_X.npy
挂载成功！该病历共包含 1800 个切窗样本。
正在挂载数据管道: chb18_36_X.npy
挂载成功！该病历共包含 1800 个切窗样本。
正在挂载数据管道: chb19_01_X.npy
挂载成功！该病历共包含 1800 个切窗样本。
正在挂载数据管道: chb19_02_X.npy
挂载成功！该病历共包含 1800 个切窗样本。
正在挂载数据管道: chb19_03_X.npy
挂载成功！该病历共包含 1800 个切窗样本。
正在挂载数据管道: chb19_04_X.npy
挂载成功！该病历共包含 1800 个切窗样本。
正在挂载数据管道: chb19_05_X.npy
挂载成功！该病历共包含 1800 个切窗样本。
正在挂载数据管道: chb19_06_X.npy
挂载成功！该病历共包含 1800 个切窗样本。
正在挂载数据管道: chb19_07_X.npy
挂载成功！该病历共包含 1800 个切窗样本。
正在挂载数据管道: chb19_08_X.npy
挂载成功！该病历共包含 1800 个切窗样本。
正在挂载数据管道: chb19_09_X.npy
挂载成功！该病历共包含 1800 个切窗样本。
正在挂载数据管道: chb19_10_X.npy
挂载成功！该病历共包含 1800 个切窗样本。
正在挂载数据管道: chb19_11_X.npy
挂载成功！该病历共包含 1800 个切窗样本。
正在挂载数据管道: chb19_12_X.npy
挂载成功！该病历共包含 1800 个切窗样本。
正在挂载数据管道: chb19_13_X.npy
挂载成功！该病历共包含 1800 个切窗样本。
正在挂载数据管道: chb19_14_X.npy
挂载成功！该病历共包含 1800 个切窗样本。
正在挂载数据管道: chb19_15_X.npy
挂载成功！该病历共包含 1800 个切窗样本。
正在挂载数据管道: chb19_16_X.npy
挂载成功！该病历共包含 1800 个切窗样本。
正在挂载数据管道: chb19_17_X.npy
挂载成功！该病历共包含 1800 个切窗样本。
正在挂载数据管道: chb19_18_X.npy
挂载成功！该病历共包含 1800 个切窗样本。
正在挂载数据管道: chb19_19_X.npy
挂载成功！该病历共包含 1800 个切窗样本。
正在挂载数据管道: chb19_20_X.npy
挂载成功！该病历共包含 1800 个切窗样本。
正在挂载数据管道: chb19_21_X.npy
挂载成功！该病历共包含 1800 个切窗样本。
正在挂载数据管道: chb19_22_X.npy
挂载成功！该病历共包含 1800 个切窗样本。
正在挂载数据管道: chb19_23_X.npy
挂载成功！该病历共包含 1800 个切窗样本。
正在挂载数据管道: chb19_24_X.npy
挂载成功！该病历共包含 1800 个切窗样本。
正在挂载数据管道: chb19_25_X.npy
挂载成功！该病历共包含 1800 个切窗样本。
正在挂载数据管道: chb19_26_X.npy
挂载成功！该病历共包含 1800 个切窗样本。
正在挂载数据管道: chb19_27_X.npy
挂载成功！该病历共包含 1800 个切窗样本。
正在挂载数据管道: chb19_28_X.npy
挂载成功！该病历共包含 1806 个切窗样本。
正在挂载数据管道: chb19_29_X.npy
挂载成功！该病历共包含 1800 个切窗样本。
正在挂载数据管道: chb19_30_X.npy
挂载成功！该病历共包含 1667 个切窗样本。
正在挂载数据管道: chb20_01_X.npy
挂载成功！该病历共包含 1803 个切窗样本。
正在挂载数据管道: chb20_02_X.npy
挂载成功！该病历共包含 1800 个切窗样本。
正在挂载数据管道: chb20_03_X.npy
挂载成功！该病历共包含 1800 个切窗样本。
正在挂载数据管道: chb20_04_X.npy
挂载成功！该病历共包含 1800 个切窗样本。
正在挂载数据管道: chb20_05_X.npy
挂载成功！该病历共包含 1800 个切窗样本。
正在挂载数据管道: chb20_06_X.npy
挂载成功！该病历共包含 1800 个切窗样本。
正在挂载数据管道: chb20_07_X.npy
挂载成功！该病历共包含 1800 个切窗样本。
正在挂载数据管道: chb20_08_X.npy
挂载成功！该病历共包含 1800 个切窗样本。
正在挂载数据管道: chb20_11_X.npy
挂载成功！该病历共包含 1800 个切窗样本。
正在挂载数据管道: chb20_12_X.npy
挂载成功！该病历共包含 1800 个切窗样本。
正在挂载数据管道: chb20_13_X.npy
挂载成功！该病历共包含 1800 个切窗样本。
正在挂载数据管道: chb20_14_X.npy
挂载成功！该病历共包含 1800 个切窗样本。
正在挂载数据管道: chb20_15_X.npy
挂载成功！该病历共包含 1800 个切窗样本。
正在挂载数据管道: chb20_16_X.npy
挂载成功！该病历共包含 1734 个切窗样本。
正在挂载数据管道: chb20_17_X.npy
挂载成功！该病历共包含 1800 个切窗样本。
正在挂载数据管道: chb20_21_X.npy
挂载成功！该病历共包含 1809 个切窗样本。
正在挂载数据管道: chb20_22_X.npy
挂载成功！该病历共包含 371 个切窗样本。
正在挂载数据管道: chb20_23_X.npy
挂载成功！该病历共包含 1482 个切窗样本。
正在挂载数据管道: chb20_25_X.npy
挂载成功！该病历共包含 1800 个切窗样本。
正在挂载数据管道: chb20_26_X.npy
挂载成功！该病历共包含 1800 个切窗样本。
正在挂载数据管道: chb20_27_X.npy
挂载成功！该病历共包含 1800 个切窗样本。
正在挂载数据管道: chb20_28_X.npy
挂载成功！该病历共包含 1800 个切窗样本。
正在挂载数据管道: chb20_29_X.npy
挂载成功！该病历共包含 1800 个切窗样本。
正在挂载数据管道: chb20_30_X.npy
挂载成功！该病历共包含 1800 个切窗样本。
正在挂载数据管道: chb20_31_X.npy
挂载成功！该病历共包含 1800 个切窗样本。
正在挂载数据管道: chb20_34_X.npy
挂载成功！该病历共包含 1800 个切窗样本。
正在挂载数据管道: chb20_59_X.npy
挂载成功！该病历共包含 1800 个切窗样本。
正在挂载数据管道: chb20_60_X.npy
挂载成功！该病历共包含 1800 个切窗样本。
正在挂载数据管道: chb20_68_X.npy
挂载成功！该病历共包含 1083 个切窗样本。
正在挂载数据管道: chb21_01_X.npy
挂载成功！该病历共包含 1800 个切窗样本。
正在挂载数据管道: chb21_02_X.npy
挂载成功！该病历共包含 1800 个切窗样本。
正在挂载数据管道: chb21_03_X.npy
挂载成功！该病历共包含 1800 个切窗样本。
正在挂载数据管道: chb21_04_X.npy
挂载成功！该病历共包含 1800 个切窗样本。
正在挂载数据管道: chb21_05_X.npy
挂载成功！该病历共包含 1800 个切窗样本。
正在挂载数据管道: chb21_06_X.npy
挂载成功！该病历共包含 1800 个切窗样本。
正在挂载数据管道: chb21_07_X.npy
挂载成功！该病历共包含 1800 个切窗样本。
正在挂载数据管道: chb21_08_X.npy
挂载成功！该病历共包含 1800 个切窗样本。
正在挂载数据管道: chb21_09_X.npy
挂载成功！该病历共包含 1800 个切窗样本。
正在挂载数据管道: chb21_10_X.npy
挂载成功！该病历共包含 1800 个切窗样本。
正在挂载数据管道: chb21_11_X.npy
挂载成功！该病历共包含 1800 个切窗样本。
正在挂载数据管道: chb21_12_X.npy
挂载成功！该病历共包含 1800 个切窗样本。
正在挂载数据管道: chb21_13_X.npy
挂载成功！该病历共包含 1800 个切窗样本。
正在挂载数据管道: chb21_14_X.npy
挂载成功！该病历共包含 1800 个切窗样本。
正在挂载数据管道: chb21_15_X.npy
挂载成功！该病历共包含 1800 个切窗样本。
正在挂载数据管道: chb21_16_X.npy
挂载成功！该病历共包含 1799 个切窗样本。
正在挂载数据管道: chb21_17_X.npy
挂载成功！该病历共包含 1800 个切窗样本。
正在挂载数据管道: chb21_18_X.npy
挂载成功！该病历共包含 1800 个切窗样本。
正在挂载数据管道: chb21_19_X.npy
挂载成功！该病历共包含 1800 个切窗样本。
正在挂载数据管道: chb21_20_X.npy
挂载成功！该病历共包含 1495 个切窗样本。
正在挂载数据管道: chb21_21_X.npy
挂载成功！该病历共包含 1800 个切窗样本。
正在挂载数据管道: chb21_22_X.npy
挂载成功！该病历共包含 1800 个切窗样本。
正在挂载数据管道: chb21_23_X.npy
挂载成功！该病历共包含 1800 个切窗样本。
正在挂载数据管道: chb21_24_X.npy
挂载成功！该病历共包含 1800 个切窗样本。
正在挂载数据管道: chb21_25_X.npy
挂载成功！该病历共包含 1800 个切窗样本。
正在挂载数据管道: chb21_26_X.npy
挂载成功！该病历共包含 1800 个切窗样本。
正在挂载数据管道: chb21_27_X.npy
挂载成功！该病历共包含 1800 个切窗样本。
正在挂载数据管道: chb21_28_X.npy
挂载成功！该病历共包含 1800 个切窗样本。
正在挂载数据管道: chb21_29_X.npy
挂载成功！该病历共包含 1800 个切窗样本。
正在挂载数据管道: chb21_30_X.npy
挂载成功！该病历共包含 1800 个切窗样本。
正在挂载数据管道: chb21_31_X.npy
挂载成功！该病历共包含 1800 个切窗样本。
正在挂载数据管道: chb21_32_X.npy
挂载成功！该病历共包含 1800 个切窗样本。
正在挂载数据管道: chb21_33_X.npy
挂载成功！该病历共包含 1800 个切窗样本。
正在挂载数据管道: chb22_01_X.npy
挂载成功！该病历共包含 1800 个切窗样本。
正在挂载数据管道: chb22_02_X.npy
挂载成功！该病历共包含 1800 个切窗样本。
正在挂载数据管道: chb22_03_X.npy
挂载成功！该病历共包含 1800 个切窗样本。
正在挂载数据管道: chb22_04_X.npy
挂载成功！该病历共包含 1800 个切窗样本。
正在挂载数据管道: chb22_05_X.npy
挂载成功！该病历共包含 1800 个切窗样本。
正在挂载数据管道: chb22_06_X.npy
挂载成功！该病历共包含 1800 个切窗样本。
正在挂载数据管道: chb22_07_X.npy
挂载成功！该病历共包含 1800 个切窗样本。
正在挂载数据管道: chb22_08_X.npy
挂载成功！该病历共包含 1800 个切窗样本。
正在挂载数据管道: chb22_09_X.npy
挂载成功！该病历共包含 1800 个切窗样本。
正在挂载数据管道: chb22_10_X.npy
挂载成功！该病历共包含 1800 个切窗样本。
正在挂载数据管道: chb22_11_X.npy
挂载成功！该病历共包含 1805 个切窗样本。
正在挂载数据管道: chb22_15_X.npy
挂载成功！该病历共包含 1800 个切窗样本。
正在挂载数据管道: chb22_16_X.npy
挂载成功！该病历共包含 1800 个切窗样本。
正在挂载数据管道: chb22_17_X.npy
挂载成功！该病历共包含 1800 个切窗样本。
正在挂载数据管道: chb22_18_X.npy
挂载成功！该病历共包含 1800 个切窗样本。
正在挂载数据管道: chb22_19_X.npy
挂载成功！该病历共包含 1800 个切窗样本。
正在挂载数据管道: chb22_20_X.npy
挂载成功！该病历共包含 1800 个切窗样本。
正在挂载数据管道: chb22_21_X.npy
挂载成功！该病历共包含 1800 个切窗样本。
正在挂载数据管道: chb22_22_X.npy
挂载成功！该病历共包含 1800 个切窗样本。
正在挂载数据管道: chb22_23_X.npy
挂载成功！该病历共包含 1800 个切窗样本。
正在挂载数据管道: chb22_24_X.npy
挂载成功！该病历共包含 1800 个切窗样本。
正在挂载数据管道: chb22_25_X.npy
挂载成功！该病历共包含 1800 个切窗样本。
正在挂载数据管道: chb22_26_X.npy
挂载成功！该病历共包含 1800 个切窗样本。
正在挂载数据管道: chb22_27_X.npy
挂载成功！该病历共包含 1800 个切窗样本。
正在挂载数据管道: chb22_28_X.npy
挂载成功！该病历共包含 1800 个切窗样本。
正在挂载数据管道: chb22_29_X.npy
挂载成功！该病历共包含 1800 个切窗样本。
正在挂载数据管道: chb22_30_X.npy
挂载成功！该病历共包含 1800 个切窗样本。
正在挂载数据管道: chb22_38_X.npy
挂载成功！该病历共包含 1800 个切窗样本。
正在挂载数据管道: chb22_51_X.npy
挂载成功！该病历共包含 1800 个切窗样本。
正在挂载数据管道: chb22_54_X.npy
挂载成功！该病历共包含 1800 个切窗样本。
正在挂载数据管道: chb22_77_X.npy
挂载成功！该病历共包含 1800 个切窗样本。
正在挂载数据管道: chb23_06_X.npy
挂载成功！该病历共包含 3743 个切窗样本。
正在挂载数据管道: chb23_07_X.npy
挂载成功！该病历共包含 1280 个切窗样本。
正在挂载数据管道: chb23_08_X.npy
挂载成功！该病历共包含 5171 个切窗样本。
正在挂载数据管道: chb23_09_X.npy
挂载成功！该病历共包含 7213 个切窗样本。
正在挂载数据管道: chb23_10_X.npy
挂载成功！该病历共包含 7200 个切窗样本。
正在挂载数据管道: chb23_16_X.npy
挂载成功！该病历共包含 7200 个切窗样本。
正在挂载数据管道: chb23_17_X.npy
挂载成功！该病历共包含 6293 个切窗样本。
正在挂载数据管道: chb23_19_X.npy
挂载成功！该病历共包含 7200 个切窗样本。
正在挂载数据管道: chb23_20_X.npy
挂载成功！该病历共包含 2504 个切窗样本。
正在挂载数据管道: chb24_01_X.npy
挂载成功！该病历共包含 1800 个切窗样本。
正在挂载数据管道: chb24_03_X.npy
挂载成功！该病历共包含 1800 个切窗样本。
正在挂载数据管道: chb24_04_X.npy
挂载成功！该病历共包含 1800 个切窗样本。
正在挂载数据管道: chb24_06_X.npy
挂载成功！该病历共包含 1800 个切窗样本。
正在挂载数据管道: chb24_07_X.npy
挂载成功！该病历共包含 1800 个切窗样本。
正在挂载数据管道: chb24_09_X.npy
挂载成功！该病历共包含 1800 个切窗样本。
正在挂载数据管道: chb24_11_X.npy
挂载成功！该病历共包含 1800 个切窗样本。
正在挂载数据管道: chb24_13_X.npy
挂载成功！该病历共包含 1800 个切窗样本。
正在挂载数据管道: chb24_14_X.npy
挂载成功！该病历共包含 1800 个切窗样本。
正在挂载数据管道: chb24_15_X.npy
挂载成功！该病历共包含 1800 个切窗样本。
正在挂载数据管道: chb24_17_X.npy
挂载成功！该病历共包含 1800 个切窗样本。
正在挂载数据管道: chb24_21_X.npy
挂载成功！该病历共包含 1800 个切窗样本。
训练军团发货完毕！Train: 1334695 窗 | Val: 339432 窗。


[全新启动] 断点续训未开启或无旧存档，无视干扰，开启全新训练流水线...

   [Epoch 1/100] Batch [50/1304] | Train Loss: 0.0220
   [Epoch 1/100] Batch [100/1304] | Train Loss: 0.0300
   [Epoch 1/100] Batch [150/1304] | Train Loss: 0.0047
   [Epoch 1/100] Batch [200/1304] | Train Loss: 0.0155
   [Epoch 1/100] Batch [250/1304] | Train Loss: 0.0228
   [Epoch 1/100] Batch [300/1304] | Train Loss: 0.0230
   [Epoch 1/100] Batch [350/1304] | Train Loss: 0.0151
   [Epoch 1/100] Batch [400/1304] | Train Loss: 0.0123
   [Epoch 1/100] Batch [450/1304] | Train Loss: 0.0223
   [Epoch 1/100] Batch [500/1304] | Train Loss: 0.0178
   [Epoch 1/100] Batch [550/1304] | Train Loss: 0.0058
   [Epoch 1/100] Batch [600/1304] | Train Loss: 0.0045
   [Epoch 1/100] Batch [650/1304] | Train Loss: 0.0509
   [Epoch 1/100] Batch [700/1304] | Train Loss: 0.0163
   [Epoch 1/100] Batch [750/1304] | Train Loss: 0.0224
   [Epoch 1/100] Batch [800/1304] | Train Loss: 0.0265
   [Epoch 1/100] Batch [850/1304] | Train Loss: 0.0089
   [Epoch 1/100] Batch [900/1304] | Train Loss: 0.0244
   [Epoch 1/100] Batch [950/1304] | Train Loss: 0.0079
   [Epoch 1/100] Batch [1000/1304] | Train Loss: 0.0095
   [Epoch 1/100] Batch [1050/1304] | Train Loss: 0.0060
   [Epoch 1/100] Batch [1100/1304] | Train Loss: 0.0249
   [Epoch 1/100] Batch [1150/1304] | Train Loss: 0.0181
   [Epoch 1/100] Batch [1200/1304] | Train Loss: 0.0134
   [Epoch 1/100] Batch [1250/1304] | Train Loss: 0.0333
   [Epoch 1/100] Batch [1300/1304] | Train Loss: 0.0133
Epoch 1 结束，正在进行验证集全量体检...
--------------------------------------------------
   Epoch [1/100] 战报:
   Train Loss: 0.0221 | Val Loss: 0.0380
   Val F1-Score: 0.4534
最新训练进度已存档: /root/autodl-tmp/Graduation_Project/outputs/models/latest_checkpoint.pth
破纪录了！Val F1 从 0.0000 提升至 0.4534，正在保存神级权重...
--------------------------------------------------

   [Epoch 2/100] Batch [50/1304] | Train Loss: 0.0220
   [Epoch 2/100] Batch [100/1304] | Train Loss: 0.0032
   [Epoch 2/100] Batch [150/1304] | Train Loss: 0.0092
   [Epoch 2/100] Batch [200/1304] | Train Loss: 0.0216
   [Epoch 2/100] Batch [250/1304] | Train Loss: 0.0077
   [Epoch 2/100] Batch [300/1304] | Train Loss: 0.0349
   [Epoch 2/100] Batch [350/1304] | Train Loss: 0.0271
   [Epoch 2/100] Batch [400/1304] | Train Loss: 0.0180
   [Epoch 2/100] Batch [450/1304] | Train Loss: 0.0188
   [Epoch 2/100] Batch [500/1304] | Train Loss: 0.0051
   [Epoch 2/100] Batch [550/1304] | Train Loss: 0.0122
   [Epoch 2/100] Batch [600/1304] | Train Loss: 0.0075
   [Epoch 2/100] Batch [650/1304] | Train Loss: 0.0240
   [Epoch 2/100] Batch [700/1304] | Train Loss: 0.0292
   [Epoch 2/100] Batch [750/1304] | Train Loss: 0.0082
   [Epoch 2/100] Batch [800/1304] | Train Loss: 0.0197
   [Epoch 2/100] Batch [850/1304] | Train Loss: 0.0022
   [Epoch 2/100] Batch [900/1304] | Train Loss: 0.0157
   [Epoch 2/100] Batch [950/1304] | Train Loss: 0.0146
   [Epoch 2/100] Batch [1000/1304] | Train Loss: 0.0212
   [Epoch 2/100] Batch [1050/1304] | Train Loss: 0.0135
   [Epoch 2/100] Batch [1100/1304] | Train Loss: 0.0295
   [Epoch 2/100] Batch [1150/1304] | Train Loss: 0.0019
   [Epoch 2/100] Batch [1200/1304] | Train Loss: 0.0208
   [Epoch 2/100] Batch [1250/1304] | Train Loss: 0.0064
   [Epoch 2/100] Batch [1300/1304] | Train Loss: 0.0311
Epoch 2 结束，正在进行验证集全量体检...
--------------------------------------------------
   Epoch [2/100] 战报:
   Train Loss: 0.0154 | Val Loss: 0.0306
   Val F1-Score: 0.4317
最新训练进度已存档: /root/autodl-tmp/Graduation_Project/outputs/models/latest_checkpoint.pth
早停警告: 连续 1/16 轮未打破记录。
--------------------------------------------------

   [Epoch 3/100] Batch [50/1304] | Train Loss: 0.0099
   [Epoch 3/100] Batch [100/1304] | Train Loss: 0.0086
   [Epoch 3/100] Batch [150/1304] | Train Loss: 0.0085
   [Epoch 3/100] Batch [200/1304] | Train Loss: 0.0247
   [Epoch 3/100] Batch [250/1304] | Train Loss: 0.0074
   [Epoch 3/100] Batch [300/1304] | Train Loss: 0.0107
   [Epoch 3/100] Batch [350/1304] | Train Loss: 0.0133
   [Epoch 3/100] Batch [400/1304] | Train Loss: 0.0120
   [Epoch 3/100] Batch [450/1304] | Train Loss: 0.0234
   [Epoch 3/100] Batch [500/1304] | Train Loss: 0.0123
   [Epoch 3/100] Batch [550/1304] | Train Loss: 0.0363
   [Epoch 3/100] Batch [600/1304] | Train Loss: 0.0382
   [Epoch 3/100] Batch [650/1304] | Train Loss: 0.0257
   [Epoch 3/100] Batch [700/1304] | Train Loss: 0.0191
   [Epoch 3/100] Batch [750/1304] | Train Loss: 0.0056
   [Epoch 3/100] Batch [800/1304] | Train Loss: 0.0271
   [Epoch 3/100] Batch [850/1304] | Train Loss: 0.0243
   [Epoch 3/100] Batch [900/1304] | Train Loss: 0.0149
   [Epoch 3/100] Batch [950/1304] | Train Loss: 0.0157
   [Epoch 3/100] Batch [1000/1304] | Train Loss: 0.0126
   [Epoch 3/100] Batch [1050/1304] | Train Loss: 0.0160
   [Epoch 3/100] Batch [1100/1304] | Train Loss: 0.0064
   [Epoch 3/100] Batch [1150/1304] | Train Loss: 0.0093
   [Epoch 3/100] Batch [1200/1304] | Train Loss: 0.0222
   [Epoch 3/100] Batch [1250/1304] | Train Loss: 0.0098
   [Epoch 3/100] Batch [1300/1304] | Train Loss: 0.0099
Epoch 3 结束，正在进行验证集全量体检...
--------------------------------------------------
   Epoch [3/100] 战报:
   Train Loss: 0.0137 | Val Loss: 0.0343
   Val F1-Score: 0.4825
最新训练进度已存档: /root/autodl-tmp/Graduation_Project/outputs/models/latest_checkpoint.pth
破纪录了！Val F1 从 0.4534 提升至 0.4825，正在保存神级权重...
--------------------------------------------------

   [Epoch 4/100] Batch [50/1304] | Train Loss: 0.0324
   [Epoch 4/100] Batch [100/1304] | Train Loss: 0.0017
   [Epoch 4/100] Batch [150/1304] | Train Loss: 0.0105
   [Epoch 4/100] Batch [200/1304] | Train Loss: 0.0077
   [Epoch 4/100] Batch [250/1304] | Train Loss: 0.0044
   [Epoch 4/100] Batch [300/1304] | Train Loss: 0.0419
   [Epoch 4/100] Batch [350/1304] | Train Loss: 0.0099
   [Epoch 4/100] Batch [400/1304] | Train Loss: 0.0245
   [Epoch 4/100] Batch [450/1304] | Train Loss: 0.0133
   [Epoch 4/100] Batch [500/1304] | Train Loss: 0.0198
   [Epoch 4/100] Batch [550/1304] | Train Loss: 0.0078
   [Epoch 4/100] Batch [600/1304] | Train Loss: 0.0157
   [Epoch 4/100] Batch [650/1304] | Train Loss: 0.0118
   [Epoch 4/100] Batch [700/1304] | Train Loss: 0.0227
   [Epoch 4/100] Batch [750/1304] | Train Loss: 0.0056
   [Epoch 4/100] Batch [800/1304] | Train Loss: 0.0226
   [Epoch 4/100] Batch [850/1304] | Train Loss: 0.0081
   [Epoch 4/100] Batch [900/1304] | Train Loss: 0.0140
   [Epoch 4/100] Batch [950/1304] | Train Loss: 0.0060
   [Epoch 4/100] Batch [1000/1304] | Train Loss: 0.0099
   [Epoch 4/100] Batch [1050/1304] | Train Loss: 0.0063
   [Epoch 4/100] Batch [1100/1304] | Train Loss: 0.0019
   [Epoch 4/100] Batch [1150/1304] | Train Loss: 0.0033
   [Epoch 4/100] Batch [1200/1304] | Train Loss: 0.0189
   [Epoch 4/100] Batch [1250/1304] | Train Loss: 0.0063
   [Epoch 4/100] Batch [1300/1304] | Train Loss: 0.0314
Epoch 4 结束，正在进行验证集全量体检...
--------------------------------------------------
   Epoch [4/100] 战报:
   Train Loss: 0.0127 | Val Loss: 0.0299
   Val F1-Score: 0.5030
最新训练进度已存档: /root/autodl-tmp/Graduation_Project/outputs/models/latest_checkpoint.pth
破纪录了！Val F1 从 0.4825 提升至 0.5030，正在保存神级权重...
--------------------------------------------------

   [Epoch 5/100] Batch [50/1304] | Train Loss: 0.0201
   [Epoch 5/100] Batch [100/1304] | Train Loss: 0.0126
   [Epoch 5/100] Batch [150/1304] | Train Loss: 0.0069
   [Epoch 5/100] Batch [200/1304] | Train Loss: 0.0048
   [Epoch 5/100] Batch [250/1304] | Train Loss: 0.0105
   [Epoch 5/100] Batch [300/1304] | Train Loss: 0.0035
   [Epoch 5/100] Batch [350/1304] | Train Loss: 0.0133
   [Epoch 5/100] Batch [400/1304] | Train Loss: 0.0178
   [Epoch 5/100] Batch [450/1304] | Train Loss: 0.0039
   [Epoch 5/100] Batch [500/1304] | Train Loss: 0.0031
   [Epoch 5/100] Batch [550/1304] | Train Loss: 0.0209
   [Epoch 5/100] Batch [600/1304] | Train Loss: 0.0180
   [Epoch 5/100] Batch [650/1304] | Train Loss: 0.0064
   [Epoch 5/100] Batch [700/1304] | Train Loss: 0.0154
   [Epoch 5/100] Batch [750/1304] | Train Loss: 0.0276
   [Epoch 5/100] Batch [800/1304] | Train Loss: 0.0062
   [Epoch 5/100] Batch [850/1304] | Train Loss: 0.0012
   [Epoch 5/100] Batch [900/1304] | Train Loss: 0.0173
   [Epoch 5/100] Batch [950/1304] | Train Loss: 0.0111
   [Epoch 5/100] Batch [1000/1304] | Train Loss: 0.0044
   [Epoch 5/100] Batch [1050/1304] | Train Loss: 0.0140
   [Epoch 5/100] Batch [1100/1304] | Train Loss: 0.0071
   [Epoch 5/100] Batch [1150/1304] | Train Loss: 0.0053
   [Epoch 5/100] Batch [1200/1304] | Train Loss: 0.0111
   [Epoch 5/100] Batch [1250/1304] | Train Loss: 0.0038
   [Epoch 5/100] Batch [1300/1304] | Train Loss: 0.0262
Epoch 5 结束，正在进行验证集全量体检...
--------------------------------------------------
   Epoch [5/100] 战报:
   Train Loss: 0.0117 | Val Loss: 0.0269
   Val F1-Score: 0.4735
最新训练进度已存档: /root/autodl-tmp/Graduation_Project/outputs/models/latest_checkpoint.pth
早停警告: 连续 1/16 轮未打破记录。
--------------------------------------------------

   [Epoch 6/100] Batch [50/1304] | Train Loss: 0.0125
   [Epoch 6/100] Batch [100/1304] | Train Loss: 0.0073
   [Epoch 6/100] Batch [150/1304] | Train Loss: 0.0161
   [Epoch 6/100] Batch [200/1304] | Train Loss: 0.0042
   [Epoch 6/100] Batch [250/1304] | Train Loss: 0.0204
   [Epoch 6/100] Batch [300/1304] | Train Loss: 0.0010
   [Epoch 6/100] Batch [350/1304] | Train Loss: 0.0022
   [Epoch 6/100] Batch [400/1304] | Train Loss: 0.0042
   [Epoch 6/100] Batch [450/1304] | Train Loss: 0.0284
   [Epoch 6/100] Batch [500/1304] | Train Loss: 0.0046
   [Epoch 6/100] Batch [550/1304] | Train Loss: 0.0022
   [Epoch 6/100] Batch [600/1304] | Train Loss: 0.0019
   [Epoch 6/100] Batch [650/1304] | Train Loss: 0.0046
   [Epoch 6/100] Batch [700/1304] | Train Loss: 0.0309
   [Epoch 6/100] Batch [750/1304] | Train Loss: 0.0142
   [Epoch 6/100] Batch [800/1304] | Train Loss: 0.0146
   [Epoch 6/100] Batch [850/1304] | Train Loss: 0.0179
   [Epoch 6/100] Batch [900/1304] | Train Loss: 0.0015
   [Epoch 6/100] Batch [950/1304] | Train Loss: 0.0141
   [Epoch 6/100] Batch [1000/1304] | Train Loss: 0.0195
   [Epoch 6/100] Batch [1050/1304] | Train Loss: 0.0094
   [Epoch 6/100] Batch [1100/1304] | Train Loss: 0.0054
   [Epoch 6/100] Batch [1150/1304] | Train Loss: 0.0036
   [Epoch 6/100] Batch [1200/1304] | Train Loss: 0.0420
   [Epoch 6/100] Batch [1250/1304] | Train Loss: 0.0118
   [Epoch 6/100] Batch [1300/1304] | Train Loss: 0.0168
Epoch 6 结束，正在进行验证集全量体检...
--------------------------------------------------
   Epoch [6/100] 战报:
   Train Loss: 0.0110 | Val Loss: 0.0299
   Val F1-Score: 0.5299
最新训练进度已存档: /root/autodl-tmp/Graduation_Project/outputs/models/latest_checkpoint.pth
破纪录了！Val F1 从 0.5030 提升至 0.5299，正在保存神级权重...
--------------------------------------------------

   [Epoch 7/100] Batch [50/1304] | Train Loss: 0.0311
   [Epoch 7/100] Batch [100/1304] | Train Loss: 0.0131
   [Epoch 7/100] Batch [150/1304] | Train Loss: 0.0099
   [Epoch 7/100] Batch [200/1304] | Train Loss: 0.0057
   [Epoch 7/100] Batch [250/1304] | Train Loss: 0.0061
   [Epoch 7/100] Batch [300/1304] | Train Loss: 0.0074
   [Epoch 7/100] Batch [350/1304] | Train Loss: 0.0018
   [Epoch 7/100] Batch [400/1304] | Train Loss: 0.0074
   [Epoch 7/100] Batch [450/1304] | Train Loss: 0.0059
   [Epoch 7/100] Batch [500/1304] | Train Loss: 0.0079
   [Epoch 7/100] Batch [550/1304] | Train Loss: 0.0291
   [Epoch 7/100] Batch [600/1304] | Train Loss: 0.0038
   [Epoch 7/100] Batch [650/1304] | Train Loss: 0.0021
   [Epoch 7/100] Batch [700/1304] | Train Loss: 0.0033
   [Epoch 7/100] Batch [750/1304] | Train Loss: 0.0041
   [Epoch 7/100] Batch [800/1304] | Train Loss: 0.0047
   [Epoch 7/100] Batch [850/1304] | Train Loss: 0.0024
   [Epoch 7/100] Batch [900/1304] | Train Loss: 0.0152
   [Epoch 7/100] Batch [950/1304] | Train Loss: 0.0218
   [Epoch 7/100] Batch [1000/1304] | Train Loss: 0.0094
   [Epoch 7/100] Batch [1050/1304] | Train Loss: 0.0162
   [Epoch 7/100] Batch [1100/1304] | Train Loss: 0.0029
   [Epoch 7/100] Batch [1150/1304] | Train Loss: 0.0033
   [Epoch 7/100] Batch [1200/1304] | Train Loss: 0.0031
   [Epoch 7/100] Batch [1250/1304] | Train Loss: 0.0030
   [Epoch 7/100] Batch [1300/1304] | Train Loss: 0.0118
Epoch 7 结束，正在进行验证集全量体检...
--------------------------------------------------
   Epoch [7/100] 战报:
   Train Loss: 0.0106 | Val Loss: 0.0299
   Val F1-Score: 0.3133
最新训练进度已存档: /root/autodl-tmp/Graduation_Project/outputs/models/latest_checkpoint.pth
早停警告: 连续 1/16 轮未打破记录。
--------------------------------------------------

   [Epoch 8/100] Batch [50/1304] | Train Loss: 0.0179
   [Epoch 8/100] Batch [100/1304] | Train Loss: 0.0022
   [Epoch 8/100] Batch [150/1304] | Train Loss: 0.0063
   [Epoch 8/100] Batch [200/1304] | Train Loss: 0.0031
   [Epoch 8/100] Batch [250/1304] | Train Loss: 0.0048
   [Epoch 8/100] Batch [300/1304] | Train Loss: 0.0188
   [Epoch 8/100] Batch [350/1304] | Train Loss: 0.0051
   [Epoch 8/100] Batch [400/1304] | Train Loss: 0.0118
   [Epoch 8/100] Batch [450/1304] | Train Loss: 0.0022
   [Epoch 8/100] Batch [500/1304] | Train Loss: 0.0040
   [Epoch 8/100] Batch [550/1304] | Train Loss: 0.0245
   [Epoch 8/100] Batch [600/1304] | Train Loss: 0.0008
   [Epoch 8/100] Batch [650/1304] | Train Loss: 0.0234
   [Epoch 8/100] Batch [700/1304] | Train Loss: 0.0014
   [Epoch 8/100] Batch [750/1304] | Train Loss: 0.0162
   [Epoch 8/100] Batch [800/1304] | Train Loss: 0.0060
   [Epoch 8/100] Batch [850/1304] | Train Loss: 0.0013
   [Epoch 8/100] Batch [900/1304] | Train Loss: 0.0202
   [Epoch 8/100] Batch [950/1304] | Train Loss: 0.0033
   [Epoch 8/100] Batch [1000/1304] | Train Loss: 0.0124
   [Epoch 8/100] Batch [1050/1304] | Train Loss: 0.0152
   [Epoch 8/100] Batch [1100/1304] | Train Loss: 0.0020
   [Epoch 8/100] Batch [1150/1304] | Train Loss: 0.0334
   [Epoch 8/100] Batch [1200/1304] | Train Loss: 0.0084
   [Epoch 8/100] Batch [1250/1304] | Train Loss: 0.0412
   [Epoch 8/100] Batch [1300/1304] | Train Loss: 0.0156
Epoch 8 结束，正在进行验证集全量体检...
--------------------------------------------------
   Epoch [8/100] 战报:
   Train Loss: 0.0100 | Val Loss: 0.0310
   Val F1-Score: 0.5510
最新训练进度已存档: /root/autodl-tmp/Graduation_Project/outputs/models/latest_checkpoint.pth
破纪录了！Val F1 从 0.5299 提升至 0.5510，正在保存神级权重...
--------------------------------------------------

   [Epoch 9/100] Batch [50/1304] | Train Loss: 0.0061
   [Epoch 9/100] Batch [100/1304] | Train Loss: 0.0050
   [Epoch 9/100] Batch [150/1304] | Train Loss: 0.0024
   [Epoch 9/100] Batch [200/1304] | Train Loss: 0.0096
   [Epoch 9/100] Batch [250/1304] | Train Loss: 0.0037
   [Epoch 9/100] Batch [300/1304] | Train Loss: 0.0222
   [Epoch 9/100] Batch [350/1304] | Train Loss: 0.0013
   [Epoch 9/100] Batch [400/1304] | Train Loss: 0.0077
   [Epoch 9/100] Batch [450/1304] | Train Loss: 0.0006
   [Epoch 9/100] Batch [500/1304] | Train Loss: 0.0063
   [Epoch 9/100] Batch [550/1304] | Train Loss: 0.0025
   [Epoch 9/100] Batch [600/1304] | Train Loss: 0.0032
   [Epoch 9/100] Batch [650/1304] | Train Loss: 0.0203
   [Epoch 9/100] Batch [700/1304] | Train Loss: 0.0279
   [Epoch 9/100] Batch [750/1304] | Train Loss: 0.0028
   [Epoch 9/100] Batch [800/1304] | Train Loss: 0.0063
   [Epoch 9/100] Batch [850/1304] | Train Loss: 0.0267
   [Epoch 9/100] Batch [900/1304] | Train Loss: 0.0160
   [Epoch 9/100] Batch [950/1304] | Train Loss: 0.0011
   [Epoch 9/100] Batch [1000/1304] | Train Loss: 0.0032
   [Epoch 9/100] Batch [1050/1304] | Train Loss: 0.0048
   [Epoch 9/100] Batch [1100/1304] | Train Loss: 0.0084
   [Epoch 9/100] Batch [1150/1304] | Train Loss: 0.0114
   [Epoch 9/100] Batch [1200/1304] | Train Loss: 0.0073
   [Epoch 9/100] Batch [1250/1304] | Train Loss: 0.0170
   [Epoch 9/100] Batch [1300/1304] | Train Loss: 0.0073
Epoch 9 结束，正在进行验证集全量体检...
--------------------------------------------------
   Epoch [9/100] 战报:
   Train Loss: 0.0098 | Val Loss: 0.0294
   Val F1-Score: 0.5425
最新训练进度已存档: /root/autodl-tmp/Graduation_Project/outputs/models/latest_checkpoint.pth
早停警告: 连续 1/16 轮未打破记录。
--------------------------------------------------

   [Epoch 10/100] Batch [50/1304] | Train Loss: 0.0122
   [Epoch 10/100] Batch [100/1304] | Train Loss: 0.0006
   [Epoch 10/100] Batch [150/1304] | Train Loss: 0.0078
   [Epoch 10/100] Batch [200/1304] | Train Loss: 0.0017
   [Epoch 10/100] Batch [250/1304] | Train Loss: 0.0179
   [Epoch 10/100] Batch [300/1304] | Train Loss: 0.0044
   [Epoch 10/100] Batch [350/1304] | Train Loss: 0.0093
   [Epoch 10/100] Batch [400/1304] | Train Loss: 0.0104
   [Epoch 10/100] Batch [450/1304] | Train Loss: 0.0039
   [Epoch 10/100] Batch [500/1304] | Train Loss: 0.0005
   [Epoch 10/100] Batch [550/1304] | Train Loss: 0.0021
   [Epoch 10/100] Batch [600/1304] | Train Loss: 0.0240
   [Epoch 10/100] Batch [650/1304] | Train Loss: 0.0072
   [Epoch 10/100] Batch [700/1304] | Train Loss: 0.0018
   [Epoch 10/100] Batch [750/1304] | Train Loss: 0.0065
   [Epoch 10/100] Batch [800/1304] | Train Loss: 0.0074
   [Epoch 10/100] Batch [850/1304] | Train Loss: 0.0057
   [Epoch 10/100] Batch [900/1304] | Train Loss: 0.0159
   [Epoch 10/100] Batch [950/1304] | Train Loss: 0.0099
   [Epoch 10/100] Batch [1000/1304] | Train Loss: 0.0028
   [Epoch 10/100] Batch [1050/1304] | Train Loss: 0.0015
   [Epoch 10/100] Batch [1100/1304] | Train Loss: 0.0075
   [Epoch 10/100] Batch [1150/1304] | Train Loss: 0.0055
   [Epoch 10/100] Batch [1200/1304] | Train Loss: 0.0046
   [Epoch 10/100] Batch [1250/1304] | Train Loss: 0.0263
   [Epoch 10/100] Batch [1300/1304] | Train Loss: 0.0027
Epoch 10 结束，正在进行验证集全量体检...
--------------------------------------------------
   Epoch [10/100] 战报:
   Train Loss: 0.0096 | Val Loss: 0.0276
   Val F1-Score: 0.5578
最新训练进度已存档: /root/autodl-tmp/Graduation_Project/outputs/models/latest_checkpoint.pth
破纪录了！Val F1 从 0.5510 提升至 0.5578，正在保存神级权重...
--------------------------------------------------

   [Epoch 11/100] Batch [50/1304] | Train Loss: 0.0029
   [Epoch 11/100] Batch [100/1304] | Train Loss: 0.0151
   [Epoch 11/100] Batch [150/1304] | Train Loss: 0.0019
   [Epoch 11/100] Batch [200/1304] | Train Loss: 0.0158
   [Epoch 11/100] Batch [250/1304] | Train Loss: 0.0081
   [Epoch 11/100] Batch [300/1304] | Train Loss: 0.0055
   [Epoch 11/100] Batch [350/1304] | Train Loss: 0.0096
   [Epoch 11/100] Batch [400/1304] | Train Loss: 0.0111
   [Epoch 11/100] Batch [450/1304] | Train Loss: 0.0022
   [Epoch 11/100] Batch [500/1304] | Train Loss: 0.0068
   [Epoch 11/100] Batch [550/1304] | Train Loss: 0.0022
   [Epoch 11/100] Batch [600/1304] | Train Loss: 0.0163
   [Epoch 11/100] Batch [650/1304] | Train Loss: 0.0028
   [Epoch 11/100] Batch [700/1304] | Train Loss: 0.0007
   [Epoch 11/100] Batch [750/1304] | Train Loss: 0.0023
   [Epoch 11/100] Batch [800/1304] | Train Loss: 0.0036
   [Epoch 11/100] Batch [850/1304] | Train Loss: 0.0062
   [Epoch 11/100] Batch [900/1304] | Train Loss: 0.0322
   [Epoch 11/100] Batch [950/1304] | Train Loss: 0.0096
   [Epoch 11/100] Batch [1000/1304] | Train Loss: 0.0021
   [Epoch 11/100] Batch [1050/1304] | Train Loss: 0.0035
   [Epoch 11/100] Batch [1100/1304] | Train Loss: 0.0016
   [Epoch 11/100] Batch [1150/1304] | Train Loss: 0.0067
   [Epoch 11/100] Batch [1200/1304] | Train Loss: 0.0027
   [Epoch 11/100] Batch [1250/1304] | Train Loss: 0.0023
   [Epoch 11/100] Batch [1300/1304] | Train Loss: 0.0013
Epoch 11 结束，正在进行验证集全量体检...
--------------------------------------------------
   Epoch [11/100] 战报:
   Train Loss: 0.0094 | Val Loss: 0.0311
   Val F1-Score: 0.5425
最新训练进度已存档: /root/autodl-tmp/Graduation_Project/outputs/models/latest_checkpoint.pth
早停警告: 连续 1/16 轮未打破记录。
--------------------------------------------------

   [Epoch 12/100] Batch [50/1304] | Train Loss: 0.0016
   [Epoch 12/100] Batch [100/1304] | Train Loss: 0.0136
   [Epoch 12/100] Batch [150/1304] | Train Loss: 0.0115
   [Epoch 12/100] Batch [200/1304] | Train Loss: 0.0096
   [Epoch 12/100] Batch [250/1304] | Train Loss: 0.0116
   [Epoch 12/100] Batch [300/1304] | Train Loss: 0.0043
   [Epoch 12/100] Batch [350/1304] | Train Loss: 0.0187
   [Epoch 12/100] Batch [400/1304] | Train Loss: 0.0236
   [Epoch 12/100] Batch [450/1304] | Train Loss: 0.0027
   [Epoch 12/100] Batch [500/1304] | Train Loss: 0.0024
   [Epoch 12/100] Batch [550/1304] | Train Loss: 0.0029
   [Epoch 12/100] Batch [600/1304] | Train Loss: 0.0039
   [Epoch 12/100] Batch [650/1304] | Train Loss: 0.0117
   [Epoch 12/100] Batch [700/1304] | Train Loss: 0.0043
   [Epoch 12/100] Batch [750/1304] | Train Loss: 0.0049
   [Epoch 12/100] Batch [800/1304] | Train Loss: 0.0176
   [Epoch 12/100] Batch [850/1304] | Train Loss: 0.0028
   [Epoch 12/100] Batch [900/1304] | Train Loss: 0.0107
   [Epoch 12/100] Batch [950/1304] | Train Loss: 0.0051
   [Epoch 12/100] Batch [1000/1304] | Train Loss: 0.0018
   [Epoch 12/100] Batch [1050/1304] | Train Loss: 0.0033
   [Epoch 12/100] Batch [1100/1304] | Train Loss: 0.0255
   [Epoch 12/100] Batch [1150/1304] | Train Loss: 0.0070
   [Epoch 12/100] Batch [1200/1304] | Train Loss: 0.0100
   [Epoch 12/100] Batch [1250/1304] | Train Loss: 0.0043
   [Epoch 12/100] Batch [1300/1304] | Train Loss: 0.0266
Epoch 12 结束，正在进行验证集全量体检...
--------------------------------------------------
   Epoch [12/100] 战报:
   Train Loss: 0.0092 | Val Loss: 0.0297
   Val F1-Score: 0.4676
最新训练进度已存档: /root/autodl-tmp/Graduation_Project/outputs/models/latest_checkpoint.pth
早停警告: 连续 2/16 轮未打破记录。
--------------------------------------------------

   [Epoch 13/100] Batch [50/1304] | Train Loss: 0.0029
   [Epoch 13/100] Batch [100/1304] | Train Loss: 0.0027
   [Epoch 13/100] Batch [150/1304] | Train Loss: 0.0069
   [Epoch 13/100] Batch [200/1304] | Train Loss: 0.0055
   [Epoch 13/100] Batch [250/1304] | Train Loss: 0.0050
   [Epoch 13/100] Batch [300/1304] | Train Loss: 0.0069
   [Epoch 13/100] Batch [350/1304] | Train Loss: 0.0021
   [Epoch 13/100] Batch [400/1304] | Train Loss: 0.0153
   [Epoch 13/100] Batch [450/1304] | Train Loss: 0.0019
   [Epoch 13/100] Batch [500/1304] | Train Loss: 0.0068
   [Epoch 13/100] Batch [550/1304] | Train Loss: 0.0111
   [Epoch 13/100] Batch [600/1304] | Train Loss: 0.0028
   [Epoch 13/100] Batch [650/1304] | Train Loss: 0.0017
   [Epoch 13/100] Batch [700/1304] | Train Loss: 0.0016
   [Epoch 13/100] Batch [750/1304] | Train Loss: 0.0020
   [Epoch 13/100] Batch [800/1304] | Train Loss: 0.0026
   [Epoch 13/100] Batch [850/1304] | Train Loss: 0.0275
   [Epoch 13/100] Batch [900/1304] | Train Loss: 0.0013
   [Epoch 13/100] Batch [950/1304] | Train Loss: 0.0012
   [Epoch 13/100] Batch [1000/1304] | Train Loss: 0.0182
   [Epoch 13/100] Batch [1050/1304] | Train Loss: 0.0019
   [Epoch 13/100] Batch [1100/1304] | Train Loss: 0.0032
   [Epoch 13/100] Batch [1150/1304] | Train Loss: 0.0191
   [Epoch 13/100] Batch [1200/1304] | Train Loss: 0.0219
   [Epoch 13/100] Batch [1250/1304] | Train Loss: 0.0204
   [Epoch 13/100] Batch [1300/1304] | Train Loss: 0.0010
Epoch 13 结束，正在进行验证集全量体检...
--------------------------------------------------
   Epoch [13/100] 战报:
   Train Loss: 0.0089 | Val Loss: 0.0295
   Val F1-Score: 0.5182
最新训练进度已存档: /root/autodl-tmp/Graduation_Project/outputs/models/latest_checkpoint.pth
早停警告: 连续 3/16 轮未打破记录。
--------------------------------------------------

   [Epoch 14/100] Batch [50/1304] | Train Loss: 0.0139
   [Epoch 14/100] Batch [100/1304] | Train Loss: 0.0179
   [Epoch 14/100] Batch [150/1304] | Train Loss: 0.0073
   [Epoch 14/100] Batch [200/1304] | Train Loss: 0.0011
   [Epoch 14/100] Batch [250/1304] | Train Loss: 0.0056
   [Epoch 14/100] Batch [300/1304] | Train Loss: 0.0017
   [Epoch 14/100] Batch [350/1304] | Train Loss: 0.0027
   [Epoch 14/100] Batch [400/1304] | Train Loss: 0.0067
   [Epoch 14/100] Batch [450/1304] | Train Loss: 0.0029
   [Epoch 14/100] Batch [500/1304] | Train Loss: 0.0012
   [Epoch 14/100] Batch [550/1304] | Train Loss: 0.0064
   [Epoch 14/100] Batch [600/1304] | Train Loss: 0.0153
   [Epoch 14/100] Batch [650/1304] | Train Loss: 0.0282
   [Epoch 14/100] Batch [700/1304] | Train Loss: 0.0021
   [Epoch 14/100] Batch [750/1304] | Train Loss: 0.0104
   [Epoch 14/100] Batch [800/1304] | Train Loss: 0.0100
   [Epoch 14/100] Batch [850/1304] | Train Loss: 0.0172
   [Epoch 14/100] Batch [900/1304] | Train Loss: 0.0201
   [Epoch 14/100] Batch [950/1304] | Train Loss: 0.0140
   [Epoch 14/100] Batch [1000/1304] | Train Loss: 0.0012
   [Epoch 14/100] Batch [1050/1304] | Train Loss: 0.0079
   [Epoch 14/100] Batch [1100/1304] | Train Loss: 0.0029
   [Epoch 14/100] Batch [1150/1304] | Train Loss: 0.0133
   [Epoch 14/100] Batch [1200/1304] | Train Loss: 0.0021
   [Epoch 14/100] Batch [1250/1304] | Train Loss: 0.0007
   [Epoch 14/100] Batch [1300/1304] | Train Loss: 0.0292
Epoch 14 结束，正在进行验证集全量体检...
--------------------------------------------------
   Epoch [14/100] 战报:
   Train Loss: 0.0086 | Val Loss: 0.0289
   Val F1-Score: 0.5439
最新训练进度已存档: /root/autodl-tmp/Graduation_Project/outputs/models/latest_checkpoint.pth
早停警告: 连续 4/16 轮未打破记录。
--------------------------------------------------

   [Epoch 15/100] Batch [50/1304] | Train Loss: 0.0084
   [Epoch 15/100] Batch [100/1304] | Train Loss: 0.0047
   [Epoch 15/100] Batch [150/1304] | Train Loss: 0.0149
   [Epoch 15/100] Batch [200/1304] | Train Loss: 0.0078
   [Epoch 15/100] Batch [250/1304] | Train Loss: 0.0114
   [Epoch 15/100] Batch [300/1304] | Train Loss: 0.0086
   [Epoch 15/100] Batch [350/1304] | Train Loss: 0.0064
   [Epoch 15/100] Batch [400/1304] | Train Loss: 0.0054
   [Epoch 15/100] Batch [450/1304] | Train Loss: 0.0143
   [Epoch 15/100] Batch [500/1304] | Train Loss: 0.0103
   [Epoch 15/100] Batch [550/1304] | Train Loss: 0.0291
   [Epoch 15/100] Batch [600/1304] | Train Loss: 0.0024
   [Epoch 15/100] Batch [650/1304] | Train Loss: 0.0101
   [Epoch 15/100] Batch [700/1304] | Train Loss: 0.0189
   [Epoch 15/100] Batch [750/1304] | Train Loss: 0.0065
   [Epoch 15/100] Batch [800/1304] | Train Loss: 0.0012
   [Epoch 15/100] Batch [850/1304] | Train Loss: 0.0008
   [Epoch 15/100] Batch [900/1304] | Train Loss: 0.0259
   [Epoch 15/100] Batch [950/1304] | Train Loss: 0.0121
   [Epoch 15/100] Batch [1000/1304] | Train Loss: 0.0159
   [Epoch 15/100] Batch [1050/1304] | Train Loss: 0.0020
   [Epoch 15/100] Batch [1100/1304] | Train Loss: 0.0022
   [Epoch 15/100] Batch [1150/1304] | Train Loss: 0.0084
   [Epoch 15/100] Batch [1200/1304] | Train Loss: 0.0018
   [Epoch 15/100] Batch [1250/1304] | Train Loss: 0.0015
   [Epoch 15/100] Batch [1300/1304] | Train Loss: 0.0478
Epoch 15 结束，正在进行验证集全量体检...
--------------------------------------------------
   Epoch [15/100] 战报:
   Train Loss: 0.0087 | Val Loss: 0.0263
   Val F1-Score: 0.5461
最新训练进度已存档: /root/autodl-tmp/Graduation_Project/outputs/models/latest_checkpoint.pth
早停警告: 连续 5/16 轮未打破记录。
--------------------------------------------------

   [Epoch 16/100] Batch [50/1304] | Train Loss: 0.0109
   [Epoch 16/100] Batch [100/1304] | Train Loss: 0.0014
   [Epoch 16/100] Batch [150/1304] | Train Loss: 0.0010
   [Epoch 16/100] Batch [200/1304] | Train Loss: 0.0016
   [Epoch 16/100] Batch [250/1304] | Train Loss: 0.0087
   [Epoch 16/100] Batch [300/1304] | Train Loss: 0.0012
   [Epoch 16/100] Batch [350/1304] | Train Loss: 0.0045
   [Epoch 16/100] Batch [400/1304] | Train Loss: 0.0381
   [Epoch 16/100] Batch [450/1304] | Train Loss: 0.0226
   [Epoch 16/100] Batch [500/1304] | Train Loss: 0.0211
   [Epoch 16/100] Batch [550/1304] | Train Loss: 0.0042
   [Epoch 16/100] Batch [600/1304] | Train Loss: 0.0023
   [Epoch 16/100] Batch [650/1304] | Train Loss: 0.0105
   [Epoch 16/100] Batch [700/1304] | Train Loss: 0.0121
   [Epoch 16/100] Batch [750/1304] | Train Loss: 0.0165
   [Epoch 16/100] Batch [800/1304] | Train Loss: 0.0130
   [Epoch 16/100] Batch [850/1304] | Train Loss: 0.0179
   [Epoch 16/100] Batch [900/1304] | Train Loss: 0.0156
   [Epoch 16/100] Batch [950/1304] | Train Loss: 0.0030
   [Epoch 16/100] Batch [1000/1304] | Train Loss: 0.0130
   [Epoch 16/100] Batch [1050/1304] | Train Loss: 0.0128
   [Epoch 16/100] Batch [1100/1304] | Train Loss: 0.0037
   [Epoch 16/100] Batch [1150/1304] | Train Loss: 0.0154
   [Epoch 16/100] Batch [1200/1304] | Train Loss: 0.0183
   [Epoch 16/100] Batch [1250/1304] | Train Loss: 0.0055
   [Epoch 16/100] Batch [1300/1304] | Train Loss: 0.0101
Epoch 16 结束，正在进行验证集全量体检...
--------------------------------------------------
   Epoch [16/100] 战报:
   Train Loss: 0.0087 | Val Loss: 0.0292
   Val F1-Score: 0.5434
最新训练进度已存档: /root/autodl-tmp/Graduation_Project/outputs/models/latest_checkpoint.pth
早停警告: 连续 6/16 轮未打破记录。
--------------------------------------------------

   [Epoch 17/100] Batch [50/1304] | Train Loss: 0.0007
   [Epoch 17/100] Batch [100/1304] | Train Loss: 0.0050
   [Epoch 17/100] Batch [150/1304] | Train Loss: 0.0043
   [Epoch 17/100] Batch [200/1304] | Train Loss: 0.0057
   [Epoch 17/100] Batch [250/1304] | Train Loss: 0.0073
   [Epoch 17/100] Batch [300/1304] | Train Loss: 0.0063
   [Epoch 17/100] Batch [350/1304] | Train Loss: 0.0207
   [Epoch 17/100] Batch [400/1304] | Train Loss: 0.0029
   [Epoch 17/100] Batch [450/1304] | Train Loss: 0.0008
   [Epoch 17/100] Batch [500/1304] | Train Loss: 0.0081
   [Epoch 17/100] Batch [550/1304] | Train Loss: 0.0026
   [Epoch 17/100] Batch [600/1304] | Train Loss: 0.0022
   [Epoch 17/100] Batch [650/1304] | Train Loss: 0.0097
   [Epoch 17/100] Batch [700/1304] | Train Loss: 0.0288
   [Epoch 17/100] Batch [750/1304] | Train Loss: 0.0101
   [Epoch 17/100] Batch [800/1304] | Train Loss: 0.0034
   [Epoch 17/100] Batch [850/1304] | Train Loss: 0.0053
   [Epoch 17/100] Batch [900/1304] | Train Loss: 0.0223
   [Epoch 17/100] Batch [950/1304] | Train Loss: 0.0121
   [Epoch 17/100] Batch [1000/1304] | Train Loss: 0.0017
   [Epoch 17/100] Batch [1050/1304] | Train Loss: 0.0050
   [Epoch 17/100] Batch [1100/1304] | Train Loss: 0.0185
   [Epoch 17/100] Batch [1150/1304] | Train Loss: 0.0015
   [Epoch 17/100] Batch [1200/1304] | Train Loss: 0.0215
   [Epoch 17/100] Batch [1250/1304] | Train Loss: 0.0092
   [Epoch 17/100] Batch [1300/1304] | Train Loss: 0.0048
Epoch 17 结束，正在进行验证集全量体检...
--------------------------------------------------
   Epoch [17/100] 战报:
   Train Loss: 0.0085 | Val Loss: 0.0285
   Val F1-Score: 0.5553
最新训练进度已存档: /root/autodl-tmp/Graduation_Project/outputs/models/latest_checkpoint.pth
早停警告: 连续 7/16 轮未打破记录。
--------------------------------------------------

   [Epoch 18/100] Batch [50/1304] | Train Loss: 0.0082
   [Epoch 18/100] Batch [100/1304] | Train Loss: 0.0177
   [Epoch 18/100] Batch [150/1304] | Train Loss: 0.0007
   [Epoch 18/100] Batch [200/1304] | Train Loss: 0.0240
   [Epoch 18/100] Batch [250/1304] | Train Loss: 0.0089
   [Epoch 18/100] Batch [300/1304] | Train Loss: 0.0141
   [Epoch 18/100] Batch [350/1304] | Train Loss: 0.0022
   [Epoch 18/100] Batch [400/1304] | Train Loss: 0.0229
   [Epoch 18/100] Batch [450/1304] | Train Loss: 0.0058
   [Epoch 18/100] Batch [500/1304] | Train Loss: 0.0057
   [Epoch 18/100] Batch [550/1304] | Train Loss: 0.0017
   [Epoch 18/100] Batch [600/1304] | Train Loss: 0.0100
   [Epoch 18/100] Batch [650/1304] | Train Loss: 0.0105
   [Epoch 18/100] Batch [700/1304] | Train Loss: 0.0080
   [Epoch 18/100] Batch [750/1304] | Train Loss: 0.0132
   [Epoch 18/100] Batch [800/1304] | Train Loss: 0.0154
   [Epoch 18/100] Batch [850/1304] | Train Loss: 0.0077
   [Epoch 18/100] Batch [900/1304] | Train Loss: 0.0013
   [Epoch 18/100] Batch [950/1304] | Train Loss: 0.0052
   [Epoch 18/100] Batch [1000/1304] | Train Loss: 0.0231
   [Epoch 18/100] Batch [1050/1304] | Train Loss: 0.0019
   [Epoch 18/100] Batch [1100/1304] | Train Loss: 0.0249
   [Epoch 18/100] Batch [1150/1304] | Train Loss: 0.0027
   [Epoch 18/100] Batch [1200/1304] | Train Loss: 0.0086
   [Epoch 18/100] Batch [1250/1304] | Train Loss: 0.0233
   [Epoch 18/100] Batch [1300/1304] | Train Loss: 0.0024
Epoch 18 结束，正在进行验证集全量体检...
--------------------------------------------------
   Epoch [18/100] 战报:
   Train Loss: 0.0084 | Val Loss: 0.0263
   Val F1-Score: 0.4279
最新训练进度已存档: /root/autodl-tmp/Graduation_Project/outputs/models/latest_checkpoint.pth
早停警告: 连续 8/16 轮未打破记录。
--------------------------------------------------

   [Epoch 19/100] Batch [50/1304] | Train Loss: 0.0092
   [Epoch 19/100] Batch [100/1304] | Train Loss: 0.0083
   [Epoch 19/100] Batch [150/1304] | Train Loss: 0.0011
   [Epoch 19/100] Batch [200/1304] | Train Loss: 0.0220
   [Epoch 19/100] Batch [250/1304] | Train Loss: 0.0057
   [Epoch 19/100] Batch [300/1304] | Train Loss: 0.0022
   [Epoch 19/100] Batch [350/1304] | Train Loss: 0.0015
   [Epoch 19/100] Batch [400/1304] | Train Loss: 0.0159
   [Epoch 19/100] Batch [450/1304] | Train Loss: 0.0079
   [Epoch 19/100] Batch [500/1304] | Train Loss: 0.0149
   [Epoch 19/100] Batch [550/1304] | Train Loss: 0.0086
   [Epoch 19/100] Batch [600/1304] | Train Loss: 0.0033
   [Epoch 19/100] Batch [650/1304] | Train Loss: 0.0015
   [Epoch 19/100] Batch [700/1304] | Train Loss: 0.0013
   [Epoch 19/100] Batch [750/1304] | Train Loss: 0.0090
   [Epoch 19/100] Batch [800/1304] | Train Loss: 0.0127
   [Epoch 19/100] Batch [850/1304] | Train Loss: 0.0016
   [Epoch 19/100] Batch [900/1304] | Train Loss: 0.0153
   [Epoch 19/100] Batch [950/1304] | Train Loss: 0.0138
   [Epoch 19/100] Batch [1000/1304] | Train Loss: 0.0305
   [Epoch 19/100] Batch [1050/1304] | Train Loss: 0.0010
   [Epoch 19/100] Batch [1100/1304] | Train Loss: 0.0067
   [Epoch 19/100] Batch [1150/1304] | Train Loss: 0.0030
   [Epoch 19/100] Batch [1200/1304] | Train Loss: 0.0049
   [Epoch 19/100] Batch [1250/1304] | Train Loss: 0.0147
   [Epoch 19/100] Batch [1300/1304] | Train Loss: 0.0087
Epoch 19 结束，正在进行验证集全量体检...
--------------------------------------------------
   Epoch [19/100] 战报:
   Train Loss: 0.0083 | Val Loss: 0.0287
   Val F1-Score: 0.5414
触发自动降挡！模型陷入瓶颈，学习率由 0.000500 下调至 0.000250！
最新训练进度已存档: /root/autodl-tmp/Graduation_Project/outputs/models/latest_checkpoint.pth
早停警告: 连续 9/16 轮未打破记录。
--------------------------------------------------

   [Epoch 20/100] Batch [50/1304] | Train Loss: 0.0175
   [Epoch 20/100] Batch [100/1304] | Train Loss: 0.0017
   [Epoch 20/100] Batch [150/1304] | Train Loss: 0.0011
   [Epoch 20/100] Batch [200/1304] | Train Loss: 0.0026
   [Epoch 20/100] Batch [250/1304] | Train Loss: 0.0153
   [Epoch 20/100] Batch [300/1304] | Train Loss: 0.0006
   [Epoch 20/100] Batch [350/1304] | Train Loss: 0.0056
   [Epoch 20/100] Batch [400/1304] | Train Loss: 0.0013
   [Epoch 20/100] Batch [450/1304] | Train Loss: 0.0113
   [Epoch 20/100] Batch [500/1304] | Train Loss: 0.0025
   [Epoch 20/100] Batch [550/1304] | Train Loss: 0.0027
   [Epoch 20/100] Batch [600/1304] | Train Loss: 0.0121
   [Epoch 20/100] Batch [650/1304] | Train Loss: 0.0047
   [Epoch 20/100] Batch [700/1304] | Train Loss: 0.0063
   [Epoch 20/100] Batch [750/1304] | Train Loss: 0.0038
   [Epoch 20/100] Batch [800/1304] | Train Loss: 0.0025
   [Epoch 20/100] Batch [850/1304] | Train Loss: 0.0043
   [Epoch 20/100] Batch [900/1304] | Train Loss: 0.0070
   [Epoch 20/100] Batch [950/1304] | Train Loss: 0.0186
   [Epoch 20/100] Batch [1000/1304] | Train Loss: 0.0018
   [Epoch 20/100] Batch [1050/1304] | Train Loss: 0.0148
   [Epoch 20/100] Batch [1100/1304] | Train Loss: 0.0066
   [Epoch 20/100] Batch [1150/1304] | Train Loss: 0.0014
   [Epoch 20/100] Batch [1200/1304] | Train Loss: 0.0046
   [Epoch 20/100] Batch [1250/1304] | Train Loss: 0.0073
   [Epoch 20/100] Batch [1300/1304] | Train Loss: 0.0020
Epoch 20 结束，正在进行验证集全量体检...
--------------------------------------------------
   Epoch [20/100] 战报:
   Train Loss: 0.0072 | Val Loss: 0.0311
   Val F1-Score: 0.5366
最新训练进度已存档: /root/autodl-tmp/Graduation_Project/outputs/models/latest_checkpoint.pth
早停警告: 连续 10/16 轮未打破记录。
--------------------------------------------------

   [Epoch 21/100] Batch [50/1304] | Train Loss: 0.0019
   [Epoch 21/100] Batch [100/1304] | Train Loss: 0.0071
   [Epoch 21/100] Batch [150/1304] | Train Loss: 0.0041
   [Epoch 21/100] Batch [200/1304] | Train Loss: 0.0020
   [Epoch 21/100] Batch [250/1304] | Train Loss: 0.0108
   [Epoch 21/100] Batch [300/1304] | Train Loss: 0.0135
   [Epoch 21/100] Batch [350/1304] | Train Loss: 0.0159
   [Epoch 21/100] Batch [400/1304] | Train Loss: 0.0014
   [Epoch 21/100] Batch [450/1304] | Train Loss: 0.0013
   [Epoch 21/100] Batch [500/1304] | Train Loss: 0.0211
   [Epoch 21/100] Batch [550/1304] | Train Loss: 0.0153
   [Epoch 21/100] Batch [600/1304] | Train Loss: 0.0145
   [Epoch 21/100] Batch [650/1304] | Train Loss: 0.0053
   [Epoch 21/100] Batch [700/1304] | Train Loss: 0.0026
   [Epoch 21/100] Batch [750/1304] | Train Loss: 0.0043
   [Epoch 21/100] Batch [800/1304] | Train Loss: 0.0104
   [Epoch 21/100] Batch [850/1304] | Train Loss: 0.0060
   [Epoch 21/100] Batch [900/1304] | Train Loss: 0.0012
   [Epoch 21/100] Batch [950/1304] | Train Loss: 0.0010
   [Epoch 21/100] Batch [1000/1304] | Train Loss: 0.0110
   [Epoch 21/100] Batch [1050/1304] | Train Loss: 0.0104
   [Epoch 21/100] Batch [1100/1304] | Train Loss: 0.0025
   [Epoch 21/100] Batch [1150/1304] | Train Loss: 0.0013
   [Epoch 21/100] Batch [1200/1304] | Train Loss: 0.0040
   [Epoch 21/100] Batch [1250/1304] | Train Loss: 0.0039
   [Epoch 21/100] Batch [1300/1304] | Train Loss: 0.0193
Epoch 21 结束，正在进行验证集全量体检...
--------------------------------------------------
   Epoch [21/100] 战报:
   Train Loss: 0.0070 | Val Loss: 0.0297
   Val F1-Score: 0.5394
最新训练进度已存档: /root/autodl-tmp/Graduation_Project/outputs/models/latest_checkpoint.pth
早停警告: 连续 11/16 轮未打破记录。
--------------------------------------------------

   [Epoch 22/100] Batch [50/1304] | Train Loss: 0.0007
   [Epoch 22/100] Batch [100/1304] | Train Loss: 0.0005
   [Epoch 22/100] Batch [150/1304] | Train Loss: 0.0069
   [Epoch 22/100] Batch [200/1304] | Train Loss: 0.0052
   [Epoch 22/100] Batch [250/1304] | Train Loss: 0.0021
   [Epoch 22/100] Batch [300/1304] | Train Loss: 0.0015
   [Epoch 22/100] Batch [350/1304] | Train Loss: 0.0069
   [Epoch 22/100] Batch [400/1304] | Train Loss: 0.0031
   [Epoch 22/100] Batch [450/1304] | Train Loss: 0.0056
   [Epoch 22/100] Batch [500/1304] | Train Loss: 0.0004
   [Epoch 22/100] Batch [550/1304] | Train Loss: 0.0029
   [Epoch 22/100] Batch [600/1304] | Train Loss: 0.0009
   [Epoch 22/100] Batch [650/1304] | Train Loss: 0.0025
   [Epoch 22/100] Batch [700/1304] | Train Loss: 0.0035
   [Epoch 22/100] Batch [750/1304] | Train Loss: 0.0224
   [Epoch 22/100] Batch [800/1304] | Train Loss: 0.0008
   [Epoch 22/100] Batch [850/1304] | Train Loss: 0.0030
   [Epoch 22/100] Batch [900/1304] | Train Loss: 0.0119
   [Epoch 22/100] Batch [950/1304] | Train Loss: 0.0014
   [Epoch 22/100] Batch [1000/1304] | Train Loss: 0.0024
   [Epoch 22/100] Batch [1050/1304] | Train Loss: 0.0122
   [Epoch 22/100] Batch [1100/1304] | Train Loss: 0.0012
   [Epoch 22/100] Batch [1150/1304] | Train Loss: 0.0039
   [Epoch 22/100] Batch [1200/1304] | Train Loss: 0.0008
   [Epoch 22/100] Batch [1250/1304] | Train Loss: 0.0016
   [Epoch 22/100] Batch [1300/1304] | Train Loss: 0.0034
Epoch 22 结束，正在进行验证集全量体检...
--------------------------------------------------
   Epoch [22/100] 战报:
   Train Loss: 0.0069 | Val Loss: 0.0284
   Val F1-Score: 0.3857
最新训练进度已存档: /root/autodl-tmp/Graduation_Project/outputs/models/latest_checkpoint.pth
早停警告: 连续 12/16 轮未打破记录。
--------------------------------------------------

   [Epoch 23/100] Batch [50/1304] | Train Loss: 0.0066
   [Epoch 23/100] Batch [100/1304] | Train Loss: 0.0050
   [Epoch 23/100] Batch [150/1304] | Train Loss: 0.0051
   [Epoch 23/100] Batch [200/1304] | Train Loss: 0.0031
   [Epoch 23/100] Batch [250/1304] | Train Loss: 0.0022
   [Epoch 23/100] Batch [300/1304] | Train Loss: 0.0040
   [Epoch 23/100] Batch [350/1304] | Train Loss: 0.0026
   [Epoch 23/100] Batch [400/1304] | Train Loss: 0.0020
   [Epoch 23/100] Batch [450/1304] | Train Loss: 0.0139
   [Epoch 23/100] Batch [500/1304] | Train Loss: 0.0107
   [Epoch 23/100] Batch [550/1304] | Train Loss: 0.0054
   [Epoch 23/100] Batch [600/1304] | Train Loss: 0.0062
   [Epoch 23/100] Batch [650/1304] | Train Loss: 0.0005
   [Epoch 23/100] Batch [700/1304] | Train Loss: 0.0038
   [Epoch 23/100] Batch [750/1304] | Train Loss: 0.0015
   [Epoch 23/100] Batch [800/1304] | Train Loss: 0.0009
   [Epoch 23/100] Batch [850/1304] | Train Loss: 0.0006
   [Epoch 23/100] Batch [900/1304] | Train Loss: 0.0042
   [Epoch 23/100] Batch [950/1304] | Train Loss: 0.0046
   [Epoch 23/100] Batch [1000/1304] | Train Loss: 0.0067
   [Epoch 23/100] Batch [1050/1304] | Train Loss: 0.0169
   [Epoch 23/100] Batch [1100/1304] | Train Loss: 0.0033
   [Epoch 23/100] Batch [1150/1304] | Train Loss: 0.0043
   [Epoch 23/100] Batch [1200/1304] | Train Loss: 0.0025
   [Epoch 23/100] Batch [1250/1304] | Train Loss: 0.0385
   [Epoch 23/100] Batch [1300/1304] | Train Loss: 0.0101
Epoch 23 结束，正在进行验证集全量体检...
--------------------------------------------------
   Epoch [23/100] 战报:
   Train Loss: 0.0068 | Val Loss: 0.0324
   Val F1-Score: 0.5451
最新训练进度已存档: /root/autodl-tmp/Graduation_Project/outputs/models/latest_checkpoint.pth
早停警告: 连续 13/16 轮未打破记录。
--------------------------------------------------

   [Epoch 24/100] Batch [50/1304] | Train Loss: 0.0138
   [Epoch 24/100] Batch [100/1304] | Train Loss: 0.0013
   [Epoch 24/100] Batch [150/1304] | Train Loss: 0.0029
   [Epoch 24/100] Batch [200/1304] | Train Loss: 0.0020
   [Epoch 24/100] Batch [250/1304] | Train Loss: 0.0007
   [Epoch 24/100] Batch [300/1304] | Train Loss: 0.0038
   [Epoch 24/100] Batch [350/1304] | Train Loss: 0.0180
   [Epoch 24/100] Batch [400/1304] | Train Loss: 0.0138
   [Epoch 24/100] Batch [450/1304] | Train Loss: 0.0066
   [Epoch 24/100] Batch [500/1304] | Train Loss: 0.0012
   [Epoch 24/100] Batch [550/1304] | Train Loss: 0.0065
   [Epoch 24/100] Batch [600/1304] | Train Loss: 0.0092
   [Epoch 24/100] Batch [650/1304] | Train Loss: 0.0045
   [Epoch 24/100] Batch [700/1304] | Train Loss: 0.0007
   [Epoch 24/100] Batch [750/1304] | Train Loss: 0.0026
   [Epoch 24/100] Batch [800/1304] | Train Loss: 0.0022
   [Epoch 24/100] Batch [850/1304] | Train Loss: 0.0179
   [Epoch 24/100] Batch [900/1304] | Train Loss: 0.0056
   [Epoch 24/100] Batch [950/1304] | Train Loss: 0.0153
   [Epoch 24/100] Batch [1000/1304] | Train Loss: 0.0081
   [Epoch 24/100] Batch [1050/1304] | Train Loss: 0.0018
   [Epoch 24/100] Batch [1100/1304] | Train Loss: 0.0098
   [Epoch 24/100] Batch [1150/1304] | Train Loss: 0.0145
   [Epoch 24/100] Batch [1200/1304] | Train Loss: 0.0064
   [Epoch 24/100] Batch [1250/1304] | Train Loss: 0.0029
   [Epoch 24/100] Batch [1300/1304] | Train Loss: 0.0057
Epoch 24 结束，正在进行验证集全量体检...
--------------------------------------------------
   Epoch [24/100] 战报:
   Train Loss: 0.0068 | Val Loss: 0.0316
   Val F1-Score: 0.5522
最新训练进度已存档: /root/autodl-tmp/Graduation_Project/outputs/models/latest_checkpoint.pth
早停警告: 连续 14/16 轮未打破记录。
--------------------------------------------------

   [Epoch 25/100] Batch [50/1304] | Train Loss: 0.0096
   [Epoch 25/100] Batch [100/1304] | Train Loss: 0.0009
   [Epoch 25/100] Batch [150/1304] | Train Loss: 0.0083
   [Epoch 25/100] Batch [200/1304] | Train Loss: 0.0010
   [Epoch 25/100] Batch [250/1304] | Train Loss: 0.0045
   [Epoch 25/100] Batch [300/1304] | Train Loss: 0.0078
   [Epoch 25/100] Batch [350/1304] | Train Loss: 0.0049
   [Epoch 25/100] Batch [400/1304] | Train Loss: 0.0079
   [Epoch 25/100] Batch [450/1304] | Train Loss: 0.0080
   [Epoch 25/100] Batch [500/1304] | Train Loss: 0.0008
   [Epoch 25/100] Batch [550/1304] | Train Loss: 0.0161
   [Epoch 25/100] Batch [600/1304] | Train Loss: 0.0007
   [Epoch 25/100] Batch [650/1304] | Train Loss: 0.0041
   [Epoch 25/100] Batch [700/1304] | Train Loss: 0.0274
   [Epoch 25/100] Batch [750/1304] | Train Loss: 0.0104
   [Epoch 25/100] Batch [800/1304] | Train Loss: 0.0147
   [Epoch 25/100] Batch [850/1304] | Train Loss: 0.0260
   [Epoch 25/100] Batch [900/1304] | Train Loss: 0.0033
   [Epoch 25/100] Batch [950/1304] | Train Loss: 0.0025
   [Epoch 25/100] Batch [1000/1304] | Train Loss: 0.0074
   [Epoch 25/100] Batch [1050/1304] | Train Loss: 0.0022
   [Epoch 25/100] Batch [1100/1304] | Train Loss: 0.0217
   [Epoch 25/100] Batch [1150/1304] | Train Loss: 0.0083
   [Epoch 25/100] Batch [1200/1304] | Train Loss: 0.0105
   [Epoch 25/100] Batch [1250/1304] | Train Loss: 0.0271
   [Epoch 25/100] Batch [1300/1304] | Train Loss: 0.0028
Epoch 25 结束，正在进行验证集全量体检...
--------------------------------------------------
   Epoch [25/100] 战报:
   Train Loss: 0.0067 | Val Loss: 0.0276
   Val F1-Score: 0.4354
最新训练进度已存档: /root/autodl-tmp/Graduation_Project/outputs/models/latest_checkpoint.pth
早停警告: 连续 15/16 轮未打破记录。
--------------------------------------------------

   [Epoch 26/100] Batch [50/1304] | Train Loss: 0.0007
   [Epoch 26/100] Batch [100/1304] | Train Loss: 0.0123
   [Epoch 26/100] Batch [150/1304] | Train Loss: 0.0046
   [Epoch 26/100] Batch [200/1304] | Train Loss: 0.0108
   [Epoch 26/100] Batch [250/1304] | Train Loss: 0.0070
   [Epoch 26/100] Batch [300/1304] | Train Loss: 0.0206
   [Epoch 26/100] Batch [350/1304] | Train Loss: 0.0062
   [Epoch 26/100] Batch [400/1304] | Train Loss: 0.0043
   [Epoch 26/100] Batch [450/1304] | Train Loss: 0.0025
   [Epoch 26/100] Batch [500/1304] | Train Loss: 0.0024
   [Epoch 26/100] Batch [550/1304] | Train Loss: 0.0024
   [Epoch 26/100] Batch [600/1304] | Train Loss: 0.0067
   [Epoch 26/100] Batch [650/1304] | Train Loss: 0.0019
   [Epoch 26/100] Batch [700/1304] | Train Loss: 0.0007
   [Epoch 26/100] Batch [750/1304] | Train Loss: 0.0037
   [Epoch 26/100] Batch [800/1304] | Train Loss: 0.0014
   [Epoch 26/100] Batch [850/1304] | Train Loss: 0.0189
   [Epoch 26/100] Batch [900/1304] | Train Loss: 0.0113
   [Epoch 26/100] Batch [950/1304] | Train Loss: 0.0006
   [Epoch 26/100] Batch [1000/1304] | Train Loss: 0.0072
   [Epoch 26/100] Batch [1050/1304] | Train Loss: 0.0120
   [Epoch 26/100] Batch [1100/1304] | Train Loss: 0.0007
   [Epoch 26/100] Batch [1150/1304] | Train Loss: 0.0012
   [Epoch 26/100] Batch [1200/1304] | Train Loss: 0.0065
   [Epoch 26/100] Batch [1250/1304] | Train Loss: 0.0220
   [Epoch 26/100] Batch [1300/1304] | Train Loss: 0.0020
Epoch 26 结束，正在进行验证集全量体检...
--------------------------------------------------
   Epoch [26/100] 战报:
   Train Loss: 0.0066 | Val Loss: 0.0338
   Val F1-Score: 0.5482
最新训练进度已存档: /root/autodl-tmp/Graduation_Project/outputs/models/latest_checkpoint.pth
早停警告: 连续 16/16 轮未打破记录。

触发早停机制！连续 16 轮 F1 无提升。
模型已进入严重过拟合状态，切断训练！
训练全部结束！最高 Val F1 分数锁定在: 0.5578
最佳权重已安放在: /root/autodl-tmp/Graduation_Project/outputs/models/best_model.pth

双联屏训练战报已高清保存至: /root/autodl-tmp/Graduation_Project/outputs/figures/training_dashboard.png
