检测到云端算力平台 (AutoDL)，自动切换至数据盘挂载路径...
启动 [留一法交叉验证 (LOOCV)] 全自动化基线评估大流水线！

*************************
正在攻坚靶标: chb16
*************************

==================================================
正在启动 【双分支老中医】 炼丹炉 (当前测试靶标: chb16)
==================================================
核心算力引擎: cuda

后勤部接到 【训练沙箱/全量】 指令！目标名单：['chb01', 'chb02', 'chb03', 'chb04', 'chb05', 'chb06', 'chb07', 'chb08', 'chb09', 'chb10', 'chb11', 'chb12', 'chb13', 'chb14', 'chb15', 'chb17', 'chb18', 'chb19', 'chb20', 'chb21', 'chb22', 'chb23', 'chb24']
正在挂载数据管道: chb01_01_X.npy
正在挂载数据管道: chb01_02_X.npy
正在挂载数据管道: chb01_03_X.npy
正在挂载数据管道: chb01_04_X.npy
正在挂载数据管道: chb01_05_X.npy
正在挂载数据管道: chb01_06_X.npy
正在挂载数据管道: chb01_07_X.npy
正在挂载数据管道: chb01_08_X.npy
正在挂载数据管道: chb01_09_X.npy
正在挂载数据管道: chb01_10_X.npy
正在挂载数据管道: chb01_11_X.npy
正在挂载数据管道: chb01_12_X.npy
正在挂载数据管道: chb01_13_X.npy
正在挂载数据管道: chb01_14_X.npy
正在挂载数据管道: chb01_15_X.npy
正在挂载数据管道: chb01_16_X.npy
正在挂载数据管道: chb01_17_X.npy
正在挂载数据管道: chb01_18_X.npy
正在挂载数据管道: chb01_19_X.npy
正在挂载数据管道: chb01_20_X.npy
正在挂载数据管道: chb01_21_X.npy
正在挂载数据管道: chb01_22_X.npy
正在挂载数据管道: chb01_23_X.npy
正在挂载数据管道: chb01_24_X.npy
正在挂载数据管道: chb01_25_X.npy
正在挂载数据管道: chb01_26_X.npy
正在挂载数据管道: chb01_27_X.npy
正在挂载数据管道: chb01_29_X.npy
正在挂载数据管道: chb01_30_X.npy
正在挂载数据管道: chb01_31_X.npy
正在挂载数据管道: chb01_32_X.npy
正在挂载数据管道: chb01_33_X.npy
正在挂载数据管道: chb01_34_X.npy
正在挂载数据管道: chb01_36_X.npy
正在挂载数据管道: chb01_37_X.npy
正在挂载数据管道: chb01_38_X.npy
正在挂载数据管道: chb01_39_X.npy
正在挂载数据管道: chb01_40_X.npy
正在挂载数据管道: chb01_41_X.npy
正在挂载数据管道: chb01_42_X.npy
正在挂载数据管道: chb01_43_X.npy
正在挂载数据管道: chb01_46_X.npy
正在挂载数据管道: chb02_01_X.npy
正在挂载数据管道: chb02_02_X.npy
正在挂载数据管道: chb02_03_X.npy
正在挂载数据管道: chb02_04_X.npy
正在挂载数据管道: chb02_05_X.npy
正在挂载数据管道: chb02_06_X.npy
正在挂载数据管道: chb02_07_X.npy
正在挂载数据管道: chb02_08_X.npy
正在挂载数据管道: chb02_09_X.npy
正在挂载数据管道: chb02_10_X.npy
正在挂载数据管道: chb02_11_X.npy
正在挂载数据管道: chb02_12_X.npy
正在挂载数据管道: chb02_13_X.npy
正在挂载数据管道: chb02_14_X.npy
正在挂载数据管道: chb02_15_X.npy
正在挂载数据管道: chb02_16+_X.npy
正在挂载数据管道: chb02_16_X.npy
正在挂载数据管道: chb02_17_X.npy
正在挂载数据管道: chb02_18_X.npy
正在挂载数据管道: chb02_19_X.npy
正在挂载数据管道: chb02_20_X.npy
正在挂载数据管道: chb02_21_X.npy
正在挂载数据管道: chb02_22_X.npy
正在挂载数据管道: chb02_23_X.npy
正在挂载数据管道: chb02_24_X.npy
正在挂载数据管道: chb02_25_X.npy
正在挂载数据管道: chb02_26_X.npy
正在挂载数据管道: chb02_27_X.npy
正在挂载数据管道: chb02_28_X.npy
正在挂载数据管道: chb02_29_X.npy
正在挂载数据管道: chb02_30_X.npy
正在挂载数据管道: chb02_31_X.npy
正在挂载数据管道: chb02_32_X.npy
正在挂载数据管道: chb02_33_X.npy
正在挂载数据管道: chb02_34_X.npy
正在挂载数据管道: chb02_35_X.npy
正在挂载数据管道: chb03_01_X.npy
正在挂载数据管道: chb03_02_X.npy
正在挂载数据管道: chb03_03_X.npy
正在挂载数据管道: chb03_04_X.npy
正在挂载数据管道: chb03_05_X.npy
正在挂载数据管道: chb03_06_X.npy
正在挂载数据管道: chb03_07_X.npy
正在挂载数据管道: chb03_08_X.npy
正在挂载数据管道: chb03_09_X.npy
正在挂载数据管道: chb03_10_X.npy
正在挂载数据管道: chb03_11_X.npy
正在挂载数据管道: chb03_12_X.npy
正在挂载数据管道: chb03_13_X.npy
正在挂载数据管道: chb03_14_X.npy
正在挂载数据管道: chb03_15_X.npy
正在挂载数据管道: chb03_16_X.npy
正在挂载数据管道: chb03_17_X.npy
正在挂载数据管道: chb03_18_X.npy
正在挂载数据管道: chb03_19_X.npy
正在挂载数据管道: chb03_20_X.npy
正在挂载数据管道: chb03_21_X.npy
正在挂载数据管道: chb03_22_X.npy
正在挂载数据管道: chb03_23_X.npy
正在挂载数据管道: chb03_24_X.npy
正在挂载数据管道: chb03_25_X.npy
正在挂载数据管道: chb03_26_X.npy
正在挂载数据管道: chb03_27_X.npy
正在挂载数据管道: chb03_28_X.npy
正在挂载数据管道: chb03_29_X.npy
正在挂载数据管道: chb03_30_X.npy
正在挂载数据管道: chb03_31_X.npy
正在挂载数据管道: chb03_32_X.npy
正在挂载数据管道: chb03_33_X.npy
正在挂载数据管道: chb03_34_X.npy
正在挂载数据管道: chb03_35_X.npy
正在挂载数据管道: chb03_36_X.npy
正在挂载数据管道: chb03_37_X.npy
正在挂载数据管道: chb03_38_X.npy
正在挂载数据管道: chb04_01_X.npy
正在挂载数据管道: chb04_02_X.npy
正在挂载数据管道: chb04_03_X.npy
正在挂载数据管道: chb04_04_X.npy
正在挂载数据管道: chb04_05_X.npy
正在挂载数据管道: chb04_06_X.npy
正在挂载数据管道: chb04_07_X.npy
正在挂载数据管道: chb04_08_X.npy
正在挂载数据管道: chb04_09_X.npy
正在挂载数据管道: chb04_10_X.npy
正在挂载数据管道: chb04_11_X.npy
正在挂载数据管道: chb04_12_X.npy
正在挂载数据管道: chb04_13_X.npy
正在挂载数据管道: chb04_14_X.npy
正在挂载数据管道: chb04_15_X.npy
正在挂载数据管道: chb04_16_X.npy
正在挂载数据管道: chb04_17_X.npy
正在挂载数据管道: chb04_18_X.npy
正在挂载数据管道: chb04_19_X.npy
正在挂载数据管道: chb04_21_X.npy
正在挂载数据管道: chb04_22_X.npy
正在挂载数据管道: chb04_23_X.npy
正在挂载数据管道: chb04_24_X.npy
正在挂载数据管道: chb04_25_X.npy
正在挂载数据管道: chb04_26_X.npy
正在挂载数据管道: chb04_27_X.npy
正在挂载数据管道: chb04_28_X.npy
正在挂载数据管道: chb04_29_X.npy
正在挂载数据管道: chb04_30_X.npy
正在挂载数据管道: chb04_31_X.npy
正在挂载数据管道: chb04_32_X.npy
正在挂载数据管道: chb04_33_X.npy
正在挂载数据管道: chb04_34_X.npy
正在挂载数据管道: chb04_35_X.npy
正在挂载数据管道: chb04_36_X.npy
正在挂载数据管道: chb04_37_X.npy
正在挂载数据管道: chb04_38_X.npy
正在挂载数据管道: chb04_39_X.npy
正在挂载数据管道: chb04_40_X.npy
正在挂载数据管道: chb04_41_X.npy
正在挂载数据管道: chb04_42_X.npy
正在挂载数据管道: chb04_43_X.npy
正在挂载数据管道: chb05_01_X.npy
正在挂载数据管道: chb05_02_X.npy
正在挂载数据管道: chb05_03_X.npy
正在挂载数据管道: chb05_04_X.npy
正在挂载数据管道: chb05_05_X.npy
正在挂载数据管道: chb05_06_X.npy
正在挂载数据管道: chb05_07_X.npy
正在挂载数据管道: chb05_08_X.npy
正在挂载数据管道: chb05_09_X.npy
正在挂载数据管道: chb05_10_X.npy
正在挂载数据管道: chb05_11_X.npy
正在挂载数据管道: chb05_12_X.npy
正在挂载数据管道: chb05_13_X.npy
正在挂载数据管道: chb05_14_X.npy
正在挂载数据管道: chb05_15_X.npy
正在挂载数据管道: chb05_16_X.npy
正在挂载数据管道: chb05_17_X.npy
正在挂载数据管道: chb05_18_X.npy
正在挂载数据管道: chb05_19_X.npy
正在挂载数据管道: chb05_20_X.npy
正在挂载数据管道: chb05_21_X.npy
正在挂载数据管道: chb05_22_X.npy
正在挂载数据管道: chb05_23_X.npy
正在挂载数据管道: chb05_24_X.npy
正在挂载数据管道: chb05_25_X.npy
正在挂载数据管道: chb05_26_X.npy
正在挂载数据管道: chb05_27_X.npy
正在挂载数据管道: chb05_28_X.npy
正在挂载数据管道: chb05_29_X.npy
正在挂载数据管道: chb05_30_X.npy
正在挂载数据管道: chb05_31_X.npy
正在挂载数据管道: chb05_32_X.npy
正在挂载数据管道: chb05_33_X.npy
正在挂载数据管道: chb05_34_X.npy
正在挂载数据管道: chb05_35_X.npy
正在挂载数据管道: chb05_36_X.npy
正在挂载数据管道: chb05_37_X.npy
正在挂载数据管道: chb05_38_X.npy
正在挂载数据管道: chb05_39_X.npy
正在挂载数据管道: chb06_01_X.npy
正在挂载数据管道: chb06_02_X.npy
正在挂载数据管道: chb06_03_X.npy
正在挂载数据管道: chb06_04_X.npy
正在挂载数据管道: chb06_05_X.npy
正在挂载数据管道: chb06_06_X.npy
正在挂载数据管道: chb06_07_X.npy
正在挂载数据管道: chb06_08_X.npy
正在挂载数据管道: chb06_09_X.npy
正在挂载数据管道: chb06_10_X.npy
正在挂载数据管道: chb06_12_X.npy
正在挂载数据管道: chb06_13_X.npy
正在挂载数据管道: chb06_14_X.npy
正在挂载数据管道: chb06_15_X.npy
正在挂载数据管道: chb06_16_X.npy
正在挂载数据管道: chb06_17_X.npy
正在挂载数据管道: chb06_18_X.npy
正在挂载数据管道: chb06_24_X.npy
正在挂载数据管道: chb07_01_X.npy
正在挂载数据管道: chb07_02_X.npy
正在挂载数据管道: chb07_03_X.npy
正在挂载数据管道: chb07_04_X.npy
正在挂载数据管道: chb07_05_X.npy
正在挂载数据管道: chb07_06_X.npy
正在挂载数据管道: chb07_07_X.npy
正在挂载数据管道: chb07_08_X.npy
正在挂载数据管道: chb07_09_X.npy
正在挂载数据管道: chb07_10_X.npy
正在挂载数据管道: chb07_11_X.npy
正在挂载数据管道: chb07_12_X.npy
正在挂载数据管道: chb07_13_X.npy
正在挂载数据管道: chb07_14_X.npy
正在挂载数据管道: chb07_15_X.npy
正在挂载数据管道: chb07_16_X.npy
正在挂载数据管道: chb07_17_X.npy
正在挂载数据管道: chb07_18_X.npy
正在挂载数据管道: chb07_19_X.npy
正在挂载数据管道: chb08_02_X.npy
正在挂载数据管道: chb08_03_X.npy
正在挂载数据管道: chb08_04_X.npy
正在挂载数据管道: chb08_05_X.npy
正在挂载数据管道: chb08_10_X.npy
正在挂载数据管道: chb08_11_X.npy
正在挂载数据管道: chb08_12_X.npy
正在挂载数据管道: chb08_13_X.npy
正在挂载数据管道: chb08_14_X.npy
正在挂载数据管道: chb08_15_X.npy
正在挂载数据管道: chb08_16_X.npy
正在挂载数据管道: chb08_17_X.npy
正在挂载数据管道: chb08_18_X.npy
正在挂载数据管道: chb08_19_X.npy
正在挂载数据管道: chb08_20_X.npy
正在挂载数据管道: chb08_21_X.npy
正在挂载数据管道: chb08_22_X.npy
正在挂载数据管道: chb08_23_X.npy
正在挂载数据管道: chb08_24_X.npy
正在挂载数据管道: chb08_29_X.npy
正在挂载数据管道: chb09_01_X.npy
正在挂载数据管道: chb09_02_X.npy
正在挂载数据管道: chb09_03_X.npy
正在挂载数据管道: chb09_04_X.npy
正在挂载数据管道: chb09_05_X.npy
正在挂载数据管道: chb09_06_X.npy
正在挂载数据管道: chb09_07_X.npy
正在挂载数据管道: chb09_08_X.npy
正在挂载数据管道: chb09_09_X.npy
正在挂载数据管道: chb09_10_X.npy
正在挂载数据管道: chb09_11_X.npy
正在挂载数据管道: chb09_12_X.npy
正在挂载数据管道: chb09_13_X.npy
正在挂载数据管道: chb09_14_X.npy
正在挂载数据管道: chb09_15_X.npy
正在挂载数据管道: chb09_16_X.npy
正在挂载数据管道: chb09_17_X.npy
正在挂载数据管道: chb09_18_X.npy
正在挂载数据管道: chb09_19_X.npy
正在挂载数据管道: chb10_01_X.npy
正在挂载数据管道: chb10_02_X.npy
正在挂载数据管道: chb10_03_X.npy
正在挂载数据管道: chb10_04_X.npy
正在挂载数据管道: chb10_05_X.npy
正在挂载数据管道: chb10_06_X.npy
正在挂载数据管道: chb10_07_X.npy
正在挂载数据管道: chb10_08_X.npy
正在挂载数据管道: chb10_12_X.npy
正在挂载数据管道: chb10_13_X.npy
正在挂载数据管道: chb10_14_X.npy
正在挂载数据管道: chb10_15_X.npy
正在挂载数据管道: chb10_16_X.npy
正在挂载数据管道: chb10_17_X.npy
正在挂载数据管道: chb10_18_X.npy
正在挂载数据管道: chb10_19_X.npy
正在挂载数据管道: chb10_20_X.npy
正在挂载数据管道: chb10_21_X.npy
正在挂载数据管道: chb10_22_X.npy
正在挂载数据管道: chb10_27_X.npy
正在挂载数据管道: chb10_28_X.npy
正在挂载数据管道: chb10_30_X.npy
正在挂载数据管道: chb10_31_X.npy
正在挂载数据管道: chb10_38_X.npy
正在挂载数据管道: chb10_89_X.npy
正在挂载数据管道: chb11_01_X.npy
正在挂载数据管道: chb11_02_X.npy
正在挂载数据管道: chb11_03_X.npy
正在挂载数据管道: chb11_04_X.npy
正在挂载数据管道: chb11_05_X.npy
正在挂载数据管道: chb11_06_X.npy
正在挂载数据管道: chb11_07_X.npy
正在挂载数据管道: chb11_08_X.npy
正在挂载数据管道: chb11_09_X.npy
正在挂载数据管道: chb11_10_X.npy
正在挂载数据管道: chb11_11_X.npy
正在挂载数据管道: chb11_12_X.npy
正在挂载数据管道: chb11_13_X.npy
正在挂载数据管道: chb11_14_X.npy
正在挂载数据管道: chb11_15_X.npy
正在挂载数据管道: chb11_16_X.npy
正在挂载数据管道: chb11_17_X.npy
正在挂载数据管道: chb11_18_X.npy
正在挂载数据管道: chb11_19_X.npy
正在挂载数据管道: chb11_24_X.npy
正在挂载数据管道: chb11_25_X.npy
正在挂载数据管道: chb11_26_X.npy
正在挂载数据管道: chb11_27_X.npy
正在挂载数据管道: chb11_53_X.npy
正在挂载数据管道: chb11_54_X.npy
正在挂载数据管道: chb11_55_X.npy
正在挂载数据管道: chb11_56_X.npy
正在挂载数据管道: chb11_58_X.npy
正在挂载数据管道: chb11_60_X.npy
正在挂载数据管道: chb11_61_X.npy
正在挂载数据管道: chb11_62_X.npy
正在挂载数据管道: chb11_63_X.npy
正在挂载数据管道: chb11_82_X.npy
正在挂载数据管道: chb11_92_X.npy
正在挂载数据管道: chb11_99_X.npy
正在挂载数据管道: chb12_06_X.npy
正在挂载数据管道: chb12_08_X.npy
正在挂载数据管道: chb12_09_X.npy
正在挂载数据管道: chb12_10_X.npy
正在挂载数据管道: chb12_11_X.npy
正在挂载数据管道: chb12_19_X.npy
正在挂载数据管道: chb12_20_X.npy
正在挂载数据管道: chb12_21_X.npy
正在挂载数据管道: chb12_23_X.npy
正在挂载数据管道: chb12_24_X.npy
正在挂载数据管道: chb12_32_X.npy
正在挂载数据管道: chb12_33_X.npy
正在挂载数据管道: chb12_34_X.npy
正在挂载数据管道: chb12_35_X.npy
正在挂载数据管道: chb12_36_X.npy
正在挂载数据管道: chb12_37_X.npy
正在挂载数据管道: chb12_38_X.npy
正在挂载数据管道: chb12_39_X.npy
正在挂载数据管道: chb12_40_X.npy
正在挂载数据管道: chb12_41_X.npy
正在挂载数据管道: chb12_42_X.npy
正在挂载数据管道: chb13_02_X.npy
正在挂载数据管道: chb13_03_X.npy
正在挂载数据管道: chb13_04_X.npy
正在挂载数据管道: chb13_05_X.npy
正在挂载数据管道: chb13_06_X.npy
正在挂载数据管道: chb13_07_X.npy
正在挂载数据管道: chb13_08_X.npy
正在挂载数据管道: chb13_09_X.npy
正在挂载数据管道: chb13_10_X.npy
正在挂载数据管道: chb13_11_X.npy
正在挂载数据管道: chb13_12_X.npy
正在挂载数据管道: chb13_13_X.npy
正在挂载数据管道: chb13_14_X.npy
正在挂载数据管道: chb13_15_X.npy
正在挂载数据管道: chb13_16_X.npy
正在挂载数据管道: chb13_18_X.npy
正在挂载数据管道: chb13_19_X.npy
正在挂载数据管道: chb13_21_X.npy
正在挂载数据管道: chb13_22_X.npy
正在挂载数据管道: chb13_24_X.npy
正在挂载数据管道: chb13_30_X.npy
正在挂载数据管道: chb13_36_X.npy
正在挂载数据管道: chb13_37_X.npy
正在挂载数据管道: chb13_38_X.npy
正在挂载数据管道: chb13_39_X.npy
正在挂载数据管道: chb13_40_X.npy
正在挂载数据管道: chb13_47_X.npy
正在挂载数据管道: chb13_55_X.npy
正在挂载数据管道: chb13_56_X.npy
正在挂载数据管道: chb13_58_X.npy
正在挂载数据管道: chb13_59_X.npy
正在挂载数据管道: chb13_60_X.npy
正在挂载数据管道: chb13_62_X.npy
正在挂载数据管道: chb14_01_X.npy
正在挂载数据管道: chb14_02_X.npy
正在挂载数据管道: chb14_03_X.npy
正在挂载数据管道: chb14_04_X.npy
正在挂载数据管道: chb14_06_X.npy
正在挂载数据管道: chb14_07_X.npy
正在挂载数据管道: chb14_11_X.npy
正在挂载数据管道: chb14_12_X.npy
正在挂载数据管道: chb14_13_X.npy
正在挂载数据管道: chb14_14_X.npy
正在挂载数据管道: chb14_16_X.npy
正在挂载数据管道: chb14_17_X.npy
正在挂载数据管道: chb14_18_X.npy
正在挂载数据管道: chb14_19_X.npy
正在挂载数据管道: chb14_20_X.npy
正在挂载数据管道: chb14_22_X.npy
正在挂载数据管道: chb14_24_X.npy
正在挂载数据管道: chb14_25_X.npy
正在挂载数据管道: chb14_26_X.npy
正在挂载数据管道: chb14_27_X.npy
正在挂载数据管道: chb14_29_X.npy
正在挂载数据管道: chb14_30_X.npy
正在挂载数据管道: chb14_32_X.npy
正在挂载数据管道: chb14_37_X.npy
正在挂载数据管道: chb14_39_X.npy
正在挂载数据管道: chb14_42_X.npy
正在挂载数据管道: chb15_01_X.npy
正在挂载数据管道: chb15_02_X.npy
正在挂载数据管道: chb15_03_X.npy
正在挂载数据管道: chb15_04_X.npy
正在挂载数据管道: chb15_05_X.npy
正在挂载数据管道: chb15_06_X.npy
正在挂载数据管道: chb15_07_X.npy
正在挂载数据管道: chb15_08_X.npy
正在挂载数据管道: chb15_09_X.npy
正在挂载数据管道: chb15_10_X.npy
正在挂载数据管道: chb15_11_X.npy
正在挂载数据管道: chb15_12_X.npy
正在挂载数据管道: chb15_13_X.npy
正在挂载数据管道: chb15_14_X.npy
正在挂载数据管道: chb15_15_X.npy
正在挂载数据管道: chb15_16_X.npy
正在挂载数据管道: chb15_17_X.npy
正在挂载数据管道: chb15_19_X.npy
正在挂载数据管道: chb15_20_X.npy
正在挂载数据管道: chb15_22_X.npy
正在挂载数据管道: chb15_26_X.npy
正在挂载数据管道: chb15_28_X.npy
正在挂载数据管道: chb15_29_X.npy
正在挂载数据管道: chb15_30_X.npy
正在挂载数据管道: chb15_31_X.npy
正在挂载数据管道: chb15_32_X.npy
正在挂载数据管道: chb15_33_X.npy
正在挂载数据管道: chb15_35_X.npy
正在挂载数据管道: chb15_37_X.npy
正在挂载数据管道: chb15_40_X.npy
正在挂载数据管道: chb15_45_X.npy
正在挂载数据管道: chb15_46_X.npy
正在挂载数据管道: chb15_49_X.npy
正在挂载数据管道: chb15_50_X.npy
正在挂载数据管道: chb15_51_X.npy
正在挂载数据管道: chb15_52_X.npy
正在挂载数据管道: chb15_54_X.npy
正在挂载数据管道: chb15_61_X.npy
正在挂载数据管道: chb15_62_X.npy
正在挂载数据管道: chb15_63_X.npy
正在挂载数据管道: chb17a_03_X.npy
正在挂载数据管道: chb17a_04_X.npy
正在挂载数据管道: chb17a_05_X.npy
正在挂载数据管道: chb17a_06_X.npy
正在挂载数据管道: chb17a_08_X.npy
正在挂载数据管道: chb17b_57_X.npy
正在挂载数据管道: chb17b_58_X.npy
正在挂载数据管道: chb17b_59_X.npy
正在挂载数据管道: chb17b_60_X.npy
正在挂载数据管道: chb17b_63_X.npy
正在挂载数据管道: chb17b_67_X.npy
正在挂载数据管道: chb17b_68_X.npy
正在挂载数据管道: chb17b_69_X.npy
正在挂载数据管道: chb17c_02_X.npy
正在挂载数据管道: chb17c_03_X.npy
正在挂载数据管道: chb17c_04_X.npy
正在挂载数据管道: chb17c_05_X.npy
正在挂载数据管道: chb17c_06_X.npy
正在挂载数据管道: chb17c_07_X.npy
正在挂载数据管道: chb17c_08_X.npy
正在挂载数据管道: chb17c_13_X.npy
正在挂载数据管道: chb18_01_X.npy
正在挂载数据管道: chb18_02_X.npy
正在挂载数据管道: chb18_03_X.npy
正在挂载数据管道: chb18_04_X.npy
正在挂载数据管道: chb18_05_X.npy
正在挂载数据管道: chb18_06_X.npy
正在挂载数据管道: chb18_07_X.npy
正在挂载数据管道: chb18_08_X.npy
正在挂载数据管道: chb18_09_X.npy
正在挂载数据管道: chb18_10_X.npy
正在挂载数据管道: chb18_11_X.npy
正在挂载数据管道: chb18_12_X.npy
正在挂载数据管道: chb18_13_X.npy
正在挂载数据管道: chb18_14_X.npy
正在挂载数据管道: chb18_15_X.npy
正在挂载数据管道: chb18_16_X.npy
正在挂载数据管道: chb18_17_X.npy
正在挂载数据管道: chb18_18_X.npy
正在挂载数据管道: chb18_19_X.npy
正在挂载数据管道: chb18_20_X.npy
正在挂载数据管道: chb18_21_X.npy
正在挂载数据管道: chb18_22_X.npy
正在挂载数据管道: chb18_23_X.npy
正在挂载数据管道: chb18_24_X.npy
正在挂载数据管道: chb18_25_X.npy
正在挂载数据管道: chb18_26_X.npy
正在挂载数据管道: chb18_27_X.npy
正在挂载数据管道: chb18_28_X.npy
正在挂载数据管道: chb18_29_X.npy
正在挂载数据管道: chb18_30_X.npy
正在挂载数据管道: chb18_31_X.npy
正在挂载数据管道: chb18_32_X.npy
正在挂载数据管道: chb18_33_X.npy
正在挂载数据管道: chb18_34_X.npy
正在挂载数据管道: chb18_35_X.npy
正在挂载数据管道: chb18_36_X.npy
正在挂载数据管道: chb19_01_X.npy
正在挂载数据管道: chb19_02_X.npy
正在挂载数据管道: chb19_03_X.npy
正在挂载数据管道: chb19_04_X.npy
正在挂载数据管道: chb19_05_X.npy
正在挂载数据管道: chb19_06_X.npy
正在挂载数据管道: chb19_07_X.npy
正在挂载数据管道: chb19_08_X.npy
正在挂载数据管道: chb19_09_X.npy
正在挂载数据管道: chb19_10_X.npy
正在挂载数据管道: chb19_11_X.npy
正在挂载数据管道: chb19_12_X.npy
正在挂载数据管道: chb19_13_X.npy
正在挂载数据管道: chb19_14_X.npy
正在挂载数据管道: chb19_15_X.npy
正在挂载数据管道: chb19_16_X.npy
正在挂载数据管道: chb19_17_X.npy
正在挂载数据管道: chb19_18_X.npy
正在挂载数据管道: chb19_19_X.npy
正在挂载数据管道: chb19_20_X.npy
正在挂载数据管道: chb19_21_X.npy
正在挂载数据管道: chb19_22_X.npy
正在挂载数据管道: chb19_23_X.npy
正在挂载数据管道: chb19_24_X.npy
正在挂载数据管道: chb19_25_X.npy
正在挂载数据管道: chb19_26_X.npy
正在挂载数据管道: chb19_27_X.npy
正在挂载数据管道: chb19_28_X.npy
正在挂载数据管道: chb19_29_X.npy
正在挂载数据管道: chb19_30_X.npy
正在挂载数据管道: chb20_01_X.npy
正在挂载数据管道: chb20_02_X.npy
正在挂载数据管道: chb20_03_X.npy
正在挂载数据管道: chb20_04_X.npy
正在挂载数据管道: chb20_05_X.npy
正在挂载数据管道: chb20_06_X.npy
正在挂载数据管道: chb20_07_X.npy
正在挂载数据管道: chb20_08_X.npy
正在挂载数据管道: chb20_11_X.npy
正在挂载数据管道: chb20_12_X.npy
正在挂载数据管道: chb20_13_X.npy
正在挂载数据管道: chb20_14_X.npy
正在挂载数据管道: chb20_15_X.npy
正在挂载数据管道: chb20_16_X.npy
正在挂载数据管道: chb20_17_X.npy
正在挂载数据管道: chb20_21_X.npy
正在挂载数据管道: chb20_22_X.npy
正在挂载数据管道: chb20_23_X.npy
正在挂载数据管道: chb20_25_X.npy
正在挂载数据管道: chb20_26_X.npy
正在挂载数据管道: chb20_27_X.npy
正在挂载数据管道: chb20_28_X.npy
正在挂载数据管道: chb20_29_X.npy
正在挂载数据管道: chb20_30_X.npy
正在挂载数据管道: chb20_31_X.npy
正在挂载数据管道: chb20_34_X.npy
正在挂载数据管道: chb20_59_X.npy
正在挂载数据管道: chb20_60_X.npy
正在挂载数据管道: chb20_68_X.npy
正在挂载数据管道: chb21_01_X.npy
正在挂载数据管道: chb21_02_X.npy
正在挂载数据管道: chb21_03_X.npy
正在挂载数据管道: chb21_04_X.npy
正在挂载数据管道: chb21_05_X.npy
正在挂载数据管道: chb21_06_X.npy
正在挂载数据管道: chb21_07_X.npy
正在挂载数据管道: chb21_08_X.npy
正在挂载数据管道: chb21_09_X.npy
正在挂载数据管道: chb21_10_X.npy
正在挂载数据管道: chb21_11_X.npy
正在挂载数据管道: chb21_12_X.npy
正在挂载数据管道: chb21_13_X.npy
正在挂载数据管道: chb21_14_X.npy
正在挂载数据管道: chb21_15_X.npy
正在挂载数据管道: chb21_16_X.npy
正在挂载数据管道: chb21_17_X.npy
正在挂载数据管道: chb21_18_X.npy
正在挂载数据管道: chb21_19_X.npy
正在挂载数据管道: chb21_20_X.npy
正在挂载数据管道: chb21_21_X.npy
正在挂载数据管道: chb21_22_X.npy
正在挂载数据管道: chb21_23_X.npy
正在挂载数据管道: chb21_24_X.npy
正在挂载数据管道: chb21_25_X.npy
正在挂载数据管道: chb21_26_X.npy
正在挂载数据管道: chb21_27_X.npy
正在挂载数据管道: chb21_28_X.npy
正在挂载数据管道: chb21_29_X.npy
正在挂载数据管道: chb21_30_X.npy
正在挂载数据管道: chb21_31_X.npy
正在挂载数据管道: chb21_32_X.npy
正在挂载数据管道: chb21_33_X.npy
正在挂载数据管道: chb22_01_X.npy
正在挂载数据管道: chb22_02_X.npy
正在挂载数据管道: chb22_03_X.npy
正在挂载数据管道: chb22_04_X.npy
正在挂载数据管道: chb22_05_X.npy
正在挂载数据管道: chb22_06_X.npy
正在挂载数据管道: chb22_07_X.npy
正在挂载数据管道: chb22_08_X.npy
正在挂载数据管道: chb22_09_X.npy
正在挂载数据管道: chb22_10_X.npy
正在挂载数据管道: chb22_11_X.npy
正在挂载数据管道: chb22_15_X.npy
正在挂载数据管道: chb22_16_X.npy
正在挂载数据管道: chb22_17_X.npy
正在挂载数据管道: chb22_18_X.npy
正在挂载数据管道: chb22_19_X.npy
正在挂载数据管道: chb22_20_X.npy
正在挂载数据管道: chb22_21_X.npy
正在挂载数据管道: chb22_22_X.npy
正在挂载数据管道: chb22_23_X.npy
正在挂载数据管道: chb22_24_X.npy
正在挂载数据管道: chb22_25_X.npy
正在挂载数据管道: chb22_26_X.npy
正在挂载数据管道: chb22_27_X.npy
正在挂载数据管道: chb22_28_X.npy
正在挂载数据管道: chb22_29_X.npy
正在挂载数据管道: chb22_30_X.npy
正在挂载数据管道: chb22_38_X.npy
正在挂载数据管道: chb22_51_X.npy
正在挂载数据管道: chb22_54_X.npy
正在挂载数据管道: chb22_77_X.npy
正在挂载数据管道: chb23_06_X.npy
正在挂载数据管道: chb23_07_X.npy
正在挂载数据管道: chb23_08_X.npy
正在挂载数据管道: chb23_09_X.npy
正在挂载数据管道: chb23_10_X.npy
正在挂载数据管道: chb23_16_X.npy
正在挂载数据管道: chb23_17_X.npy
正在挂载数据管道: chb23_19_X.npy
正在挂载数据管道: chb23_20_X.npy
正在挂载数据管道: chb24_01_X.npy
正在挂载数据管道: chb24_03_X.npy
正在挂载数据管道: chb24_04_X.npy
正在挂载数据管道: chb24_06_X.npy
正在挂载数据管道: chb24_07_X.npy
正在挂载数据管道: chb24_09_X.npy
正在挂载数据管道: chb24_11_X.npy
正在挂载数据管道: chb24_13_X.npy
正在挂载数据管道: chb24_14_X.npy
正在挂载数据管道: chb24_15_X.npy
正在挂载数据管道: chb24_17_X.npy
正在挂载数据管道: chb24_21_X.npy

[全新启动] 开启全新双分支训练流水线...

   [Epoch 1/100] Batch [50/2666] | Train Loss: 0.0401
   [Epoch 1/100] Batch [100/2666] | Train Loss: 0.0150
   [Epoch 1/100] Batch [150/2666] | Train Loss: 0.0458
   [Epoch 1/100] Batch [200/2666] | Train Loss: 0.0393
   [Epoch 1/100] Batch [250/2666] | Train Loss: 0.0266
   [Epoch 1/100] Batch [300/2666] | Train Loss: 0.0040
   [Epoch 1/100] Batch [350/2666] | Train Loss: 0.0333
   [Epoch 1/100] Batch [400/2666] | Train Loss: 0.0320
   [Epoch 1/100] Batch [450/2666] | Train Loss: 0.0041
   [Epoch 1/100] Batch [500/2666] | Train Loss: 0.0012
   [Epoch 1/100] Batch [550/2666] | Train Loss: 0.0032
   [Epoch 1/100] Batch [600/2666] | Train Loss: 0.0234
   [Epoch 1/100] Batch [650/2666] | Train Loss: 0.0427
   [Epoch 1/100] Batch [700/2666] | Train Loss: 0.0244
   [Epoch 1/100] Batch [750/2666] | Train Loss: 0.0790
   [Epoch 1/100] Batch [800/2666] | Train Loss: 0.0090
   [Epoch 1/100] Batch [850/2666] | Train Loss: 0.0094
   [Epoch 1/100] Batch [900/2666] | Train Loss: 0.0257
   [Epoch 1/100] Batch [950/2666] | Train Loss: 0.0416
   [Epoch 1/100] Batch [1000/2666] | Train Loss: 0.0285
   [Epoch 1/100] Batch [1050/2666] | Train Loss: 0.0265
   [Epoch 1/100] Batch [1100/2666] | Train Loss: 0.0233
   [Epoch 1/100] Batch [1150/2666] | Train Loss: 0.0416
   [Epoch 1/100] Batch [1200/2666] | Train Loss: 0.0037
   [Epoch 1/100] Batch [1250/2666] | Train Loss: 0.0218
   [Epoch 1/100] Batch [1300/2666] | Train Loss: 0.0219
   [Epoch 1/100] Batch [1350/2666] | Train Loss: 0.0276
   [Epoch 1/100] Batch [1400/2666] | Train Loss: 0.0293
   [Epoch 1/100] Batch [1450/2666] | Train Loss: 0.0071
   [Epoch 1/100] Batch [1500/2666] | Train Loss: 0.0161
   [Epoch 1/100] Batch [1550/2666] | Train Loss: 0.0049
   [Epoch 1/100] Batch [1600/2666] | Train Loss: 0.0050
   [Epoch 1/100] Batch [1650/2666] | Train Loss: 0.0198
   [Epoch 1/100] Batch [1700/2666] | Train Loss: 0.0675
   [Epoch 1/100] Batch [1750/2666] | Train Loss: 0.0287
   [Epoch 1/100] Batch [1800/2666] | Train Loss: 0.0040
   [Epoch 1/100] Batch [1850/2666] | Train Loss: 0.0259
   [Epoch 1/100] Batch [1900/2666] | Train Loss: 0.0082
   [Epoch 1/100] Batch [1950/2666] | Train Loss: 0.0117
   [Epoch 1/100] Batch [2000/2666] | Train Loss: 0.0316
   [Epoch 1/100] Batch [2050/2666] | Train Loss: 0.0209
   [Epoch 1/100] Batch [2100/2666] | Train Loss: 0.0088
   [Epoch 1/100] Batch [2150/2666] | Train Loss: 0.0430
   [Epoch 1/100] Batch [2200/2666] | Train Loss: 0.0244
   [Epoch 1/100] Batch [2250/2666] | Train Loss: 0.0029
   [Epoch 1/100] Batch [2300/2666] | Train Loss: 0.0213
   [Epoch 1/100] Batch [2350/2666] | Train Loss: 0.0043
   [Epoch 1/100] Batch [2400/2666] | Train Loss: 0.0048
   [Epoch 1/100] Batch [2450/2666] | Train Loss: 0.0278
   [Epoch 1/100] Batch [2500/2666] | Train Loss: 0.0067
   [Epoch 1/100] Batch [2550/2666] | Train Loss: 0.0344
   [Epoch 1/100] Batch [2600/2666] | Train Loss: 0.0040
   [Epoch 1/100] Batch [2650/2666] | Train Loss: 0.0073
Epoch 1 结束，正在进行验证集全量体检...
--------------------------------------------------
   Epoch [1/100] 战报:
   Train Loss: 0.0209 | Val Loss: 0.0397
   Val F1-Score: 0.4017
破纪录了！Val F1 从 -1.0000 提升至 0.4017，正在保存神级权重...
--------------------------------------------------

   [Epoch 2/100] Batch [50/2666] | Train Loss: 0.0121
   [Epoch 2/100] Batch [100/2666] | Train Loss: 0.0046
   [Epoch 2/100] Batch [150/2666] | Train Loss: 0.0032
   [Epoch 2/100] Batch [200/2666] | Train Loss: 0.0456
   [Epoch 2/100] Batch [250/2666] | Train Loss: 0.0019
   [Epoch 2/100] Batch [300/2666] | Train Loss: 0.0285
   [Epoch 2/100] Batch [350/2666] | Train Loss: 0.0265
   [Epoch 2/100] Batch [400/2666] | Train Loss: 0.0012
   [Epoch 2/100] Batch [450/2666] | Train Loss: 0.0050
   [Epoch 2/100] Batch [500/2666] | Train Loss: 0.0071
   [Epoch 2/100] Batch [550/2666] | Train Loss: 0.0239
   [Epoch 2/100] Batch [600/2666] | Train Loss: 0.0060
   [Epoch 2/100] Batch [650/2666] | Train Loss: 0.0101
   [Epoch 2/100] Batch [700/2666] | Train Loss: 0.0206
   [Epoch 2/100] Batch [750/2666] | Train Loss: 0.0013
   [Epoch 2/100] Batch [800/2666] | Train Loss: 0.0202
   [Epoch 2/100] Batch [850/2666] | Train Loss: 0.0567
   [Epoch 2/100] Batch [900/2666] | Train Loss: 0.0133
   [Epoch 2/100] Batch [950/2666] | Train Loss: 0.0307
   [Epoch 2/100] Batch [1000/2666] | Train Loss: 0.0277
   [Epoch 2/100] Batch [1050/2666] | Train Loss: 0.0009
   [Epoch 2/100] Batch [1100/2666] | Train Loss: 0.0117
   [Epoch 2/100] Batch [1150/2666] | Train Loss: 0.0305
   [Epoch 2/100] Batch [1200/2666] | Train Loss: 0.0255
   [Epoch 2/100] Batch [1250/2666] | Train Loss: 0.0014
   [Epoch 2/100] Batch [1300/2666] | Train Loss: 0.0157
   [Epoch 2/100] Batch [1350/2666] | Train Loss: 0.0024
   [Epoch 2/100] Batch [1400/2666] | Train Loss: 0.0354
   [Epoch 2/100] Batch [1450/2666] | Train Loss: 0.0106
   [Epoch 2/100] Batch [1500/2666] | Train Loss: 0.0280
   [Epoch 2/100] Batch [1550/2666] | Train Loss: 0.0332
   [Epoch 2/100] Batch [1600/2666] | Train Loss: 0.0037
   [Epoch 2/100] Batch [1650/2666] | Train Loss: 0.0039
   [Epoch 2/100] Batch [1700/2666] | Train Loss: 0.0010
   [Epoch 2/100] Batch [1750/2666] | Train Loss: 0.0404
   [Epoch 2/100] Batch [1800/2666] | Train Loss: 0.0055
   [Epoch 2/100] Batch [1850/2666] | Train Loss: 0.0293
   [Epoch 2/100] Batch [1900/2666] | Train Loss: 0.0047
   [Epoch 2/100] Batch [1950/2666] | Train Loss: 0.0034
   [Epoch 2/100] Batch [2000/2666] | Train Loss: 0.0135
   [Epoch 2/100] Batch [2050/2666] | Train Loss: 0.0131
   [Epoch 2/100] Batch [2100/2666] | Train Loss: 0.0330
   [Epoch 2/100] Batch [2150/2666] | Train Loss: 0.0040
   [Epoch 2/100] Batch [2200/2666] | Train Loss: 0.0320
   [Epoch 2/100] Batch [2250/2666] | Train Loss: 0.0058
   [Epoch 2/100] Batch [2300/2666] | Train Loss: 0.0036
   [Epoch 2/100] Batch [2350/2666] | Train Loss: 0.0046
   [Epoch 2/100] Batch [2400/2666] | Train Loss: 0.0039
   [Epoch 2/100] Batch [2450/2666] | Train Loss: 0.0179
   [Epoch 2/100] Batch [2500/2666] | Train Loss: 0.0027
   [Epoch 2/100] Batch [2550/2666] | Train Loss: 0.0023
   [Epoch 2/100] Batch [2600/2666] | Train Loss: 0.0241
   [Epoch 2/100] Batch [2650/2666] | Train Loss: 0.0043
Epoch 2 结束，正在进行验证集全量体检...
--------------------------------------------------
   Epoch [2/100] 战报:
   Train Loss: 0.0141 | Val Loss: 0.0304
   Val F1-Score: 0.4396
破纪录了！Val F1 从 0.4017 提升至 0.4396，正在保存神级权重...
--------------------------------------------------

   [Epoch 3/100] Batch [50/2666] | Train Loss: 0.0377
   [Epoch 3/100] Batch [100/2666] | Train Loss: 0.0049
   [Epoch 3/100] Batch [150/2666] | Train Loss: 0.0082
   [Epoch 3/100] Batch [200/2666] | Train Loss: 0.0167
   [Epoch 3/100] Batch [250/2666] | Train Loss: 0.0315
   [Epoch 3/100] Batch [300/2666] | Train Loss: 0.0211
   [Epoch 3/100] Batch [350/2666] | Train Loss: 0.0090
   [Epoch 3/100] Batch [400/2666] | Train Loss: 0.0031
   [Epoch 3/100] Batch [450/2666] | Train Loss: 0.0051
   [Epoch 3/100] Batch [500/2666] | Train Loss: 0.0017
   [Epoch 3/100] Batch [550/2666] | Train Loss: 0.0071
   [Epoch 3/100] Batch [600/2666] | Train Loss: 0.0027
   [Epoch 3/100] Batch [650/2666] | Train Loss: 0.0021
   [Epoch 3/100] Batch [700/2666] | Train Loss: 0.0100
   [Epoch 3/100] Batch [750/2666] | Train Loss: 0.0056
   [Epoch 3/100] Batch [800/2666] | Train Loss: 0.0033
   [Epoch 3/100] Batch [850/2666] | Train Loss: 0.0017
   [Epoch 3/100] Batch [900/2666] | Train Loss: 0.0137
   [Epoch 3/100] Batch [950/2666] | Train Loss: 0.0233
   [Epoch 3/100] Batch [1000/2666] | Train Loss: 0.0006
   [Epoch 3/100] Batch [1050/2666] | Train Loss: 0.0049
   [Epoch 3/100] Batch [1100/2666] | Train Loss: 0.0464
   [Epoch 3/100] Batch [1150/2666] | Train Loss: 0.0020
   [Epoch 3/100] Batch [1200/2666] | Train Loss: 0.0012
   [Epoch 3/100] Batch [1250/2666] | Train Loss: 0.0023
   [Epoch 3/100] Batch [1300/2666] | Train Loss: 0.0024
   [Epoch 3/100] Batch [1350/2666] | Train Loss: 0.0054
   [Epoch 3/100] Batch [1400/2666] | Train Loss: 0.0081
   [Epoch 3/100] Batch [1450/2666] | Train Loss: 0.0034
   [Epoch 3/100] Batch [1500/2666] | Train Loss: 0.0190
   [Epoch 3/100] Batch [1550/2666] | Train Loss: 0.0223
   [Epoch 3/100] Batch [1600/2666] | Train Loss: 0.0012
   [Epoch 3/100] Batch [1650/2666] | Train Loss: 0.0277
   [Epoch 3/100] Batch [1700/2666] | Train Loss: 0.0016
   [Epoch 3/100] Batch [1750/2666] | Train Loss: 0.0017
   [Epoch 3/100] Batch [1800/2666] | Train Loss: 0.0026
   [Epoch 3/100] Batch [1850/2666] | Train Loss: 0.0165
   [Epoch 3/100] Batch [1900/2666] | Train Loss: 0.0010
   [Epoch 3/100] Batch [1950/2666] | Train Loss: 0.0022
   [Epoch 3/100] Batch [2000/2666] | Train Loss: 0.0022
   [Epoch 3/100] Batch [2050/2666] | Train Loss: 0.0456
   [Epoch 3/100] Batch [2100/2666] | Train Loss: 0.0222
   [Epoch 3/100] Batch [2150/2666] | Train Loss: 0.0043
   [Epoch 3/100] Batch [2200/2666] | Train Loss: 0.0015
   [Epoch 3/100] Batch [2250/2666] | Train Loss: 0.0212
   [Epoch 3/100] Batch [2300/2666] | Train Loss: 0.0151
   [Epoch 3/100] Batch [2350/2666] | Train Loss: 0.0027
   [Epoch 3/100] Batch [2400/2666] | Train Loss: 0.0047
   [Epoch 3/100] Batch [2450/2666] | Train Loss: 0.0035
   [Epoch 3/100] Batch [2500/2666] | Train Loss: 0.0092
   [Epoch 3/100] Batch [2550/2666] | Train Loss: 0.0029
   [Epoch 3/100] Batch [2600/2666] | Train Loss: 0.0020
   [Epoch 3/100] Batch [2650/2666] | Train Loss: 0.0416
Epoch 3 结束，正在进行验证集全量体检...
--------------------------------------------------
   Epoch [3/100] 战报:
   Train Loss: 0.0129 | Val Loss: 0.0294
   Val F1-Score: 0.5179
破纪录了！Val F1 从 0.4396 提升至 0.5179，正在保存神级权重...
--------------------------------------------------

   [Epoch 4/100] Batch [50/2666] | Train Loss: 0.0313
   [Epoch 4/100] Batch [100/2666] | Train Loss: 0.0020
   [Epoch 4/100] Batch [150/2666] | Train Loss: 0.0029
   [Epoch 4/100] Batch [200/2666] | Train Loss: 0.0063
   [Epoch 4/100] Batch [250/2666] | Train Loss: 0.0070
   [Epoch 4/100] Batch [300/2666] | Train Loss: 0.0261
   [Epoch 4/100] Batch [350/2666] | Train Loss: 0.0043
   [Epoch 4/100] Batch [400/2666] | Train Loss: 0.0241
   [Epoch 4/100] Batch [450/2666] | Train Loss: 0.0058
   [Epoch 4/100] Batch [500/2666] | Train Loss: 0.0609
   [Epoch 4/100] Batch [550/2666] | Train Loss: 0.0046
   [Epoch 4/100] Batch [600/2666] | Train Loss: 0.0023
   [Epoch 4/100] Batch [650/2666] | Train Loss: 0.0224
   [Epoch 4/100] Batch [700/2666] | Train Loss: 0.0025
   [Epoch 4/100] Batch [750/2666] | Train Loss: 0.0273
   [Epoch 4/100] Batch [800/2666] | Train Loss: 0.0054
   [Epoch 4/100] Batch [850/2666] | Train Loss: 0.0026
   [Epoch 4/100] Batch [900/2666] | Train Loss: 0.0101
   [Epoch 4/100] Batch [950/2666] | Train Loss: 0.0185
   [Epoch 4/100] Batch [1000/2666] | Train Loss: 0.0043
   [Epoch 4/100] Batch [1050/2666] | Train Loss: 0.0195
   [Epoch 4/100] Batch [1100/2666] | Train Loss: 0.0031
   [Epoch 4/100] Batch [1150/2666] | Train Loss: 0.0044
   [Epoch 4/100] Batch [1200/2666] | Train Loss: 0.0013
   [Epoch 4/100] Batch [1250/2666] | Train Loss: 0.0037
   [Epoch 4/100] Batch [1300/2666] | Train Loss: 0.0054
   [Epoch 4/100] Batch [1350/2666] | Train Loss: 0.0164
   [Epoch 4/100] Batch [1400/2666] | Train Loss: 0.0171
   [Epoch 4/100] Batch [1450/2666] | Train Loss: 0.0016
   [Epoch 4/100] Batch [1500/2666] | Train Loss: 0.0173
   [Epoch 4/100] Batch [1550/2666] | Train Loss: 0.0254
   [Epoch 4/100] Batch [1600/2666] | Train Loss: 0.0044
   [Epoch 4/100] Batch [1650/2666] | Train Loss: 0.0396
   [Epoch 4/100] Batch [1700/2666] | Train Loss: 0.0027
   [Epoch 4/100] Batch [1750/2666] | Train Loss: 0.0157
   [Epoch 4/100] Batch [1800/2666] | Train Loss: 0.0031
   [Epoch 4/100] Batch [1850/2666] | Train Loss: 0.0246
   [Epoch 4/100] Batch [1900/2666] | Train Loss: 0.0012
   [Epoch 4/100] Batch [1950/2666] | Train Loss: 0.0030
   [Epoch 4/100] Batch [2000/2666] | Train Loss: 0.0040
   [Epoch 4/100] Batch [2050/2666] | Train Loss: 0.0170
   [Epoch 4/100] Batch [2100/2666] | Train Loss: 0.0009
   [Epoch 4/100] Batch [2150/2666] | Train Loss: 0.0022
   [Epoch 4/100] Batch [2200/2666] | Train Loss: 0.0020
   [Epoch 4/100] Batch [2250/2666] | Train Loss: 0.0197
   [Epoch 4/100] Batch [2300/2666] | Train Loss: 0.0247
   [Epoch 4/100] Batch [2350/2666] | Train Loss: 0.0033
   [Epoch 4/100] Batch [2400/2666] | Train Loss: 0.0006
   [Epoch 4/100] Batch [2450/2666] | Train Loss: 0.0015
   [Epoch 4/100] Batch [2500/2666] | Train Loss: 0.0072
   [Epoch 4/100] Batch [2550/2666] | Train Loss: 0.0212
   [Epoch 4/100] Batch [2600/2666] | Train Loss: 0.0005
   [Epoch 4/100] Batch [2650/2666] | Train Loss: 0.0010
Epoch 4 结束，正在进行验证集全量体检...
--------------------------------------------------
   Epoch [4/100] 战报:
   Train Loss: 0.0119 | Val Loss: 0.0261
   Val F1-Score: 0.5319
破纪录了！Val F1 从 0.5179 提升至 0.5319，正在保存神级权重...
--------------------------------------------------

   [Epoch 5/100] Batch [50/2666] | Train Loss: 0.0266
   [Epoch 5/100] Batch [100/2666] | Train Loss: 0.0032
   [Epoch 5/100] Batch [150/2666] | Train Loss: 0.0313
   [Epoch 5/100] Batch [200/2666] | Train Loss: 0.0285
   [Epoch 5/100] Batch [250/2666] | Train Loss: 0.0007
   [Epoch 5/100] Batch [300/2666] | Train Loss: 0.0058
   [Epoch 5/100] Batch [350/2666] | Train Loss: 0.0046
   [Epoch 5/100] Batch [400/2666] | Train Loss: 0.0016
   [Epoch 5/100] Batch [450/2666] | Train Loss: 0.0021
   [Epoch 5/100] Batch [500/2666] | Train Loss: 0.0018
   [Epoch 5/100] Batch [550/2666] | Train Loss: 0.0111
   [Epoch 5/100] Batch [600/2666] | Train Loss: 0.0624
   [Epoch 5/100] Batch [650/2666] | Train Loss: 0.0082
   [Epoch 5/100] Batch [700/2666] | Train Loss: 0.0019
   [Epoch 5/100] Batch [750/2666] | Train Loss: 0.0028
   [Epoch 5/100] Batch [800/2666] | Train Loss: 0.0039
   [Epoch 5/100] Batch [850/2666] | Train Loss: 0.0376
   [Epoch 5/100] Batch [900/2666] | Train Loss: 0.0208
   [Epoch 5/100] Batch [950/2666] | Train Loss: 0.0036
   [Epoch 5/100] Batch [1000/2666] | Train Loss: 0.0014
   [Epoch 5/100] Batch [1050/2666] | Train Loss: 0.0045
   [Epoch 5/100] Batch [1100/2666] | Train Loss: 0.0090
   [Epoch 5/100] Batch [1150/2666] | Train Loss: 0.0030
   [Epoch 5/100] Batch [1200/2666] | Train Loss: 0.0289
   [Epoch 5/100] Batch [1250/2666] | Train Loss: 0.0015
   [Epoch 5/100] Batch [1300/2666] | Train Loss: 0.0050
   [Epoch 5/100] Batch [1350/2666] | Train Loss: 0.0049
   [Epoch 5/100] Batch [1400/2666] | Train Loss: 0.0043
   [Epoch 5/100] Batch [1450/2666] | Train Loss: 0.0325
   [Epoch 5/100] Batch [1500/2666] | Train Loss: 0.0011
   [Epoch 5/100] Batch [1550/2666] | Train Loss: 0.0047
   [Epoch 5/100] Batch [1600/2666] | Train Loss: 0.0370
   [Epoch 5/100] Batch [1650/2666] | Train Loss: 0.0033
   [Epoch 5/100] Batch [1700/2666] | Train Loss: 0.0152
   [Epoch 5/100] Batch [1750/2666] | Train Loss: 0.0143
   [Epoch 5/100] Batch [1800/2666] | Train Loss: 0.0202
   [Epoch 5/100] Batch [1850/2666] | Train Loss: 0.0265
   [Epoch 5/100] Batch [1900/2666] | Train Loss: 0.0013
   [Epoch 5/100] Batch [1950/2666] | Train Loss: 0.0018
   [Epoch 5/100] Batch [2000/2666] | Train Loss: 0.0307
   [Epoch 5/100] Batch [2050/2666] | Train Loss: 0.0413
   [Epoch 5/100] Batch [2100/2666] | Train Loss: 0.0023
   [Epoch 5/100] Batch [2150/2666] | Train Loss: 0.0038
   [Epoch 5/100] Batch [2200/2666] | Train Loss: 0.0015
   [Epoch 5/100] Batch [2250/2666] | Train Loss: 0.0406
   [Epoch 5/100] Batch [2300/2666] | Train Loss: 0.0007
   [Epoch 5/100] Batch [2350/2666] | Train Loss: 0.0047
   [Epoch 5/100] Batch [2400/2666] | Train Loss: 0.0015
   [Epoch 5/100] Batch [2450/2666] | Train Loss: 0.0197
   [Epoch 5/100] Batch [2500/2666] | Train Loss: 0.0019
   [Epoch 5/100] Batch [2550/2666] | Train Loss: 0.0042
   [Epoch 5/100] Batch [2600/2666] | Train Loss: 0.0099
   [Epoch 5/100] Batch [2650/2666] | Train Loss: 0.0056
Epoch 5 结束，正在进行验证集全量体检...
--------------------------------------------------
   Epoch [5/100] 战报:
   Train Loss: 0.0113 | Val Loss: 0.0341
   Val F1-Score: 0.5343
破纪录了！Val F1 从 0.5319 提升至 0.5343，正在保存神级权重...
--------------------------------------------------

   [Epoch 6/100] Batch [50/2666] | Train Loss: 0.0022
   [Epoch 6/100] Batch [100/2666] | Train Loss: 0.0032
   [Epoch 6/100] Batch [150/2666] | Train Loss: 0.0004
   [Epoch 6/100] Batch [200/2666] | Train Loss: 0.0140
   [Epoch 6/100] Batch [250/2666] | Train Loss: 0.0043
   [Epoch 6/100] Batch [300/2666] | Train Loss: 0.0029
   [Epoch 6/100] Batch [350/2666] | Train Loss: 0.0036
   [Epoch 6/100] Batch [400/2666] | Train Loss: 0.0014
   [Epoch 6/100] Batch [450/2666] | Train Loss: 0.0029
   [Epoch 6/100] Batch [500/2666] | Train Loss: 0.0178
   [Epoch 6/100] Batch [550/2666] | Train Loss: 0.0012
   [Epoch 6/100] Batch [600/2666] | Train Loss: 0.0267
   [Epoch 6/100] Batch [650/2666] | Train Loss: 0.0121
   [Epoch 6/100] Batch [700/2666] | Train Loss: 0.0008
   [Epoch 6/100] Batch [750/2666] | Train Loss: 0.0028
   [Epoch 6/100] Batch [800/2666] | Train Loss: 0.0142
   [Epoch 6/100] Batch [850/2666] | Train Loss: 0.0225
   [Epoch 6/100] Batch [900/2666] | Train Loss: 0.0064
   [Epoch 6/100] Batch [950/2666] | Train Loss: 0.0046
   [Epoch 6/100] Batch [1000/2666] | Train Loss: 0.0008
   [Epoch 6/100] Batch [1050/2666] | Train Loss: 0.0026
   [Epoch 6/100] Batch [1100/2666] | Train Loss: 0.0296
   [Epoch 6/100] Batch [1150/2666] | Train Loss: 0.0148
   [Epoch 6/100] Batch [1200/2666] | Train Loss: 0.0006
   [Epoch 6/100] Batch [1250/2666] | Train Loss: 0.0086
   [Epoch 6/100] Batch [1300/2666] | Train Loss: 0.0198
   [Epoch 6/100] Batch [1350/2666] | Train Loss: 0.0063
   [Epoch 6/100] Batch [1400/2666] | Train Loss: 0.0386
   [Epoch 6/100] Batch [1450/2666] | Train Loss: 0.0015
   [Epoch 6/100] Batch [1500/2666] | Train Loss: 0.0188
   [Epoch 6/100] Batch [1550/2666] | Train Loss: 0.0025
   [Epoch 6/100] Batch [1600/2666] | Train Loss: 0.0034
   [Epoch 6/100] Batch [1650/2666] | Train Loss: 0.0018
   [Epoch 6/100] Batch [1700/2666] | Train Loss: 0.0121
   [Epoch 6/100] Batch [1750/2666] | Train Loss: 0.0013
   [Epoch 6/100] Batch [1800/2666] | Train Loss: 0.0137
   [Epoch 6/100] Batch [1850/2666] | Train Loss: 0.0061
   [Epoch 6/100] Batch [1900/2666] | Train Loss: 0.0140
   [Epoch 6/100] Batch [1950/2666] | Train Loss: 0.0023
   [Epoch 6/100] Batch [2000/2666] | Train Loss: 0.0040
   [Epoch 6/100] Batch [2050/2666] | Train Loss: 0.0036
   [Epoch 6/100] Batch [2100/2666] | Train Loss: 0.0021
   [Epoch 6/100] Batch [2150/2666] | Train Loss: 0.0132
   [Epoch 6/100] Batch [2200/2666] | Train Loss: 0.0021
   [Epoch 6/100] Batch [2250/2666] | Train Loss: 0.0154
   [Epoch 6/100] Batch [2300/2666] | Train Loss: 0.0021
   [Epoch 6/100] Batch [2350/2666] | Train Loss: 0.0017
   [Epoch 6/100] Batch [2400/2666] | Train Loss: 0.0005
   [Epoch 6/100] Batch [2450/2666] | Train Loss: 0.0017
   [Epoch 6/100] Batch [2500/2666] | Train Loss: 0.0018
   [Epoch 6/100] Batch [2550/2666] | Train Loss: 0.0038
   [Epoch 6/100] Batch [2600/2666] | Train Loss: 0.0007
   [Epoch 6/100] Batch [2650/2666] | Train Loss: 0.0162
Epoch 6 结束，正在进行验证集全量体检...
--------------------------------------------------
   Epoch [6/100] 战报:
   Train Loss: 0.0109 | Val Loss: 0.0298
   Val F1-Score: 0.5198
早停警告: 连续 1/20 轮无提升。
--------------------------------------------------

   [Epoch 7/100] Batch [50/2666] | Train Loss: 0.0218
   [Epoch 7/100] Batch [100/2666] | Train Loss: 0.0023
   [Epoch 7/100] Batch [150/2666] | Train Loss: 0.0026
   [Epoch 7/100] Batch [200/2666] | Train Loss: 0.0026
   [Epoch 7/100] Batch [250/2666] | Train Loss: 0.0027
   [Epoch 7/100] Batch [300/2666] | Train Loss: 0.0020
   [Epoch 7/100] Batch [350/2666] | Train Loss: 0.0322
   [Epoch 7/100] Batch [400/2666] | Train Loss: 0.0215
   [Epoch 7/100] Batch [450/2666] | Train Loss: 0.0047
   [Epoch 7/100] Batch [500/2666] | Train Loss: 0.0051
   [Epoch 7/100] Batch [550/2666] | Train Loss: 0.0050
   [Epoch 7/100] Batch [600/2666] | Train Loss: 0.0020
   [Epoch 7/100] Batch [650/2666] | Train Loss: 0.0016
   [Epoch 7/100] Batch [700/2666] | Train Loss: 0.0048
   [Epoch 7/100] Batch [750/2666] | Train Loss: 0.0021
   [Epoch 7/100] Batch [800/2666] | Train Loss: 0.0005
   [Epoch 7/100] Batch [850/2666] | Train Loss: 0.0049
   [Epoch 7/100] Batch [900/2666] | Train Loss: 0.0020
   [Epoch 7/100] Batch [950/2666] | Train Loss: 0.0048
   [Epoch 7/100] Batch [1000/2666] | Train Loss: 0.0063
   [Epoch 7/100] Batch [1050/2666] | Train Loss: 0.0151
   [Epoch 7/100] Batch [1100/2666] | Train Loss: 0.0018
   [Epoch 7/100] Batch [1150/2666] | Train Loss: 0.0054
   [Epoch 7/100] Batch [1200/2666] | Train Loss: 0.0035
   [Epoch 7/100] Batch [1250/2666] | Train Loss: 0.0031
   [Epoch 7/100] Batch [1300/2666] | Train Loss: 0.0009
   [Epoch 7/100] Batch [1350/2666] | Train Loss: 0.0188
   [Epoch 7/100] Batch [1400/2666] | Train Loss: 0.0115
   [Epoch 7/100] Batch [1450/2666] | Train Loss: 0.0345
   [Epoch 7/100] Batch [1500/2666] | Train Loss: 0.0077
   [Epoch 7/100] Batch [1550/2666] | Train Loss: 0.0244
   [Epoch 7/100] Batch [1600/2666] | Train Loss: 0.0093
   [Epoch 7/100] Batch [1650/2666] | Train Loss: 0.0022
   [Epoch 7/100] Batch [1700/2666] | Train Loss: 0.0016
   [Epoch 7/100] Batch [1750/2666] | Train Loss: 0.0261
   [Epoch 7/100] Batch [1800/2666] | Train Loss: 0.0057
   [Epoch 7/100] Batch [1850/2666] | Train Loss: 0.0050
   [Epoch 7/100] Batch [1900/2666] | Train Loss: 0.0441
   [Epoch 7/100] Batch [1950/2666] | Train Loss: 0.0208
   [Epoch 7/100] Batch [2000/2666] | Train Loss: 0.0224
   [Epoch 7/100] Batch [2050/2666] | Train Loss: 0.0046
   [Epoch 7/100] Batch [2100/2666] | Train Loss: 0.0017
   [Epoch 7/100] Batch [2150/2666] | Train Loss: 0.0325
   [Epoch 7/100] Batch [2200/2666] | Train Loss: 0.0303
   [Epoch 7/100] Batch [2250/2666] | Train Loss: 0.0012
   [Epoch 7/100] Batch [2300/2666] | Train Loss: 0.0196
   [Epoch 7/100] Batch [2350/2666] | Train Loss: 0.0070
   [Epoch 7/100] Batch [2400/2666] | Train Loss: 0.0018
   [Epoch 7/100] Batch [2450/2666] | Train Loss: 0.0010
   [Epoch 7/100] Batch [2500/2666] | Train Loss: 0.0028
   [Epoch 7/100] Batch [2550/2666] | Train Loss: 0.0006
   [Epoch 7/100] Batch [2600/2666] | Train Loss: 0.0017
   [Epoch 7/100] Batch [2650/2666] | Train Loss: 0.0159
Epoch 7 结束，正在进行验证集全量体检...
--------------------------------------------------
   Epoch [7/100] 战报:
   Train Loss: 0.0105 | Val Loss: 0.0241
   Val F1-Score: 0.5347
破纪录了！Val F1 从 0.5343 提升至 0.5347，正在保存神级权重...
--------------------------------------------------

   [Epoch 8/100] Batch [50/2666] | Train Loss: 0.0039
   [Epoch 8/100] Batch [100/2666] | Train Loss: 0.0011
   [Epoch 8/100] Batch [150/2666] | Train Loss: 0.0043
   [Epoch 8/100] Batch [200/2666] | Train Loss: 0.0038
   [Epoch 8/100] Batch [250/2666] | Train Loss: 0.0017
   [Epoch 8/100] Batch [300/2666] | Train Loss: 0.0295
   [Epoch 8/100] Batch [350/2666] | Train Loss: 0.0034
   [Epoch 8/100] Batch [400/2666] | Train Loss: 0.0334
   [Epoch 8/100] Batch [450/2666] | Train Loss: 0.0261
   [Epoch 8/100] Batch [500/2666] | Train Loss: 0.0221
   [Epoch 8/100] Batch [550/2666] | Train Loss: 0.0044
   [Epoch 8/100] Batch [600/2666] | Train Loss: 0.0012
   [Epoch 8/100] Batch [650/2666] | Train Loss: 0.0349
   [Epoch 8/100] Batch [700/2666] | Train Loss: 0.0009
   [Epoch 8/100] Batch [750/2666] | Train Loss: 0.0037
   [Epoch 8/100] Batch [800/2666] | Train Loss: 0.0158
   [Epoch 8/100] Batch [850/2666] | Train Loss: 0.0004
   [Epoch 8/100] Batch [900/2666] | Train Loss: 0.0320
   [Epoch 8/100] Batch [950/2666] | Train Loss: 0.0024
   [Epoch 8/100] Batch [1000/2666] | Train Loss: 0.0006
   [Epoch 8/100] Batch [1050/2666] | Train Loss: 0.0035
   [Epoch 8/100] Batch [1100/2666] | Train Loss: 0.0024
   [Epoch 8/100] Batch [1150/2666] | Train Loss: 0.0027
   [Epoch 8/100] Batch [1200/2666] | Train Loss: 0.0168
   [Epoch 8/100] Batch [1250/2666] | Train Loss: 0.0012
   [Epoch 8/100] Batch [1300/2666] | Train Loss: 0.0032
   [Epoch 8/100] Batch [1350/2666] | Train Loss: 0.0089
   [Epoch 8/100] Batch [1400/2666] | Train Loss: 0.0020
   [Epoch 8/100] Batch [1450/2666] | Train Loss: 0.0015
   [Epoch 8/100] Batch [1500/2666] | Train Loss: 0.0015
   [Epoch 8/100] Batch [1550/2666] | Train Loss: 0.0250
   [Epoch 8/100] Batch [1600/2666] | Train Loss: 0.0012
   [Epoch 8/100] Batch [1650/2666] | Train Loss: 0.0027
   [Epoch 8/100] Batch [1700/2666] | Train Loss: 0.0021
   [Epoch 8/100] Batch [1750/2666] | Train Loss: 0.0061
   [Epoch 8/100] Batch [1800/2666] | Train Loss: 0.0132
   [Epoch 8/100] Batch [1850/2666] | Train Loss: 0.0031
   [Epoch 8/100] Batch [1900/2666] | Train Loss: 0.0022
   [Epoch 8/100] Batch [1950/2666] | Train Loss: 0.0038
   [Epoch 8/100] Batch [2000/2666] | Train Loss: 0.0031
   [Epoch 8/100] Batch [2050/2666] | Train Loss: 0.0095
   [Epoch 8/100] Batch [2100/2666] | Train Loss: 0.0053
   [Epoch 8/100] Batch [2150/2666] | Train Loss: 0.0284
   [Epoch 8/100] Batch [2200/2666] | Train Loss: 0.0117
   [Epoch 8/100] Batch [2250/2666] | Train Loss: 0.0015
   [Epoch 8/100] Batch [2300/2666] | Train Loss: 0.0012
   [Epoch 8/100] Batch [2350/2666] | Train Loss: 0.0033
   [Epoch 8/100] Batch [2400/2666] | Train Loss: 0.0033
   [Epoch 8/100] Batch [2450/2666] | Train Loss: 0.0064
   [Epoch 8/100] Batch [2500/2666] | Train Loss: 0.0032
   [Epoch 8/100] Batch [2550/2666] | Train Loss: 0.0096
   [Epoch 8/100] Batch [2600/2666] | Train Loss: 0.0015
   [Epoch 8/100] Batch [2650/2666] | Train Loss: 0.0109
Epoch 8 结束，正在进行验证集全量体检...
--------------------------------------------------
   Epoch [8/100] 战报:
   Train Loss: 0.0100 | Val Loss: 0.0288
   Val F1-Score: 0.5486
破纪录了！Val F1 从 0.5347 提升至 0.5486，正在保存神级权重...
--------------------------------------------------

   [Epoch 9/100] Batch [50/2666] | Train Loss: 0.0013
   [Epoch 9/100] Batch [100/2666] | Train Loss: 0.0039
   [Epoch 9/100] Batch [150/2666] | Train Loss: 0.0035
   [Epoch 9/100] Batch [200/2666] | Train Loss: 0.0053
   [Epoch 9/100] Batch [250/2666] | Train Loss: 0.0026
   [Epoch 9/100] Batch [300/2666] | Train Loss: 0.0028
   [Epoch 9/100] Batch [350/2666] | Train Loss: 0.0011
   [Epoch 9/100] Batch [400/2666] | Train Loss: 0.0012
   [Epoch 9/100] Batch [450/2666] | Train Loss: 0.0008
   [Epoch 9/100] Batch [500/2666] | Train Loss: 0.0097
   [Epoch 9/100] Batch [550/2666] | Train Loss: 0.0194
   [Epoch 9/100] Batch [600/2666] | Train Loss: 0.0018
   [Epoch 9/100] Batch [650/2666] | Train Loss: 0.0041
   [Epoch 9/100] Batch [700/2666] | Train Loss: 0.0022
   [Epoch 9/100] Batch [750/2666] | Train Loss: 0.0084
   [Epoch 9/100] Batch [800/2666] | Train Loss: 0.0163
   [Epoch 9/100] Batch [850/2666] | Train Loss: 0.0404
   [Epoch 9/100] Batch [900/2666] | Train Loss: 0.0043
   [Epoch 9/100] Batch [950/2666] | Train Loss: 0.0100
   [Epoch 9/100] Batch [1000/2666] | Train Loss: 0.0011
   [Epoch 9/100] Batch [1050/2666] | Train Loss: 0.0431
   [Epoch 9/100] Batch [1100/2666] | Train Loss: 0.0028
   [Epoch 9/100] Batch [1150/2666] | Train Loss: 0.0031
   [Epoch 9/100] Batch [1200/2666] | Train Loss: 0.0036
   [Epoch 9/100] Batch [1250/2666] | Train Loss: 0.0022
   [Epoch 9/100] Batch [1300/2666] | Train Loss: 0.0041
   [Epoch 9/100] Batch [1350/2666] | Train Loss: 0.0266
   [Epoch 9/100] Batch [1400/2666] | Train Loss: 0.0019
   [Epoch 9/100] Batch [1450/2666] | Train Loss: 0.0061
   [Epoch 9/100] Batch [1500/2666] | Train Loss: 0.0330
   [Epoch 9/100] Batch [1550/2666] | Train Loss: 0.0018
   [Epoch 9/100] Batch [1600/2666] | Train Loss: 0.0049
   [Epoch 9/100] Batch [1650/2666] | Train Loss: 0.0090
   [Epoch 9/100] Batch [1700/2666] | Train Loss: 0.0021
   [Epoch 9/100] Batch [1750/2666] | Train Loss: 0.0030
   [Epoch 9/100] Batch [1800/2666] | Train Loss: 0.0007
   [Epoch 9/100] Batch [1850/2666] | Train Loss: 0.0017
   [Epoch 9/100] Batch [1900/2666] | Train Loss: 0.0010
   [Epoch 9/100] Batch [1950/2666] | Train Loss: 0.0043
   [Epoch 9/100] Batch [2000/2666] | Train Loss: 0.0335
   [Epoch 9/100] Batch [2050/2666] | Train Loss: 0.0466
   [Epoch 9/100] Batch [2100/2666] | Train Loss: 0.0287
   [Epoch 9/100] Batch [2150/2666] | Train Loss: 0.0010
   [Epoch 9/100] Batch [2200/2666] | Train Loss: 0.0026
   [Epoch 9/100] Batch [2250/2666] | Train Loss: 0.0017
   [Epoch 9/100] Batch [2300/2666] | Train Loss: 0.0015
   [Epoch 9/100] Batch [2350/2666] | Train Loss: 0.0012
   [Epoch 9/100] Batch [2400/2666] | Train Loss: 0.0267
   [Epoch 9/100] Batch [2450/2666] | Train Loss: 0.0009
   [Epoch 9/100] Batch [2500/2666] | Train Loss: 0.0009
   [Epoch 9/100] Batch [2550/2666] | Train Loss: 0.0018
   [Epoch 9/100] Batch [2600/2666] | Train Loss: 0.0099
   [Epoch 9/100] Batch [2650/2666] | Train Loss: 0.0013
Epoch 9 结束，正在进行验证集全量体检...
--------------------------------------------------
   Epoch [9/100] 战报:
   Train Loss: 0.0098 | Val Loss: 0.0287
   Val F1-Score: 0.2968
早停警告: 连续 1/20 轮无提升。
--------------------------------------------------

