nohup: ignoring input

libgomp: Invalid value for environment variable OMP_NUM_THREADS

libgomp: Invalid value for environment variable OMP_NUM_THREADS
检测到云端算力平台 (AutoDL)，自动切换至数据盘挂载路径...
正在启动 TCN-BiLSTM 炼丹炉...
核心算力引擎: cuda

后勤部接到 【训练沙箱/全量】 指令！目标名单：['chb02', 'chb03', 'chb04', 'chb05', 'chb06', 'chb07', 'chb08', 'chb09', 'chb10', 'chb11', 'chb12', 'chb13', 'chb14', 'chb15', 'chb16', 'chb17', 'chb18', 'chb19', 'chb20', 'chb21', 'chb22', 'chb23', 'chb24']
正在挂载数据管道: chb02_01_X.npy
挂载成功！该病历共包含 1800 个切窗样本。
正在挂载数据管道: chb02_02_X.npy
挂载成功！该病历共包含 1800 个切窗样本。
正在挂载数据管道: chb02_03_X.npy
挂载成功！该病历共包含 1800 个切窗样本。
正在挂载数据管道: chb02_04_X.npy
挂载成功！该病历共包含 1800 个切窗样本。
正在挂载数据管道: chb02_05_X.npy
挂载成功！该病历共包含 1800 个切窗样本。
正在挂载数据管道: chb02_06_X.npy
挂载成功！该病历共包含 1800 个切窗样本。
正在挂载数据管道: chb02_07_X.npy
挂载成功！该病历共包含 1800 个切窗样本。
正在挂载数据管道: chb02_08_X.npy
挂载成功！该病历共包含 1800 个切窗样本。
正在挂载数据管道: chb02_09_X.npy
挂载成功！该病历共包含 1800 个切窗样本。
正在挂载数据管道: chb02_10_X.npy
挂载成功！该病历共包含 1800 个切窗样本。
正在挂载数据管道: chb02_11_X.npy
挂载成功！该病历共包含 1800 个切窗样本。
正在挂载数据管道: chb02_12_X.npy
挂载成功！该病历共包含 1800 个切窗样本。
正在挂载数据管道: chb02_13_X.npy
挂载成功！该病历共包含 1800 个切窗样本。
正在挂载数据管道: chb02_14_X.npy
挂载成功！该病历共包含 1800 个切窗样本。
正在挂载数据管道: chb02_15_X.npy
挂载成功！该病历共包含 1800 个切窗样本。
正在挂载数据管道: chb02_16+_X.npy
挂载成功！该病历共包含 1800 个切窗样本。
正在挂载数据管道: chb02_16_X.npy
挂载成功！该病历共包含 479 个切窗样本。
正在挂载数据管道: chb02_17_X.npy
挂载成功！该病历共包含 1800 个切窗样本。
正在挂载数据管道: chb02_18_X.npy
挂载成功！该病历共包含 1800 个切窗样本。
正在挂载数据管道: chb02_19_X.npy
挂载成功！该病历共包含 1800 个切窗样本。
正在挂载数据管道: chb02_20_X.npy
挂载成功！该病历共包含 1800 个切窗样本。
正在挂载数据管道: chb02_21_X.npy
挂载成功！该病历共包含 1800 个切窗样本。
正在挂载数据管道: chb02_22_X.npy
挂载成功！该病历共包含 1800 个切窗样本。
正在挂载数据管道: chb02_23_X.npy
挂载成功！该病历共包含 1800 个切窗样本。
正在挂载数据管道: chb02_24_X.npy
挂载成功！该病历共包含 1800 个切窗样本。
正在挂载数据管道: chb02_25_X.npy
挂载成功！该病历共包含 1800 个切窗样本。
正在挂载数据管道: chb02_26_X.npy
挂载成功！该病历共包含 1800 个切窗样本。
正在挂载数据管道: chb02_27_X.npy
挂载成功！该病历共包含 1800 个切窗样本。
正在挂载数据管道: chb02_28_X.npy
挂载成功！该病历共包含 1800 个切窗样本。
正在挂载数据管道: chb02_29_X.npy
挂载成功！该病历共包含 1800 个切窗样本。
正在挂载数据管道: chb02_30_X.npy
挂载成功！该病历共包含 1800 个切窗样本。
正在挂载数据管道: chb02_31_X.npy
挂载成功！该病历共包含 1800 个切窗样本。
正在挂载数据管道: chb02_32_X.npy
挂载成功！该病历共包含 1800 个切窗样本。
正在挂载数据管道: chb02_33_X.npy
挂载成功！该病历共包含 1800 个切窗样本。
正在挂载数据管道: chb02_34_X.npy
挂载成功！该病历共包含 1800 个切窗样本。
正在挂载数据管道: chb02_35_X.npy
挂载成功！该病历共包含 1800 个切窗样本。
正在挂载数据管道: chb03_01_X.npy
挂载成功！该病历共包含 1800 个切窗样本。
正在挂载数据管道: chb03_02_X.npy
挂载成功！该病历共包含 1800 个切窗样本。
正在挂载数据管道: chb03_03_X.npy
挂载成功！该病历共包含 1800 个切窗样本。
正在挂载数据管道: chb03_04_X.npy
挂载成功！该病历共包含 1800 个切窗样本。
正在挂载数据管道: chb03_05_X.npy
挂载成功！该病历共包含 1800 个切窗样本。
正在挂载数据管道: chb03_06_X.npy
挂载成功！该病历共包含 1800 个切窗样本。
正在挂载数据管道: chb03_07_X.npy
挂载成功！该病历共包含 1800 个切窗样本。
正在挂载数据管道: chb03_08_X.npy
挂载成功！该病历共包含 1800 个切窗样本。
正在挂载数据管道: chb03_09_X.npy
挂载成功！该病历共包含 1800 个切窗样本。
正在挂载数据管道: chb03_10_X.npy
挂载成功！该病历共包含 1800 个切窗样本。
正在挂载数据管道: chb03_11_X.npy
挂载成功！该病历共包含 1800 个切窗样本。
正在挂载数据管道: chb03_12_X.npy
挂载成功！该病历共包含 1800 个切窗样本。
正在挂载数据管道: chb03_13_X.npy
挂载成功！该病历共包含 1800 个切窗样本。
正在挂载数据管道: chb03_14_X.npy
挂载成功！该病历共包含 1800 个切窗样本。
正在挂载数据管道: chb03_15_X.npy
挂载成功！该病历共包含 1800 个切窗样本。
正在挂载数据管道: chb03_16_X.npy
挂载成功！该病历共包含 1800 个切窗样本。
正在挂载数据管道: chb03_17_X.npy
挂载成功！该病历共包含 1800 个切窗样本。
正在挂载数据管道: chb03_18_X.npy
挂载成功！该病历共包含 1800 个切窗样本。
正在挂载数据管道: chb03_19_X.npy
挂载成功！该病历共包含 1800 个切窗样本。
正在挂载数据管道: chb03_20_X.npy
挂载成功！该病历共包含 1803 个切窗样本。
正在挂载数据管道: chb03_21_X.npy
挂载成功！该病历共包含 1800 个切窗样本。
正在挂载数据管道: chb03_22_X.npy
挂载成功！该病历共包含 1800 个切窗样本。
正在挂载数据管道: chb03_23_X.npy
挂载成功！该病历共包含 1800 个切窗样本。
正在挂载数据管道: chb03_24_X.npy
挂载成功！该病历共包含 1800 个切窗样本。
正在挂载数据管道: chb03_25_X.npy
挂载成功！该病历共包含 1800 个切窗样本。
正在挂载数据管道: chb03_26_X.npy
挂载成功！该病历共包含 1800 个切窗样本。
正在挂载数据管道: chb03_27_X.npy
挂载成功！该病历共包含 1800 个切窗样本。
正在挂载数据管道: chb03_28_X.npy
挂载成功！该病历共包含 1800 个切窗样本。
正在挂载数据管道: chb03_29_X.npy
挂载成功！该病历共包含 1800 个切窗样本。
正在挂载数据管道: chb03_30_X.npy
挂载成功！该病历共包含 1800 个切窗样本。
正在挂载数据管道: chb03_31_X.npy
挂载成功！该病历共包含 1800 个切窗样本。
正在挂载数据管道: chb03_32_X.npy
挂载成功！该病历共包含 1800 个切窗样本。
正在挂载数据管道: chb03_33_X.npy
挂载成功！该病历共包含 1800 个切窗样本。
正在挂载数据管道: chb03_34_X.npy
挂载成功！该病历共包含 1800 个切窗样本。
正在挂载数据管道: chb03_35_X.npy
挂载成功！该病历共包含 1800 个切窗样本。
正在挂载数据管道: chb03_36_X.npy
挂载成功！该病历共包含 1800 个切窗样本。
正在挂载数据管道: chb03_37_X.npy
挂载成功！该病历共包含 1800 个切窗样本。
正在挂载数据管道: chb03_38_X.npy
挂载成功！该病历共包含 1800 个切窗样本。
正在挂载数据管道: chb04_01_X.npy
挂载成功！该病历共包含 7199 个切窗样本。
正在挂载数据管道: chb04_02_X.npy
挂载成功！该病历共包含 7200 个切窗样本。
正在挂载数据管道: chb04_03_X.npy
挂载成功！该病历共包含 7200 个切窗样本。
正在挂载数据管道: chb04_04_X.npy
挂载成功！该病历共包含 7200 个切窗样本。
正在挂载数据管道: chb04_05_X.npy
挂载成功！该病历共包含 4768 个切窗样本。
正在挂载数据管道: chb04_06_X.npy
挂载成功！该病历共包含 7200 个切窗样本。
正在挂载数据管道: chb04_07_X.npy
挂载成功！该病历共包含 3748 个切窗样本。
正在挂载数据管道: chb04_08_X.npy
挂载成功！该病历共包含 7200 个切窗样本。
正在挂载数据管道: chb04_09_X.npy
挂载成功！该病历共包含 7200 个切窗样本。
正在挂载数据管道: chb04_10_X.npy
挂载成功！该病历共包含 7200 个切窗样本。
正在挂载数据管道: chb04_11_X.npy
挂载成功！该病历共包含 2416 个切窗样本。
正在挂载数据管道: chb04_12_X.npy
挂载成功！该病历共包含 7210 个切窗样本。
正在挂载数据管道: chb04_13_X.npy
挂载成功！该病历共包含 7199 个切窗样本。
正在挂载数据管道: chb04_14_X.npy
挂载成功！该病历共包含 7209 个切窗样本。
正在挂载数据管道: chb04_15_X.npy
挂载成功！该病历共包含 7200 个切窗样本。
正在挂载数据管道: chb04_16_X.npy
挂载成功！该病历共包含 7200 个切窗样本。
正在挂载数据管道: chb04_17_X.npy
挂载成功！该病历共包含 6866 个切窗样本。
正在挂载数据管道: chb04_18_X.npy
挂载成功！该病历共包含 7212 个切窗样本。
正在挂载数据管道: chb04_19_X.npy
挂载成功！该病历共包含 7200 个切窗样本。
正在挂载数据管道: chb04_21_X.npy
挂载成功！该病历共包含 7200 个切窗样本。
正在挂载数据管道: chb04_22_X.npy
挂载成功！该病历共包含 7200 个切窗样本。
正在挂载数据管道: chb04_23_X.npy
挂载成功！该病历共包含 5342 个切窗样本。
正在挂载数据管道: chb04_24_X.npy
挂载成功！该病历共包含 7203 个切窗样本。
正在挂载数据管道: chb04_25_X.npy
挂载成功！该病历共包含 7200 个切窗样本。
正在挂载数据管道: chb04_26_X.npy
挂载成功！该病历共包含 7200 个切窗样本。
正在挂载数据管道: chb04_27_X.npy
挂载成功！该病历共包含 7213 个切窗样本。
正在挂载数据管道: chb04_28_X.npy
挂载成功！该病历共包含 7211 个切窗样本。
正在挂载数据管道: chb04_29_X.npy
挂载成功！该病历共包含 7201 个切窗样本。
正在挂载数据管道: chb04_30_X.npy
挂载成功！该病历共包含 7200 个切窗样本。
正在挂载数据管道: chb04_31_X.npy
挂载成功！该病历共包含 7200 个切窗样本。
正在挂载数据管道: chb04_32_X.npy
挂载成功！该病历共包含 7200 个切窗样本。
正在挂载数据管道: chb04_33_X.npy
挂载成功！该病历共包含 7200 个切窗样本。
正在挂载数据管道: chb04_34_X.npy
挂载成功！该病历共包含 7200 个切窗样本。
正在挂载数据管道: chb04_35_X.npy
挂载成功！该病历共包含 7200 个切窗样本。
正在挂载数据管道: chb04_36_X.npy
挂载成功！该病历共包含 7200 个切窗样本。
正在挂载数据管道: chb04_37_X.npy
挂载成功！该病历共包含 2806 个切窗样本。
正在挂载数据管道: chb04_38_X.npy
挂载成功！该病历共包含 7200 个切窗样本。
正在挂载数据管道: chb04_39_X.npy
挂载成功！该病历共包含 7200 个切窗样本。
正在挂载数据管道: chb04_40_X.npy
挂载成功！该病历共包含 7200 个切窗样本。
正在挂载数据管道: chb04_41_X.npy
挂载成功！该病历共包含 7200 个切窗样本。
正在挂载数据管道: chb04_42_X.npy
挂载成功！该病历共包含 2911 个切窗样本。
正在挂载数据管道: chb04_43_X.npy
挂载成功！该病历共包含 7200 个切窗样本。
正在挂载数据管道: chb05_01_X.npy
挂载成功！该病历共包含 1805 个切窗样本。
正在挂载数据管道: chb05_02_X.npy
挂载成功！该病历共包含 1800 个切窗样本。
正在挂载数据管道: chb05_03_X.npy
挂载成功！该病历共包含 1800 个切窗样本。
正在挂载数据管道: chb05_04_X.npy
挂载成功！该病历共包含 1800 个切窗样本。
正在挂载数据管道: chb05_05_X.npy
挂载成功！该病历共包含 1800 个切窗样本。
正在挂载数据管道: chb05_06_X.npy
挂载成功！该病历共包含 1800 个切窗样本。
正在挂载数据管道: chb05_07_X.npy
挂载成功！该病历共包含 1800 个切窗样本。
正在挂载数据管道: chb05_08_X.npy
挂载成功！该病历共包含 1800 个切窗样本。
正在挂载数据管道: chb05_09_X.npy
挂载成功！该病历共包含 1800 个切窗样本。
正在挂载数据管道: chb05_10_X.npy
挂载成功！该病历共包含 1800 个切窗样本。
正在挂载数据管道: chb05_11_X.npy
挂载成功！该病历共包含 1800 个切窗样本。
正在挂载数据管道: chb05_12_X.npy
挂载成功！该病历共包含 1800 个切窗样本。
正在挂载数据管道: chb05_13_X.npy
挂载成功！该病历共包含 1800 个切窗样本。
正在挂载数据管道: chb05_14_X.npy
挂载成功！该病历共包含 1800 个切窗样本。
正在挂载数据管道: chb05_15_X.npy
挂载成功！该病历共包含 1800 个切窗样本。
正在挂载数据管道: chb05_16_X.npy
挂载成功！该病历共包含 1800 个切窗样本。
正在挂载数据管道: chb05_17_X.npy
挂载成功！该病历共包含 1800 个切窗样本。
正在挂载数据管道: chb05_18_X.npy
挂载成功！该病历共包含 1800 个切窗样本。
正在挂载数据管道: chb05_19_X.npy
挂载成功！该病历共包含 1800 个切窗样本。
正在挂载数据管道: chb05_20_X.npy
挂载成功！该病历共包含 1800 个切窗样本。
正在挂载数据管道: chb05_21_X.npy
挂载成功！该病历共包含 1800 个切窗样本。
正在挂载数据管道: chb05_22_X.npy
挂载成功！该病历共包含 1800 个切窗样本。
正在挂载数据管道: chb05_23_X.npy
挂载成功！该病历共包含 1800 个切窗样本。
正在挂载数据管道: chb05_24_X.npy
挂载成功！该病历共包含 1800 个切窗样本。
正在挂载数据管道: chb05_25_X.npy
挂载成功！该病历共包含 1800 个切窗样本。
正在挂载数据管道: chb05_26_X.npy
挂载成功！该病历共包含 1800 个切窗样本。
正在挂载数据管道: chb05_27_X.npy
挂载成功！该病历共包含 1800 个切窗样本。
正在挂载数据管道: chb05_28_X.npy
挂载成功！该病历共包含 1800 个切窗样本。
正在挂载数据管道: chb05_29_X.npy
挂载成功！该病历共包含 1800 个切窗样本。
正在挂载数据管道: chb05_30_X.npy
挂载成功！该病历共包含 1800 个切窗样本。
正在挂载数据管道: chb05_31_X.npy
挂载成功！该病历共包含 1800 个切窗样本。
正在挂载数据管道: chb05_32_X.npy
挂载成功！该病历共包含 1800 个切窗样本。
正在挂载数据管道: chb05_33_X.npy
挂载成功！该病历共包含 1800 个切窗样本。
正在挂载数据管道: chb05_34_X.npy
挂载成功！该病历共包含 1800 个切窗样本。
正在挂载数据管道: chb05_35_X.npy
挂载成功！该病历共包含 1800 个切窗样本。
正在挂载数据管道: chb05_36_X.npy
挂载成功！该病历共包含 1800 个切窗样本。
正在挂载数据管道: chb05_37_X.npy
挂载成功！该病历共包含 1800 个切窗样本。
正在挂载数据管道: chb05_38_X.npy
挂载成功！该病历共包含 1800 个切窗样本。
正在挂载数据管道: chb05_39_X.npy
挂载成功！该病历共包含 1800 个切窗样本。
正在挂载数据管道: chb06_01_X.npy
挂载成功！该病历共包含 7213 个切窗样本。
正在挂载数据管道: chb06_02_X.npy
挂载成功！该病历共包含 7200 个切窗样本。
正在挂载数据管道: chb06_03_X.npy
挂载成功！该病历共包含 7200 个切窗样本。
正在挂载数据管道: chb06_04_X.npy
挂载成功！该病历共包含 6630 个切窗样本。
正在挂载数据管道: chb06_05_X.npy
挂载成功！该病历共包含 7200 个切窗样本。
正在挂载数据管道: chb06_06_X.npy
挂载成功！该病历共包含 7200 个切窗样本。
正在挂载数据管道: chb06_07_X.npy
挂载成功！该病历共包含 7200 个切窗样本。
正在挂载数据管道: chb06_08_X.npy
挂载成功！该病历共包含 7200 个切窗样本。
正在挂载数据管道: chb06_09_X.npy
挂载成功！该病历共包含 7200 个切窗样本。
正在挂载数据管道: chb06_10_X.npy
挂载成功！该病历共包含 7200 个切窗样本。
正在挂载数据管道: chb06_12_X.npy
挂载成功！该病历共包含 7200 个切窗样本。
正在挂载数据管道: chb06_13_X.npy
挂载成功！该病历共包含 7200 个切窗样本。
正在挂载数据管道: chb06_14_X.npy
挂载成功！该病历共包含 7200 个切窗样本。
正在挂载数据管道: chb06_15_X.npy
挂载成功！该病历共包含 7200 个切窗样本。
正在挂载数据管道: chb06_16_X.npy
挂载成功！该病历共包含 1515 个切窗样本。
正在挂载数据管道: chb06_17_X.npy
挂载成功！该病历共包含 7200 个切窗样本。
正在挂载数据管道: chb06_18_X.npy
挂载成功！该病历共包含 3964 个切窗样本。
正在挂载数据管道: chb06_24_X.npy
挂载成功！该病历共包含 7200 个切窗样本。
正在挂载数据管道: chb07_01_X.npy
挂载成功！该病历共包含 7205 个切窗样本。
正在挂载数据管道: chb07_02_X.npy
挂载成功！该病历共包含 7200 个切窗样本。
正在挂载数据管道: chb07_03_X.npy
挂载成功！该病历共包含 7200 个切窗样本。
正在挂载数据管道: chb07_04_X.npy
挂载成功！该病历共包含 7200 个切窗样本。
正在挂载数据管道: chb07_05_X.npy
挂载成功！该病历共包含 7200 个切窗样本。
正在挂载数据管道: chb07_06_X.npy
挂载成功！该病历共包含 2460 个切窗样本。
正在挂载数据管道: chb07_07_X.npy
挂载成功！该病历共包含 2330 个切窗样本。
正在挂载数据管道: chb07_08_X.npy
挂载成功！该病历共包含 7200 个切窗样本。
正在挂载数据管道: chb07_09_X.npy
挂载成功！该病历共包含 7200 个切窗样本。
正在挂载数据管道: chb07_10_X.npy
挂载成功！该病历共包含 7200 个切窗样本。
正在挂载数据管道: chb07_11_X.npy
挂载成功！该病历共包含 7200 个切窗样本。
正在挂载数据管道: chb07_12_X.npy
挂载成功！该病历共包含 7200 个切窗样本。
正在挂载数据管道: chb07_13_X.npy
挂载成功！该病历共包含 1863 个切窗样本。
正在挂载数据管道: chb07_14_X.npy
挂载成功！该病历共包含 7200 个切窗样本。
正在挂载数据管道: chb07_15_X.npy
挂载成功！该病历共包含 7200 个切窗样本。
正在挂载数据管道: chb07_16_X.npy
挂载成功！该病历共包含 7200 个切窗样本。
正在挂载数据管道: chb07_17_X.npy
挂载成功！该病历共包含 7200 个切窗样本。
正在挂载数据管道: chb07_18_X.npy
挂载成功！该病历共包含 6030 个切窗样本。
正在挂载数据管道: chb07_19_X.npy
挂载成功！该病历共包含 7205 个切窗样本。
正在挂载数据管道: chb08_02_X.npy
挂载成功！该病历共包含 1800 个切窗样本。
正在挂载数据管道: chb08_03_X.npy
挂载成功！该病历共包含 1800 个切窗样本。
正在挂载数据管道: chb08_04_X.npy
挂载成功！该病历共包含 1800 个切窗样本。
正在挂载数据管道: chb08_05_X.npy
挂载成功！该病历共包含 1800 个切窗样本。
正在挂载数据管道: chb08_10_X.npy
挂载成功！该病历共包含 1800 个切窗样本。
正在挂载数据管道: chb08_11_X.npy
挂载成功！该病历共包含 1800 个切窗样本。
正在挂载数据管道: chb08_12_X.npy
挂载成功！该病历共包含 1800 个切窗样本。
正在挂载数据管道: chb08_13_X.npy
挂载成功！该病历共包含 1800 个切窗样本。
正在挂载数据管道: chb08_14_X.npy
挂载成功！该病历共包含 1800 个切窗样本。
正在挂载数据管道: chb08_15_X.npy
挂载成功！该病历共包含 1800 个切窗样本。
正在挂载数据管道: chb08_16_X.npy
挂载成功！该病历共包含 1800 个切窗样本。
正在挂载数据管道: chb08_17_X.npy
挂载成功！该病历共包含 1800 个切窗样本。
正在挂载数据管道: chb08_18_X.npy
挂载成功！该病历共包含 1800 个切窗样本。
正在挂载数据管道: chb08_19_X.npy
挂载成功！该病历共包含 1800 个切窗样本。
正在挂载数据管道: chb08_20_X.npy
挂载成功！该病历共包含 1800 个切窗样本。
正在挂载数据管道: chb08_21_X.npy
挂载成功！该病历共包含 1800 个切窗样本。
正在挂载数据管道: chb08_22_X.npy
挂载成功！该病历共包含 1800 个切窗样本。
正在挂载数据管道: chb08_23_X.npy
挂载成功！该病历共包含 1800 个切窗样本。
正在挂载数据管道: chb08_24_X.npy
挂载成功！该病历共包含 1800 个切窗样本。
正在挂载数据管道: chb08_29_X.npy
挂载成功！该病历共包含 1811 个切窗样本。
正在挂载数据管道: chb09_01_X.npy
挂载成功！该病历共包含 4011 个切窗样本。
正在挂载数据管道: chb09_02_X.npy
挂载成功！该病历共包含 7199 个切窗样本。
正在挂载数据管道: chb09_03_X.npy
挂载成功！该病历共包含 7200 个切窗样本。
正在挂载数据管道: chb09_04_X.npy
挂载成功！该病历共包含 7207 个切窗样本。
正在挂载数据管道: chb09_05_X.npy
挂载成功！该病历共包含 7200 个切窗样本。
正在挂载数据管道: chb09_06_X.npy
挂载成功！该病历共包含 7199 个切窗样本。
正在挂载数据管道: chb09_07_X.npy
挂载成功！该病历共包含 7200 个切窗样本。
正在挂载数据管道: chb09_08_X.npy
挂载成功！该病历共包含 7200 个切窗样本。
正在挂载数据管道: chb09_09_X.npy
挂载成功！该病历共包含 7200 个切窗样本。
正在挂载数据管道: chb09_10_X.npy
挂载成功！该病历共包含 7200 个切窗样本。
正在挂载数据管道: chb09_11_X.npy
挂载成功！该病历共包含 7200 个切窗样本。
正在挂载数据管道: chb09_12_X.npy
挂载成功！该病历共包含 7200 个切窗样本。
正在挂载数据管道: chb09_13_X.npy
挂载成功！该病历共包含 7202 个切窗样本。
正在挂载数据管道: chb09_14_X.npy
挂载成功！该病历共包含 7205 个切窗样本。
正在挂载数据管道: chb09_15_X.npy
挂载成功！该病历共包含 7210 个切窗样本。
正在挂载数据管道: chb09_16_X.npy
挂载成功！该病历共包含 6795 个切窗样本。
正在挂载数据管道: chb09_17_X.npy
挂载成功！该病历共包含 487 个切窗样本。
正在挂载数据管道: chb09_18_X.npy
挂载成功！该病历共包含 7200 个切窗样本。
正在挂载数据管道: chb09_19_X.npy
挂载成功！该病历共包含 2850 个切窗样本。
正在挂载数据管道: chb10_01_X.npy
挂载成功！该病历共包含 3610 个切窗样本。
正在挂载数据管道: chb10_02_X.npy
挂载成功！该病历共包含 3600 个切窗样本。
正在挂载数据管道: chb10_03_X.npy
挂载成功！该病历共包含 3600 个切窗样本。
正在挂载数据管道: chb10_04_X.npy
挂载成功！该病历共包含 3600 个切窗样本。
正在挂载数据管道: chb10_05_X.npy
挂载成功！该病历共包含 3600 个切窗样本。
正在挂载数据管道: chb10_06_X.npy
挂载成功！该病历共包含 3600 个切窗样本。
正在挂载数据管道: chb10_07_X.npy
挂载成功！该病历共包含 3600 个切窗样本。
正在挂载数据管道: chb10_08_X.npy
挂载成功！该病历共包含 3600 个切窗样本。
正在挂载数据管道: chb10_12_X.npy
挂载成功！该病历共包含 3600 个切窗样本。
正在挂载数据管道: chb10_13_X.npy
挂载成功！该病历共包含 3600 个切窗样本。
正在挂载数据管道: chb10_14_X.npy
挂载成功！该病历共包含 3600 个切窗样本。
正在挂载数据管道: chb10_15_X.npy
挂载成功！该病历共包含 3600 个切窗样本。
正在挂载数据管道: chb10_16_X.npy
挂载成功！该病历共包含 3600 个切窗样本。
正在挂载数据管道: chb10_17_X.npy
挂载成功！该病历共包含 3600 个切窗样本。
正在挂载数据管道: chb10_18_X.npy
挂载成功！该病历共包含 3600 个切窗样本。
正在挂载数据管道: chb10_19_X.npy
挂载成功！该病历共包含 3600 个切窗样本。
正在挂载数据管道: chb10_20_X.npy
挂载成功！该病历共包含 3606 个切窗样本。
正在挂载数据管道: chb10_21_X.npy
挂载成功！该病历共包含 3600 个切窗样本。
正在挂载数据管道: chb10_22_X.npy
挂载成功！该病历共包含 3600 个切窗样本。
正在挂载数据管道: chb10_27_X.npy
挂载成功！该病历共包含 3609 个切窗样本。
正在挂载数据管道: chb10_28_X.npy
挂载成功！该病历共包含 3600 个切窗样本。
正在挂载数据管道: chb10_30_X.npy
挂载成功！该病历共包含 3606 个切窗样本。
正在挂载数据管道: chb10_31_X.npy
挂载成功！该病历共包含 3610 个切窗样本。
正在挂载数据管道: chb10_38_X.npy
挂载成功！该病历共包含 3600 个切窗样本。
正在挂载数据管道: chb10_89_X.npy
挂载成功！该病历共包含 3600 个切窗样本。
正在挂载数据管道: chb11_01_X.npy
挂载成功！该病历共包含 1799 个切窗样本。
正在挂载数据管道: chb11_02_X.npy
挂载成功！该病历共包含 1800 个切窗样本。
正在挂载数据管道: chb11_03_X.npy
挂载成功！该病历共包含 1800 个切窗样本。
正在挂载数据管道: chb11_04_X.npy
挂载成功！该病历共包含 1800 个切窗样本。
正在挂载数据管道: chb11_05_X.npy
挂载成功！该病历共包含 1800 个切窗样本。
正在挂载数据管道: chb11_06_X.npy
挂载成功！该病历共包含 1800 个切窗样本。
正在挂载数据管道: chb11_07_X.npy
挂载成功！该病历共包含 1800 个切窗样本。
正在挂载数据管道: chb11_08_X.npy
挂载成功！该病历共包含 1800 个切窗样本。
正在挂载数据管道: chb11_09_X.npy
挂载成功！该病历共包含 1800 个切窗样本。
正在挂载数据管道: chb11_10_X.npy
挂载成功！该病历共包含 1800 个切窗样本。
正在挂载数据管道: chb11_11_X.npy
挂载成功！该病历共包含 1800 个切窗样本。
正在挂载数据管道: chb11_12_X.npy
挂载成功！该病历共包含 1800 个切窗样本。
正在挂载数据管道: chb11_13_X.npy
挂载成功！该病历共包含 1800 个切窗样本。
正在挂载数据管道: chb11_14_X.npy
挂载成功！该病历共包含 1800 个切窗样本。
正在挂载数据管道: chb11_15_X.npy
挂载成功！该病历共包含 1800 个切窗样本。
正在挂载数据管道: chb11_16_X.npy
挂载成功！该病历共包含 1800 个切窗样本。
正在挂载数据管道: chb11_17_X.npy
挂载成功！该病历共包含 1800 个切窗样本。
正在挂载数据管道: chb11_18_X.npy
挂载成功！该病历共包含 1800 个切窗样本。
正在挂载数据管道: chb11_19_X.npy
挂载成功！该病历共包含 1800 个切窗样本。
正在挂载数据管道: chb11_24_X.npy
挂载成功！该病历共包含 1800 个切窗样本。
正在挂载数据管道: chb11_25_X.npy
挂载成功！该病历共包含 1800 个切窗样本。
正在挂载数据管道: chb11_26_X.npy
挂载成功！该病历共包含 1800 个切窗样本。
正在挂载数据管道: chb11_27_X.npy
挂载成功！该病历共包含 1800 个切窗样本。
正在挂载数据管道: chb11_53_X.npy
挂载成功！该病历共包含 1800 个切窗样本。
正在挂载数据管道: chb11_54_X.npy
挂载成功！该病历共包含 1800 个切窗样本。
正在挂载数据管道: chb11_55_X.npy
挂载成功！该病历共包含 1800 个切窗样本。
正在挂载数据管道: chb11_56_X.npy
挂载成功！该病历共包含 1800 个切窗样本。
正在挂载数据管道: chb11_58_X.npy
挂载成功！该病历共包含 1800 个切窗样本。
正在挂载数据管道: chb11_60_X.npy
挂载成功！该病历共包含 1800 个切窗样本。
正在挂载数据管道: chb11_61_X.npy
挂载成功！该病历共包含 1800 个切窗样本。
正在挂载数据管道: chb11_62_X.npy
挂载成功！该病历共包含 1800 个切窗样本。
正在挂载数据管道: chb11_63_X.npy
挂载成功！该病历共包含 1800 个切窗样本。
正在挂载数据管道: chb11_82_X.npy
挂载成功！该病历共包含 1800 个切窗样本。
正在挂载数据管道: chb11_92_X.npy
挂载成功！该病历共包含 1800 个切窗样本。
正在挂载数据管道: chb11_99_X.npy
挂载成功！该病历共包含 1429 个切窗样本。
正在挂载数据管道: chb12_06_X.npy
挂载成功！该病历共包含 1803 个切窗样本。
正在挂载数据管道: chb12_08_X.npy
挂载成功！该病历共包含 1800 个切窗样本。
正在挂载数据管道: chb12_09_X.npy
挂载成功！该病历共包含 1806 个切窗样本。
正在挂载数据管道: chb12_10_X.npy
挂载成功！该病历共包含 1805 个切窗样本。
正在挂载数据管道: chb12_11_X.npy
挂载成功！该病历共包含 1215 个切窗样本。
正在挂载数据管道: chb12_19_X.npy
挂载成功！该病历共包含 1800 个切窗样本。
正在挂载数据管道: chb12_20_X.npy
挂载成功！该病历共包含 1800 个切窗样本。
正在挂载数据管道: chb12_21_X.npy
挂载成功！该病历共包含 1800 个切窗样本。
正在挂载数据管道: chb12_23_X.npy
挂载成功！该病历共包含 1800 个切窗样本。
正在挂载数据管道: chb12_24_X.npy
挂载成功！该病历共包含 1800 个切窗样本。
正在挂载数据管道: chb12_32_X.npy
挂载成功！该病历共包含 1800 个切窗样本。
正在挂载数据管道: chb12_33_X.npy
挂载成功！该病历共包含 1800 个切窗样本。
正在挂载数据管道: chb12_34_X.npy
挂载成功！该病历共包含 1800 个切窗样本。
正在挂载数据管道: chb12_35_X.npy
挂载成功！该病历共包含 1800 个切窗样本。
正在挂载数据管道: chb12_36_X.npy
挂载成功！该病历共包含 1800 个切窗样本。
正在挂载数据管道: chb12_37_X.npy
挂载成功！该病历共包含 1808 个切窗样本。
正在挂载数据管道: chb12_38_X.npy
挂载成功！该病历共包含 1800 个切窗样本。
正在挂载数据管道: chb12_39_X.npy
挂载成功！该病历共包含 1800 个切窗样本。
正在挂载数据管道: chb12_40_X.npy
挂载成功！该病历共包含 1800 个切窗样本。
正在挂载数据管道: chb12_41_X.npy
挂载成功！该病历共包含 1800 个切窗样本。
正在挂载数据管道: chb12_42_X.npy
挂载成功！该病历共包含 1800 个切窗样本。
正在挂载数据管道: chb13_02_X.npy
挂载成功！该病历共包含 1800 个切窗样本。
正在挂载数据管道: chb13_03_X.npy
挂载成功！该病历共包含 1800 个切窗样本。
正在挂载数据管道: chb13_04_X.npy
挂载成功！该病历共包含 1800 个切窗样本。
正在挂载数据管道: chb13_05_X.npy
挂载成功！该病历共包含 1800 个切窗样本。
正在挂载数据管道: chb13_06_X.npy
挂载成功！该病历共包含 1800 个切窗样本。
正在挂载数据管道: chb13_07_X.npy
挂载成功！该病历共包含 1800 个切窗样本。
正在挂载数据管道: chb13_08_X.npy
挂载成功！该病历共包含 1800 个切窗样本。
正在挂载数据管道: chb13_09_X.npy
挂载成功！该病历共包含 1800 个切窗样本。
正在挂载数据管道: chb13_10_X.npy
挂载成功！该病历共包含 1800 个切窗样本。
正在挂载数据管道: chb13_11_X.npy
挂载成功！该病历共包含 1800 个切窗样本。
正在挂载数据管道: chb13_12_X.npy
挂载成功！该病历共包含 1800 个切窗样本。
正在挂载数据管道: chb13_13_X.npy
挂载成功！该病历共包含 1800 个切窗样本。
正在挂载数据管道: chb13_14_X.npy
挂载成功！该病历共包含 1800 个切窗样本。
正在挂载数据管道: chb13_15_X.npy
挂载成功！该病历共包含 1800 个切窗样本。
正在挂载数据管道: chb13_16_X.npy
挂载成功！该病历共包含 1800 个切窗样本。
正在挂载数据管道: chb13_18_X.npy
挂载成功！该病历共包含 1800 个切窗样本。
正在挂载数据管道: chb13_19_X.npy
挂载成功！该病历共包含 1800 个切窗样本。
正在挂载数据管道: chb13_21_X.npy
挂载成功！该病历共包含 1800 个切窗样本。
正在挂载数据管道: chb13_22_X.npy
挂载成功！该病历共包含 1800 个切窗样本。
正在挂载数据管道: chb13_24_X.npy
挂载成功！该病历共包含 1800 个切窗样本。
正在挂载数据管道: chb13_30_X.npy
挂载成功！该病历共包含 1800 个切窗样本。
正在挂载数据管道: chb13_36_X.npy
挂载成功！该病历共包含 1800 个切窗样本。
正在挂载数据管道: chb13_37_X.npy
挂载成功！该病历共包含 1800 个切窗样本。
正在挂载数据管道: chb13_38_X.npy
挂载成功！该病历共包含 1800 个切窗样本。
正在挂载数据管道: chb13_39_X.npy
挂载成功！该病历共包含 1800 个切窗样本。
正在挂载数据管道: chb13_40_X.npy
挂载成功！该病历共包含 1800 个切窗样本。
正在挂载数据管道: chb13_47_X.npy
挂载成功！该病历共包含 1800 个切窗样本。
正在挂载数据管道: chb13_55_X.npy
挂载成功！该病历共包含 1800 个切窗样本。
正在挂载数据管道: chb13_56_X.npy
挂载成功！该病历共包含 1800 个切窗样本。
正在挂载数据管道: chb13_58_X.npy
挂载成功！该病历共包含 1800 个切窗样本。
正在挂载数据管道: chb13_59_X.npy
挂载成功！该病历共包含 1800 个切窗样本。
正在挂载数据管道: chb13_60_X.npy
挂载成功！该病历共包含 1800 个切窗样本。
正在挂载数据管道: chb13_62_X.npy
挂载成功！该病历共包含 1800 个切窗样本。
正在挂载数据管道: chb14_01_X.npy
挂载成功！该病历共包含 1800 个切窗样本。
正在挂载数据管道: chb14_02_X.npy
挂载成功！该病历共包含 1800 个切窗样本。
正在挂载数据管道: chb14_03_X.npy
挂载成功！该病历共包含 1800 个切窗样本。
正在挂载数据管道: chb14_04_X.npy
挂载成功！该病历共包含 1800 个切窗样本。
正在挂载数据管道: chb14_06_X.npy
挂载成功！该病历共包含 1800 个切窗样本。
正在挂载数据管道: chb14_07_X.npy
挂载成功！该病历共包含 1800 个切窗样本。
正在挂载数据管道: chb14_11_X.npy
挂载成功！该病历共包含 1800 个切窗样本。
正在挂载数据管道: chb14_12_X.npy
挂载成功！该病历共包含 1800 个切窗样本。
正在挂载数据管道: chb14_13_X.npy
挂载成功！该病历共包含 1800 个切窗样本。
正在挂载数据管道: chb14_14_X.npy
挂载成功！该病历共包含 1800 个切窗样本。
正在挂载数据管道: chb14_16_X.npy
挂载成功！该病历共包含 1800 个切窗样本。
正在挂载数据管道: chb14_17_X.npy
挂载成功！该病历共包含 1800 个切窗样本。
正在挂载数据管道: chb14_18_X.npy
挂载成功！该病历共包含 1800 个切窗样本。
正在挂载数据管道: chb14_19_X.npy
挂载成功！该病历共包含 1800 个切窗样本。
正在挂载数据管道: chb14_20_X.npy
挂载成功！该病历共包含 1800 个切窗样本。
正在挂载数据管道: chb14_22_X.npy
挂载成功！该病历共包含 1800 个切窗样本。
正在挂载数据管道: chb14_24_X.npy
挂载成功！该病历共包含 1800 个切窗样本。
正在挂载数据管道: chb14_25_X.npy
挂载成功！该病历共包含 1800 个切窗样本。
正在挂载数据管道: chb14_26_X.npy
挂载成功！该病历共包含 1800 个切窗样本。
正在挂载数据管道: chb14_27_X.npy
挂载成功！该病历共包含 1800 个切窗样本。
正在挂载数据管道: chb14_29_X.npy
挂载成功！该病历共包含 1800 个切窗样本。
正在挂载数据管道: chb14_30_X.npy
挂载成功！该病历共包含 1800 个切窗样本。
正在挂载数据管道: chb14_32_X.npy
挂载成功！该病历共包含 1800 个切窗样本。
正在挂载数据管道: chb14_37_X.npy
挂载成功！该病历共包含 1800 个切窗样本。
正在挂载数据管道: chb14_39_X.npy
挂载成功！该病历共包含 1800 个切窗样本。
正在挂载数据管道: chb14_42_X.npy
挂载成功！该病历共包含 1800 个切窗样本。
正在挂载数据管道: chb15_01_X.npy
挂载成功！该病历共包含 1801 个切窗样本。
正在挂载数据管道: chb15_02_X.npy
挂载成功！该病历共包含 1800 个切窗样本。
正在挂载数据管道: chb15_03_X.npy
挂载成功！该病历共包含 1800 个切窗样本。
正在挂载数据管道: chb15_04_X.npy
挂载成功！该病历共包含 1800 个切窗样本。
正在挂载数据管道: chb15_05_X.npy
挂载成功！该病历共包含 1800 个切窗样本。
正在挂载数据管道: chb15_06_X.npy
挂载成功！该病历共包含 1800 个切窗样本。
正在挂载数据管道: chb15_07_X.npy
挂载成功！该病历共包含 1800 个切窗样本。
正在挂载数据管道: chb15_08_X.npy
挂载成功！该病历共包含 1800 个切窗样本。
正在挂载数据管道: chb15_09_X.npy
挂载成功！该病历共包含 1800 个切窗样本。
正在挂载数据管道: chb15_10_X.npy
挂载成功！该病历共包含 1800 个切窗样本。
正在挂载数据管道: chb15_11_X.npy
挂载成功！该病历共包含 1800 个切窗样本。
正在挂载数据管道: chb15_12_X.npy
挂载成功！该病历共包含 1800 个切窗样本。
正在挂载数据管道: chb15_13_X.npy
挂载成功！该病历共包含 1800 个切窗样本。
正在挂载数据管道: chb15_14_X.npy
挂载成功！该病历共包含 1800 个切窗样本。
正在挂载数据管道: chb15_15_X.npy
挂载成功！该病历共包含 1800 个切窗样本。
正在挂载数据管道: chb15_16_X.npy
挂载成功！该病历共包含 1800 个切窗样本。
正在挂载数据管道: chb15_17_X.npy
挂载成功！该病历共包含 1800 个切窗样本。
正在挂载数据管道: chb15_19_X.npy
挂载成功！该病历共包含 1800 个切窗样本。
正在挂载数据管道: chb15_20_X.npy
挂载成功！该病历共包含 1800 个切窗样本。
正在挂载数据管道: chb15_22_X.npy
挂载成功！该病历共包含 1800 个切窗样本。
正在挂载数据管道: chb15_26_X.npy
挂载成功！该病历共包含 1800 个切窗样本。
正在挂载数据管道: chb15_28_X.npy
挂载成功！该病历共包含 1800 个切窗样本。
正在挂载数据管道: chb15_29_X.npy
挂载成功！该病历共包含 1800 个切窗样本。
正在挂载数据管道: chb15_30_X.npy
挂载成功！该病历共包含 1800 个切窗样本。
正在挂载数据管道: chb15_31_X.npy
挂载成功！该病历共包含 1800 个切窗样本。
正在挂载数据管道: chb15_32_X.npy
挂载成功！该病历共包含 1800 个切窗样本。
正在挂载数据管道: chb15_33_X.npy
挂载成功！该病历共包含 1800 个切窗样本。
正在挂载数据管道: chb15_35_X.npy
挂载成功！该病历共包含 1800 个切窗样本。
正在挂载数据管道: chb15_37_X.npy
挂载成功！该病历共包含 1800 个切窗样本。
正在挂载数据管道: chb15_40_X.npy
挂载成功！该病历共包含 1800 个切窗样本。
正在挂载数据管道: chb15_45_X.npy
挂载成功！该病历共包含 1800 个切窗样本。
正在挂载数据管道: chb15_46_X.npy
挂载成功！该病历共包含 1800 个切窗样本。
正在挂载数据管道: chb15_49_X.npy
挂载成功！该病历共包含 1812 个切窗样本。
正在挂载数据管道: chb15_50_X.npy
挂载成功！该病历共包含 1800 个切窗样本。
正在挂载数据管道: chb15_51_X.npy
挂载成功！该病历共包含 1800 个切窗样本。
正在挂载数据管道: chb15_52_X.npy
挂载成功！该病历共包含 1804 个切窗样本。
正在挂载数据管道: chb15_54_X.npy
挂载成功！该病历共包含 1800 个切窗样本。
正在挂载数据管道: chb15_61_X.npy
挂载成功！该病历共包含 1800 个切窗样本。
正在挂载数据管道: chb15_62_X.npy
挂载成功！该病历共包含 1800 个切窗样本。
正在挂载数据管道: chb15_63_X.npy
挂载成功！该病历共包含 1800 个切窗样本。
正在挂载数据管道: chb16_01_X.npy
挂载成功！该病历共包含 1800 个切窗样本。
正在挂载数据管道: chb16_02_X.npy
挂载成功！该病历共包含 1800 个切窗样本。
正在挂载数据管道: chb16_03_X.npy
挂载成功！该病历共包含 1800 个切窗样本。
正在挂载数据管道: chb16_04_X.npy
挂载成功！该病历共包含 1800 个切窗样本。
正在挂载数据管道: chb16_05_X.npy
挂载成功！该病历共包含 1800 个切窗样本。
正在挂载数据管道: chb16_06_X.npy
挂载成功！该病历共包含 1800 个切窗样本。
正在挂载数据管道: chb16_07_X.npy
挂载成功！该病历共包含 1800 个切窗样本。
正在挂载数据管道: chb16_08_X.npy
挂载成功！该病历共包含 1800 个切窗样本。
正在挂载数据管道: chb16_09_X.npy
挂载成功！该病历共包含 1800 个切窗样本。
正在挂载数据管道: chb16_10_X.npy
挂载成功！该病历共包含 1800 个切窗样本。
正在挂载数据管道: chb16_11_X.npy
挂载成功！该病历共包含 1800 个切窗样本。
正在挂载数据管道: chb16_12_X.npy
挂载成功！该病历共包含 1800 个切窗样本。
正在挂载数据管道: chb16_13_X.npy
挂载成功！该病历共包含 1800 个切窗样本。
正在挂载数据管道: chb16_14_X.npy
挂载成功！该病历共包含 1800 个切窗样本。
正在挂载数据管道: chb16_15_X.npy
挂载成功！该病历共包含 1800 个切窗样本。
正在挂载数据管道: chb16_16_X.npy
挂载成功！该病历共包含 1800 个切窗样本。
正在挂载数据管道: chb16_17_X.npy
挂载成功！该病历共包含 1800 个切窗样本。
正在挂载数据管道: chb16_18_X.npy
挂载成功！该病历共包含 1800 个切窗样本。
正在挂载数据管道: chb16_19_X.npy
挂载成功！该病历共包含 1800 个切窗样本。
正在挂载数据管道: chb17a_03_X.npy
挂载成功！该病历共包含 1800 个切窗样本。
正在挂载数据管道: chb17a_04_X.npy
挂载成功！该病历共包含 1800 个切窗样本。
正在挂载数据管道: chb17a_05_X.npy
挂载成功！该病历共包含 1800 个切窗样本。
正在挂载数据管道: chb17a_06_X.npy
挂载成功！该病历共包含 1800 个切窗样本。
正在挂载数据管道: chb17a_08_X.npy
挂载成功！该病历共包含 1800 个切窗样本。
正在挂载数据管道: chb17b_57_X.npy
挂载成功！该病历共包含 1800 个切窗样本。
正在挂载数据管道: chb17b_58_X.npy
挂载成功！该病历共包含 1800 个切窗样本。
正在挂载数据管道: chb17b_59_X.npy
挂载成功！该病历共包含 1800 个切窗样本。
正在挂载数据管道: chb17b_60_X.npy
挂载成功！该病历共包含 1800 个切窗样本。
正在挂载数据管道: chb17b_63_X.npy
挂载成功！该病历共包含 1812 个切窗样本。
正在挂载数据管道: chb17b_67_X.npy
挂载成功！该病历共包含 1800 个切窗样本。
正在挂载数据管道: chb17b_68_X.npy
挂载成功！该病历共包含 1800 个切窗样本。
正在挂载数据管道: chb17b_69_X.npy
挂载成功！该病历共包含 1800 个切窗样本。
正在挂载数据管道: chb17c_02_X.npy
挂载成功！该病历共包含 1800 个切窗样本。
正在挂载数据管道: chb17c_03_X.npy
挂载成功！该病历共包含 1800 个切窗样本。
正在挂载数据管道: chb17c_04_X.npy
挂载成功！该病历共包含 1800 个切窗样本。
正在挂载数据管道: chb17c_05_X.npy
挂载成功！该病历共包含 1800 个切窗样本。
正在挂载数据管道: chb17c_06_X.npy
挂载成功！该病历共包含 1800 个切窗样本。
正在挂载数据管道: chb17c_07_X.npy
挂载成功！该病历共包含 1800 个切窗样本。
正在挂载数据管道: chb17c_08_X.npy
挂载成功！该病历共包含 1800 个切窗样本。
正在挂载数据管道: chb17c_13_X.npy
挂载成功！该病历共包含 1800 个切窗样本。
正在挂载数据管道: chb18_01_X.npy
挂载成功！该病历共包含 1805 个切窗样本。
正在挂载数据管道: chb18_02_X.npy
挂载成功！该病历共包含 1800 个切窗样本。
正在挂载数据管道: chb18_03_X.npy
挂载成功！该病历共包含 1800 个切窗样本。
正在挂载数据管道: chb18_04_X.npy
挂载成功！该病历共包含 1800 个切窗样本。
正在挂载数据管道: chb18_05_X.npy
挂载成功！该病历共包含 1800 个切窗样本。
正在挂载数据管道: chb18_06_X.npy
挂载成功！该病历共包含 1800 个切窗样本。
正在挂载数据管道: chb18_07_X.npy
挂载成功！该病历共包含 1800 个切窗样本。
正在挂载数据管道: chb18_08_X.npy
挂载成功！该病历共包含 1800 个切窗样本。
正在挂载数据管道: chb18_09_X.npy
挂载成功！该病历共包含 1800 个切窗样本。
正在挂载数据管道: chb18_10_X.npy
挂载成功！该病历共包含 1800 个切窗样本。
正在挂载数据管道: chb18_11_X.npy
挂载成功！该病历共包含 1800 个切窗样本。
正在挂载数据管道: chb18_12_X.npy
挂载成功！该病历共包含 1800 个切窗样本。
正在挂载数据管道: chb18_13_X.npy
挂载成功！该病历共包含 1800 个切窗样本。
正在挂载数据管道: chb18_14_X.npy
挂载成功！该病历共包含 1800 个切窗样本。
正在挂载数据管道: chb18_15_X.npy
挂载成功！该病历共包含 1800 个切窗样本。
正在挂载数据管道: chb18_16_X.npy
挂载成功！该病历共包含 1800 个切窗样本。
正在挂载数据管道: chb18_17_X.npy
挂载成功！该病历共包含 1800 个切窗样本。
正在挂载数据管道: chb18_18_X.npy
挂载成功！该病历共包含 1800 个切窗样本。
正在挂载数据管道: chb18_19_X.npy
挂载成功！该病历共包含 1800 个切窗样本。
正在挂载数据管道: chb18_20_X.npy
挂载成功！该病历共包含 1800 个切窗样本。
正在挂载数据管道: chb18_21_X.npy
挂载成功！该病历共包含 1800 个切窗样本。
正在挂载数据管道: chb18_22_X.npy
挂载成功！该病历共包含 1800 个切窗样本。
正在挂载数据管道: chb18_23_X.npy
挂载成功！该病历共包含 1800 个切窗样本。
正在挂载数据管道: chb18_24_X.npy
挂载成功！该病历共包含 1800 个切窗样本。
正在挂载数据管道: chb18_25_X.npy
挂载成功！该病历共包含 1800 个切窗样本。
正在挂载数据管道: chb18_26_X.npy
挂载成功！该病历共包含 1800 个切窗样本。
正在挂载数据管道: chb18_27_X.npy
挂载成功！该病历共包含 1800 个切窗样本。
正在挂载数据管道: chb18_28_X.npy
挂载成功！该病历共包含 1800 个切窗样本。
正在挂载数据管道: chb18_29_X.npy
挂载成功！该病历共包含 1800 个切窗样本。
正在挂载数据管道: chb18_30_X.npy
挂载成功！该病历共包含 1800 个切窗样本。
正在挂载数据管道: chb18_31_X.npy
挂载成功！该病历共包含 1137 个切窗样本。
正在挂载数据管道: chb18_32_X.npy
挂载成功！该病历共包含 1800 个切窗样本。
正在挂载数据管道: chb18_33_X.npy
挂载成功！该病历共包含 1800 个切窗样本。
正在挂载数据管道: chb18_34_X.npy
挂载成功！该病历共包含 1800 个切窗样本。
正在挂载数据管道: chb18_35_X.npy
挂载成功！该病历共包含 1800 个切窗样本。
正在挂载数据管道: chb18_36_X.npy
挂载成功！该病历共包含 1800 个切窗样本。
正在挂载数据管道: chb19_01_X.npy
挂载成功！该病历共包含 1800 个切窗样本。
正在挂载数据管道: chb19_02_X.npy
挂载成功！该病历共包含 1800 个切窗样本。
正在挂载数据管道: chb19_03_X.npy
挂载成功！该病历共包含 1800 个切窗样本。
正在挂载数据管道: chb19_04_X.npy
挂载成功！该病历共包含 1800 个切窗样本。
正在挂载数据管道: chb19_05_X.npy
挂载成功！该病历共包含 1800 个切窗样本。
正在挂载数据管道: chb19_06_X.npy
挂载成功！该病历共包含 1800 个切窗样本。
正在挂载数据管道: chb19_07_X.npy
挂载成功！该病历共包含 1800 个切窗样本。
正在挂载数据管道: chb19_08_X.npy
挂载成功！该病历共包含 1800 个切窗样本。
正在挂载数据管道: chb19_09_X.npy
挂载成功！该病历共包含 1800 个切窗样本。
正在挂载数据管道: chb19_10_X.npy
挂载成功！该病历共包含 1800 个切窗样本。
正在挂载数据管道: chb19_11_X.npy
挂载成功！该病历共包含 1800 个切窗样本。
正在挂载数据管道: chb19_12_X.npy
挂载成功！该病历共包含 1800 个切窗样本。
正在挂载数据管道: chb19_13_X.npy
挂载成功！该病历共包含 1800 个切窗样本。
正在挂载数据管道: chb19_14_X.npy
挂载成功！该病历共包含 1800 个切窗样本。
正在挂载数据管道: chb19_15_X.npy
挂载成功！该病历共包含 1800 个切窗样本。
正在挂载数据管道: chb19_16_X.npy
挂载成功！该病历共包含 1800 个切窗样本。
正在挂载数据管道: chb19_17_X.npy
挂载成功！该病历共包含 1800 个切窗样本。
正在挂载数据管道: chb19_18_X.npy
挂载成功！该病历共包含 1800 个切窗样本。
正在挂载数据管道: chb19_19_X.npy
挂载成功！该病历共包含 1800 个切窗样本。
正在挂载数据管道: chb19_20_X.npy
挂载成功！该病历共包含 1800 个切窗样本。
正在挂载数据管道: chb19_21_X.npy
挂载成功！该病历共包含 1800 个切窗样本。
正在挂载数据管道: chb19_22_X.npy
挂载成功！该病历共包含 1800 个切窗样本。
正在挂载数据管道: chb19_23_X.npy
挂载成功！该病历共包含 1800 个切窗样本。
正在挂载数据管道: chb19_24_X.npy
挂载成功！该病历共包含 1800 个切窗样本。
正在挂载数据管道: chb19_25_X.npy
挂载成功！该病历共包含 1800 个切窗样本。
正在挂载数据管道: chb19_26_X.npy
挂载成功！该病历共包含 1800 个切窗样本。
正在挂载数据管道: chb19_27_X.npy
挂载成功！该病历共包含 1800 个切窗样本。
正在挂载数据管道: chb19_28_X.npy
挂载成功！该病历共包含 1806 个切窗样本。
正在挂载数据管道: chb19_29_X.npy
挂载成功！该病历共包含 1800 个切窗样本。
正在挂载数据管道: chb19_30_X.npy
挂载成功！该病历共包含 1667 个切窗样本。
正在挂载数据管道: chb20_01_X.npy
挂载成功！该病历共包含 1803 个切窗样本。
正在挂载数据管道: chb20_02_X.npy
挂载成功！该病历共包含 1800 个切窗样本。
正在挂载数据管道: chb20_03_X.npy
挂载成功！该病历共包含 1800 个切窗样本。
正在挂载数据管道: chb20_04_X.npy
挂载成功！该病历共包含 1800 个切窗样本。
正在挂载数据管道: chb20_05_X.npy
挂载成功！该病历共包含 1800 个切窗样本。
正在挂载数据管道: chb20_06_X.npy
挂载成功！该病历共包含 1800 个切窗样本。
正在挂载数据管道: chb20_07_X.npy
挂载成功！该病历共包含 1800 个切窗样本。
正在挂载数据管道: chb20_08_X.npy
挂载成功！该病历共包含 1800 个切窗样本。
正在挂载数据管道: chb20_11_X.npy
挂载成功！该病历共包含 1800 个切窗样本。
正在挂载数据管道: chb20_12_X.npy
挂载成功！该病历共包含 1800 个切窗样本。
正在挂载数据管道: chb20_13_X.npy
挂载成功！该病历共包含 1800 个切窗样本。
正在挂载数据管道: chb20_14_X.npy
挂载成功！该病历共包含 1800 个切窗样本。
正在挂载数据管道: chb20_15_X.npy
挂载成功！该病历共包含 1800 个切窗样本。
正在挂载数据管道: chb20_16_X.npy
挂载成功！该病历共包含 1734 个切窗样本。
正在挂载数据管道: chb20_17_X.npy
挂载成功！该病历共包含 1800 个切窗样本。
正在挂载数据管道: chb20_21_X.npy
挂载成功！该病历共包含 1809 个切窗样本。
正在挂载数据管道: chb20_22_X.npy
挂载成功！该病历共包含 371 个切窗样本。
正在挂载数据管道: chb20_23_X.npy
挂载成功！该病历共包含 1482 个切窗样本。
正在挂载数据管道: chb20_25_X.npy
挂载成功！该病历共包含 1800 个切窗样本。
正在挂载数据管道: chb20_26_X.npy
挂载成功！该病历共包含 1800 个切窗样本。
正在挂载数据管道: chb20_27_X.npy
挂载成功！该病历共包含 1800 个切窗样本。
正在挂载数据管道: chb20_28_X.npy
挂载成功！该病历共包含 1800 个切窗样本。
正在挂载数据管道: chb20_29_X.npy
挂载成功！该病历共包含 1800 个切窗样本。
正在挂载数据管道: chb20_30_X.npy
挂载成功！该病历共包含 1800 个切窗样本。
正在挂载数据管道: chb20_31_X.npy
挂载成功！该病历共包含 1800 个切窗样本。
正在挂载数据管道: chb20_34_X.npy
挂载成功！该病历共包含 1800 个切窗样本。
正在挂载数据管道: chb20_59_X.npy
挂载成功！该病历共包含 1800 个切窗样本。
正在挂载数据管道: chb20_60_X.npy
挂载成功！该病历共包含 1800 个切窗样本。
正在挂载数据管道: chb20_68_X.npy
挂载成功！该病历共包含 1083 个切窗样本。
正在挂载数据管道: chb21_01_X.npy
挂载成功！该病历共包含 1800 个切窗样本。
正在挂载数据管道: chb21_02_X.npy
挂载成功！该病历共包含 1800 个切窗样本。
正在挂载数据管道: chb21_03_X.npy
挂载成功！该病历共包含 1800 个切窗样本。
正在挂载数据管道: chb21_04_X.npy
挂载成功！该病历共包含 1800 个切窗样本。
正在挂载数据管道: chb21_05_X.npy
挂载成功！该病历共包含 1800 个切窗样本。
正在挂载数据管道: chb21_06_X.npy
挂载成功！该病历共包含 1800 个切窗样本。
正在挂载数据管道: chb21_07_X.npy
挂载成功！该病历共包含 1800 个切窗样本。
正在挂载数据管道: chb21_08_X.npy
挂载成功！该病历共包含 1800 个切窗样本。
正在挂载数据管道: chb21_09_X.npy
挂载成功！该病历共包含 1800 个切窗样本。
正在挂载数据管道: chb21_10_X.npy
挂载成功！该病历共包含 1800 个切窗样本。
正在挂载数据管道: chb21_11_X.npy
挂载成功！该病历共包含 1800 个切窗样本。
正在挂载数据管道: chb21_12_X.npy
挂载成功！该病历共包含 1800 个切窗样本。
正在挂载数据管道: chb21_13_X.npy
挂载成功！该病历共包含 1800 个切窗样本。
正在挂载数据管道: chb21_14_X.npy
挂载成功！该病历共包含 1800 个切窗样本。
正在挂载数据管道: chb21_15_X.npy
挂载成功！该病历共包含 1800 个切窗样本。
正在挂载数据管道: chb21_16_X.npy
挂载成功！该病历共包含 1799 个切窗样本。
正在挂载数据管道: chb21_17_X.npy
挂载成功！该病历共包含 1800 个切窗样本。
正在挂载数据管道: chb21_18_X.npy
挂载成功！该病历共包含 1800 个切窗样本。
正在挂载数据管道: chb21_19_X.npy
挂载成功！该病历共包含 1800 个切窗样本。
正在挂载数据管道: chb21_20_X.npy
挂载成功！该病历共包含 1495 个切窗样本。
正在挂载数据管道: chb21_21_X.npy
挂载成功！该病历共包含 1800 个切窗样本。
正在挂载数据管道: chb21_22_X.npy
挂载成功！该病历共包含 1800 个切窗样本。
正在挂载数据管道: chb21_23_X.npy
挂载成功！该病历共包含 1800 个切窗样本。
正在挂载数据管道: chb21_24_X.npy
挂载成功！该病历共包含 1800 个切窗样本。
正在挂载数据管道: chb21_25_X.npy
挂载成功！该病历共包含 1800 个切窗样本。
正在挂载数据管道: chb21_26_X.npy
挂载成功！该病历共包含 1800 个切窗样本。
正在挂载数据管道: chb21_27_X.npy
挂载成功！该病历共包含 1800 个切窗样本。
正在挂载数据管道: chb21_28_X.npy
挂载成功！该病历共包含 1800 个切窗样本。
正在挂载数据管道: chb21_29_X.npy
挂载成功！该病历共包含 1800 个切窗样本。
正在挂载数据管道: chb21_30_X.npy
挂载成功！该病历共包含 1800 个切窗样本。
正在挂载数据管道: chb21_31_X.npy
挂载成功！该病历共包含 1800 个切窗样本。
正在挂载数据管道: chb21_32_X.npy
挂载成功！该病历共包含 1800 个切窗样本。
正在挂载数据管道: chb21_33_X.npy
挂载成功！该病历共包含 1800 个切窗样本。
正在挂载数据管道: chb22_01_X.npy
挂载成功！该病历共包含 1800 个切窗样本。
正在挂载数据管道: chb22_02_X.npy
挂载成功！该病历共包含 1800 个切窗样本。
正在挂载数据管道: chb22_03_X.npy
挂载成功！该病历共包含 1800 个切窗样本。
正在挂载数据管道: chb22_04_X.npy
挂载成功！该病历共包含 1800 个切窗样本。
正在挂载数据管道: chb22_05_X.npy
挂载成功！该病历共包含 1800 个切窗样本。
正在挂载数据管道: chb22_06_X.npy
挂载成功！该病历共包含 1800 个切窗样本。
正在挂载数据管道: chb22_07_X.npy
挂载成功！该病历共包含 1800 个切窗样本。
正在挂载数据管道: chb22_08_X.npy
挂载成功！该病历共包含 1800 个切窗样本。
正在挂载数据管道: chb22_09_X.npy
挂载成功！该病历共包含 1800 个切窗样本。
正在挂载数据管道: chb22_10_X.npy
挂载成功！该病历共包含 1800 个切窗样本。
正在挂载数据管道: chb22_11_X.npy
挂载成功！该病历共包含 1805 个切窗样本。
正在挂载数据管道: chb22_15_X.npy
挂载成功！该病历共包含 1800 个切窗样本。
正在挂载数据管道: chb22_16_X.npy
挂载成功！该病历共包含 1800 个切窗样本。
正在挂载数据管道: chb22_17_X.npy
挂载成功！该病历共包含 1800 个切窗样本。
正在挂载数据管道: chb22_18_X.npy
挂载成功！该病历共包含 1800 个切窗样本。
正在挂载数据管道: chb22_19_X.npy
挂载成功！该病历共包含 1800 个切窗样本。
正在挂载数据管道: chb22_20_X.npy
挂载成功！该病历共包含 1800 个切窗样本。
正在挂载数据管道: chb22_21_X.npy
挂载成功！该病历共包含 1800 个切窗样本。
正在挂载数据管道: chb22_22_X.npy
挂载成功！该病历共包含 1800 个切窗样本。
正在挂载数据管道: chb22_23_X.npy
挂载成功！该病历共包含 1800 个切窗样本。
正在挂载数据管道: chb22_24_X.npy
挂载成功！该病历共包含 1800 个切窗样本。
正在挂载数据管道: chb22_25_X.npy
挂载成功！该病历共包含 1800 个切窗样本。
正在挂载数据管道: chb22_26_X.npy
挂载成功！该病历共包含 1800 个切窗样本。
正在挂载数据管道: chb22_27_X.npy
挂载成功！该病历共包含 1800 个切窗样本。
正在挂载数据管道: chb22_28_X.npy
挂载成功！该病历共包含 1800 个切窗样本。
正在挂载数据管道: chb22_29_X.npy
挂载成功！该病历共包含 1800 个切窗样本。
正在挂载数据管道: chb22_30_X.npy
挂载成功！该病历共包含 1800 个切窗样本。
正在挂载数据管道: chb22_38_X.npy
挂载成功！该病历共包含 1800 个切窗样本。
正在挂载数据管道: chb22_51_X.npy
挂载成功！该病历共包含 1800 个切窗样本。
正在挂载数据管道: chb22_54_X.npy
挂载成功！该病历共包含 1800 个切窗样本。
正在挂载数据管道: chb22_77_X.npy
挂载成功！该病历共包含 1800 个切窗样本。
正在挂载数据管道: chb23_06_X.npy
挂载成功！该病历共包含 3743 个切窗样本。
正在挂载数据管道: chb23_07_X.npy
挂载成功！该病历共包含 1280 个切窗样本。
正在挂载数据管道: chb23_08_X.npy
挂载成功！该病历共包含 5171 个切窗样本。
正在挂载数据管道: chb23_09_X.npy
挂载成功！该病历共包含 7213 个切窗样本。
正在挂载数据管道: chb23_10_X.npy
挂载成功！该病历共包含 7200 个切窗样本。
正在挂载数据管道: chb23_16_X.npy
挂载成功！该病历共包含 7200 个切窗样本。
正在挂载数据管道: chb23_17_X.npy
挂载成功！该病历共包含 6293 个切窗样本。
正在挂载数据管道: chb23_19_X.npy
挂载成功！该病历共包含 7200 个切窗样本。
正在挂载数据管道: chb23_20_X.npy
挂载成功！该病历共包含 2504 个切窗样本。
正在挂载数据管道: chb24_01_X.npy
挂载成功！该病历共包含 1800 个切窗样本。
正在挂载数据管道: chb24_03_X.npy
挂载成功！该病历共包含 1800 个切窗样本。
正在挂载数据管道: chb24_04_X.npy
挂载成功！该病历共包含 1800 个切窗样本。
正在挂载数据管道: chb24_06_X.npy
挂载成功！该病历共包含 1800 个切窗样本。
正在挂载数据管道: chb24_07_X.npy
挂载成功！该病历共包含 1800 个切窗样本。
正在挂载数据管道: chb24_09_X.npy
挂载成功！该病历共包含 1800 个切窗样本。
正在挂载数据管道: chb24_11_X.npy
挂载成功！该病历共包含 1800 个切窗样本。
正在挂载数据管道: chb24_13_X.npy
挂载成功！该病历共包含 1800 个切窗样本。
正在挂载数据管道: chb24_14_X.npy
挂载成功！该病历共包含 1800 个切窗样本。
正在挂载数据管道: chb24_15_X.npy
挂载成功！该病历共包含 1800 个切窗样本。
正在挂载数据管道: chb24_17_X.npy
挂载成功！该病历共包含 1800 个切窗样本。
正在挂载数据管道: chb24_21_X.npy
挂载成功！该病历共包含 1800 个切窗样本。
训练军团发货完毕！Train: 1334695 窗 | Val: 339432 窗。


[全新启动] 断点续训未开启或无旧存档，无视干扰，开启全新训练流水线...

   [Epoch 1/100] Batch [50/1304] | Train Loss: 0.0468
   [Epoch 1/100] Batch [100/1304] | Train Loss: 0.2125
   [Epoch 1/100] Batch [150/1304] | Train Loss: 0.1061
   [Epoch 1/100] Batch [200/1304] | Train Loss: 0.2952
   [Epoch 1/100] Batch [250/1304] | Train Loss: 0.1136
   [Epoch 1/100] Batch [300/1304] | Train Loss: 0.1868
   [Epoch 1/100] Batch [350/1304] | Train Loss: 0.2351
   [Epoch 1/100] Batch [400/1304] | Train Loss: 0.0539
   [Epoch 1/100] Batch [450/1304] | Train Loss: 0.1442
   [Epoch 1/100] Batch [500/1304] | Train Loss: 0.0557
   [Epoch 1/100] Batch [550/1304] | Train Loss: 0.4968
   [Epoch 1/100] Batch [600/1304] | Train Loss: 0.1310
   [Epoch 1/100] Batch [650/1304] | Train Loss: 0.0493
   [Epoch 1/100] Batch [700/1304] | Train Loss: 0.1378
   [Epoch 1/100] Batch [750/1304] | Train Loss: 0.2272
   [Epoch 1/100] Batch [800/1304] | Train Loss: 0.0253
   [Epoch 1/100] Batch [850/1304] | Train Loss: 0.2363
   [Epoch 1/100] Batch [900/1304] | Train Loss: 0.0372
   [Epoch 1/100] Batch [950/1304] | Train Loss: 0.0278
   [Epoch 1/100] Batch [1000/1304] | Train Loss: 0.1844
   [Epoch 1/100] Batch [1050/1304] | Train Loss: 0.3122
   [Epoch 1/100] Batch [1100/1304] | Train Loss: 0.1000
   [Epoch 1/100] Batch [1150/1304] | Train Loss: 0.2219
   [Epoch 1/100] Batch [1200/1304] | Train Loss: 0.2720
   [Epoch 1/100] Batch [1250/1304] | Train Loss: 0.0447
   [Epoch 1/100] Batch [1300/1304] | Train Loss: 0.0721
Epoch 1 结束，正在进行验证集全量体检...
--------------------------------------------------
   Epoch [1/100] 战报:
   Train Loss: 0.1654 | Val Loss: 0.3296
   Val F1-Score: 0.0644
最新训练进度已存档: /root/autodl-tmp/Graduation_Project/outputs/models/latest_checkpoint.pth
破纪录了！Val F1 从 0.0000 提升至 0.0644，正在保存神级权重...
--------------------------------------------------

   [Epoch 2/100] Batch [50/1304] | Train Loss: 0.0268
   [Epoch 2/100] Batch [100/1304] | Train Loss: 0.1830
   [Epoch 2/100] Batch [150/1304] | Train Loss: 0.0984
   [Epoch 2/100] Batch [200/1304] | Train Loss: 0.1098
   [Epoch 2/100] Batch [250/1304] | Train Loss: 0.1847
   [Epoch 2/100] Batch [300/1304] | Train Loss: 0.1261
   [Epoch 2/100] Batch [350/1304] | Train Loss: 0.1406
   [Epoch 2/100] Batch [400/1304] | Train Loss: 0.0508
   [Epoch 2/100] Batch [450/1304] | Train Loss: 0.2215
   [Epoch 2/100] Batch [500/1304] | Train Loss: 0.1582
   [Epoch 2/100] Batch [550/1304] | Train Loss: 0.3506
   [Epoch 2/100] Batch [600/1304] | Train Loss: 0.2311
   [Epoch 2/100] Batch [650/1304] | Train Loss: 0.1726
   [Epoch 2/100] Batch [700/1304] | Train Loss: 0.0308
   [Epoch 2/100] Batch [750/1304] | Train Loss: 0.0879
   [Epoch 2/100] Batch [800/1304] | Train Loss: 0.0565
   [Epoch 2/100] Batch [850/1304] | Train Loss: 0.0946
   [Epoch 2/100] Batch [900/1304] | Train Loss: 0.1514
   [Epoch 2/100] Batch [950/1304] | Train Loss: 0.1125
   [Epoch 2/100] Batch [1000/1304] | Train Loss: 0.1481
   [Epoch 2/100] Batch [1050/1304] | Train Loss: 0.0448
   [Epoch 2/100] Batch [1100/1304] | Train Loss: 0.2320
   [Epoch 2/100] Batch [1150/1304] | Train Loss: 0.0235
   [Epoch 2/100] Batch [1200/1304] | Train Loss: 0.0451
   [Epoch 2/100] Batch [1250/1304] | Train Loss: 0.0596
   [Epoch 2/100] Batch [1300/1304] | Train Loss: 0.0721
Epoch 2 结束，正在进行验证集全量体检...
--------------------------------------------------
   Epoch [2/100] 战报:
   Train Loss: 0.1291 | Val Loss: 0.2502
   Val F1-Score: 0.0351
最新训练进度已存档: /root/autodl-tmp/Graduation_Project/outputs/models/latest_checkpoint.pth
早停警告: 连续 1/16 轮未打破记录。
--------------------------------------------------

   [Epoch 3/100] Batch [50/1304] | Train Loss: 0.0242
   [Epoch 3/100] Batch [100/1304] | Train Loss: 0.1715
   [Epoch 3/100] Batch [150/1304] | Train Loss: 0.0503
   [Epoch 3/100] Batch [200/1304] | Train Loss: 0.0284
   [Epoch 3/100] Batch [250/1304] | Train Loss: 0.0447
   [Epoch 3/100] Batch [300/1304] | Train Loss: 0.0484
   [Epoch 3/100] Batch [350/1304] | Train Loss: 0.0824
   [Epoch 3/100] Batch [400/1304] | Train Loss: 0.0959
   [Epoch 3/100] Batch [450/1304] | Train Loss: 0.1423
   [Epoch 3/100] Batch [500/1304] | Train Loss: 0.1477
   [Epoch 3/100] Batch [550/1304] | Train Loss: 0.0185
   [Epoch 3/100] Batch [600/1304] | Train Loss: 0.0345
   [Epoch 3/100] Batch [650/1304] | Train Loss: 0.0647
   [Epoch 3/100] Batch [700/1304] | Train Loss: 0.0762
   [Epoch 3/100] Batch [750/1304] | Train Loss: 0.0589
   [Epoch 3/100] Batch [800/1304] | Train Loss: 0.0608
   [Epoch 3/100] Batch [850/1304] | Train Loss: 0.0770
   [Epoch 3/100] Batch [900/1304] | Train Loss: 0.0320
   [Epoch 3/100] Batch [950/1304] | Train Loss: 0.0298
   [Epoch 3/100] Batch [1000/1304] | Train Loss: 0.0503
   [Epoch 3/100] Batch [1050/1304] | Train Loss: 0.1816
   [Epoch 3/100] Batch [1100/1304] | Train Loss: 0.1584
   [Epoch 3/100] Batch [1150/1304] | Train Loss: 0.0347
   [Epoch 3/100] Batch [1200/1304] | Train Loss: 0.1415
   [Epoch 3/100] Batch [1250/1304] | Train Loss: 0.1331
   [Epoch 3/100] Batch [1300/1304] | Train Loss: 0.1728
Epoch 3 结束，正在进行验证集全量体检...
--------------------------------------------------
   Epoch [3/100] 战报:
   Train Loss: 0.1165 | Val Loss: 0.2499
   Val F1-Score: 0.1212
最新训练进度已存档: /root/autodl-tmp/Graduation_Project/outputs/models/latest_checkpoint.pth
破纪录了！Val F1 从 0.0644 提升至 0.1212，正在保存神级权重...
--------------------------------------------------

   [Epoch 4/100] Batch [50/1304] | Train Loss: 0.0162
   [Epoch 4/100] Batch [100/1304] | Train Loss: 0.0573
   [Epoch 4/100] Batch [150/1304] | Train Loss: 0.0346
   [Epoch 4/100] Batch [200/1304] | Train Loss: 0.0322
   [Epoch 4/100] Batch [250/1304] | Train Loss: 0.0537
   [Epoch 4/100] Batch [300/1304] | Train Loss: 0.0397
   [Epoch 4/100] Batch [350/1304] | Train Loss: 0.2135
   [Epoch 4/100] Batch [400/1304] | Train Loss: 0.2739
   [Epoch 4/100] Batch [450/1304] | Train Loss: 0.2194
   [Epoch 4/100] Batch [500/1304] | Train Loss: 0.0554
   [Epoch 4/100] Batch [550/1304] | Train Loss: 0.2294
   [Epoch 4/100] Batch [600/1304] | Train Loss: 0.1131
   [Epoch 4/100] Batch [650/1304] | Train Loss: 0.1512
   [Epoch 4/100] Batch [700/1304] | Train Loss: 0.0330
   [Epoch 4/100] Batch [750/1304] | Train Loss: 0.0269
   [Epoch 4/100] Batch [800/1304] | Train Loss: 0.1014
   [Epoch 4/100] Batch [850/1304] | Train Loss: 0.0362
   [Epoch 4/100] Batch [900/1304] | Train Loss: 0.0504
   [Epoch 4/100] Batch [950/1304] | Train Loss: 0.2964
   [Epoch 4/100] Batch [1000/1304] | Train Loss: 0.0727
   [Epoch 4/100] Batch [1050/1304] | Train Loss: 0.2268
   [Epoch 4/100] Batch [1100/1304] | Train Loss: 0.0291
   [Epoch 4/100] Batch [1150/1304] | Train Loss: 0.0496
   [Epoch 4/100] Batch [1200/1304] | Train Loss: 0.0473
   [Epoch 4/100] Batch [1250/1304] | Train Loss: 0.2079
   [Epoch 4/100] Batch [1300/1304] | Train Loss: 0.0567
Epoch 4 结束，正在进行验证集全量体检...
--------------------------------------------------
   Epoch [4/100] 战报:
   Train Loss: 0.1029 | Val Loss: 0.2729
   Val F1-Score: 0.1176
最新训练进度已存档: /root/autodl-tmp/Graduation_Project/outputs/models/latest_checkpoint.pth
早停警告: 连续 1/16 轮未打破记录。
--------------------------------------------------

   [Epoch 5/100] Batch [50/1304] | Train Loss: 0.2438
   [Epoch 5/100] Batch [100/1304] | Train Loss: 0.2590
   [Epoch 5/100] Batch [150/1304] | Train Loss: 0.0261
   [Epoch 5/100] Batch [200/1304] | Train Loss: 0.1474
   [Epoch 5/100] Batch [250/1304] | Train Loss: 0.1622
   [Epoch 5/100] Batch [300/1304] | Train Loss: 0.0747
   [Epoch 5/100] Batch [350/1304] | Train Loss: 0.1873
   [Epoch 5/100] Batch [400/1304] | Train Loss: 0.0317
   [Epoch 5/100] Batch [450/1304] | Train Loss: 0.0869
   [Epoch 5/100] Batch [500/1304] | Train Loss: 0.0678
   [Epoch 5/100] Batch [550/1304] | Train Loss: 0.0487
   [Epoch 5/100] Batch [600/1304] | Train Loss: 0.1806
   [Epoch 5/100] Batch [650/1304] | Train Loss: 0.1490
   [Epoch 5/100] Batch [700/1304] | Train Loss: 0.3534
   [Epoch 5/100] Batch [750/1304] | Train Loss: 0.1691
   [Epoch 5/100] Batch [800/1304] | Train Loss: 0.0733
   [Epoch 5/100] Batch [850/1304] | Train Loss: 0.1006
   [Epoch 5/100] Batch [900/1304] | Train Loss: 0.0492
   [Epoch 5/100] Batch [950/1304] | Train Loss: 0.0385
   [Epoch 5/100] Batch [1000/1304] | Train Loss: 0.0212
   [Epoch 5/100] Batch [1050/1304] | Train Loss: 0.0282
   [Epoch 5/100] Batch [1100/1304] | Train Loss: 0.1200
   [Epoch 5/100] Batch [1150/1304] | Train Loss: 0.2166
   [Epoch 5/100] Batch [1200/1304] | Train Loss: 0.0179
   [Epoch 5/100] Batch [1250/1304] | Train Loss: 0.2198
   [Epoch 5/100] Batch [1300/1304] | Train Loss: 0.1654
Epoch 5 结束，正在进行验证集全量体检...
--------------------------------------------------
   Epoch [5/100] 战报:
   Train Loss: 0.0954 | Val Loss: 0.2761
   Val F1-Score: 0.1389
最新训练进度已存档: /root/autodl-tmp/Graduation_Project/outputs/models/latest_checkpoint.pth
破纪录了！Val F1 从 0.1212 提升至 0.1389，正在保存神级权重...
--------------------------------------------------

   [Epoch 6/100] Batch [50/1304] | Train Loss: 0.2160
   [Epoch 6/100] Batch [100/1304] | Train Loss: 0.1233
   [Epoch 6/100] Batch [150/1304] | Train Loss: 0.0602
   [Epoch 6/100] Batch [200/1304] | Train Loss: 0.0503
   [Epoch 6/100] Batch [250/1304] | Train Loss: 0.0226
   [Epoch 6/100] Batch [300/1304] | Train Loss: 0.0770
   [Epoch 6/100] Batch [350/1304] | Train Loss: 0.0989
   [Epoch 6/100] Batch [400/1304] | Train Loss: 0.0837
   [Epoch 6/100] Batch [450/1304] | Train Loss: 0.2406
   [Epoch 6/100] Batch [500/1304] | Train Loss: 0.0337
   [Epoch 6/100] Batch [550/1304] | Train Loss: 0.0253
   [Epoch 6/100] Batch [600/1304] | Train Loss: 0.0112
   [Epoch 6/100] Batch [650/1304] | Train Loss: 0.0565
   [Epoch 6/100] Batch [700/1304] | Train Loss: 0.0300
   [Epoch 6/100] Batch [750/1304] | Train Loss: 0.0575
   [Epoch 6/100] Batch [800/1304] | Train Loss: 0.3786
   [Epoch 6/100] Batch [850/1304] | Train Loss: 0.2878
   [Epoch 6/100] Batch [900/1304] | Train Loss: 0.0702
   [Epoch 6/100] Batch [950/1304] | Train Loss: 0.1549
   [Epoch 6/100] Batch [1000/1304] | Train Loss: 0.2871
   [Epoch 6/100] Batch [1050/1304] | Train Loss: 0.0112
   [Epoch 6/100] Batch [1100/1304] | Train Loss: 0.0323
   [Epoch 6/100] Batch [1150/1304] | Train Loss: 0.1372
   [Epoch 6/100] Batch [1200/1304] | Train Loss: 0.0280
   [Epoch 6/100] Batch [1250/1304] | Train Loss: 0.0294
   [Epoch 6/100] Batch [1300/1304] | Train Loss: 0.0766
Epoch 6 结束，正在进行验证集全量体检...
--------------------------------------------------
   Epoch [6/100] 战报:
   Train Loss: 0.0894 | Val Loss: 0.2114
   Val F1-Score: 0.0572
最新训练进度已存档: /root/autodl-tmp/Graduation_Project/outputs/models/latest_checkpoint.pth
早停警告: 连续 1/16 轮未打破记录。
--------------------------------------------------

   [Epoch 7/100] Batch [50/1304] | Train Loss: 0.0794
   [Epoch 7/100] Batch [100/1304] | Train Loss: 0.0261
   [Epoch 7/100] Batch [150/1304] | Train Loss: 0.1098
   [Epoch 7/100] Batch [200/1304] | Train Loss: 0.0964
   [Epoch 7/100] Batch [250/1304] | Train Loss: 0.1964
   [Epoch 7/100] Batch [300/1304] | Train Loss: 0.0253
   [Epoch 7/100] Batch [350/1304] | Train Loss: 0.0481
   [Epoch 7/100] Batch [400/1304] | Train Loss: 0.0140
   [Epoch 7/100] Batch [450/1304] | Train Loss: 0.1998
   [Epoch 7/100] Batch [500/1304] | Train Loss: 0.0235
   [Epoch 7/100] Batch [550/1304] | Train Loss: 0.0222
   [Epoch 7/100] Batch [600/1304] | Train Loss: 0.0326
   [Epoch 7/100] Batch [650/1304] | Train Loss: 0.1117
   [Epoch 7/100] Batch [700/1304] | Train Loss: 0.1217
   [Epoch 7/100] Batch [750/1304] | Train Loss: 0.2329
   [Epoch 7/100] Batch [800/1304] | Train Loss: 0.0287
   [Epoch 7/100] Batch [850/1304] | Train Loss: 0.0258
   [Epoch 7/100] Batch [900/1304] | Train Loss: 0.0885
   [Epoch 7/100] Batch [950/1304] | Train Loss: 0.0874
   [Epoch 7/100] Batch [1000/1304] | Train Loss: 0.0322
   [Epoch 7/100] Batch [1050/1304] | Train Loss: 0.0374
   [Epoch 7/100] Batch [1100/1304] | Train Loss: 0.1518
   [Epoch 7/100] Batch [1150/1304] | Train Loss: 0.0580
   [Epoch 7/100] Batch [1200/1304] | Train Loss: 0.0183
   [Epoch 7/100] Batch [1250/1304] | Train Loss: 0.0559
   [Epoch 7/100] Batch [1300/1304] | Train Loss: 0.0380
Epoch 7 结束，正在进行验证集全量体检...
--------------------------------------------------
   Epoch [7/100] 战报:
   Train Loss: 0.0838 | Val Loss: 0.2829
   Val F1-Score: 0.0691
最新训练进度已存档: /root/autodl-tmp/Graduation_Project/outputs/models/latest_checkpoint.pth
早停警告: 连续 2/16 轮未打破记录。
--------------------------------------------------

   [Epoch 8/100] Batch [50/1304] | Train Loss: 0.0510
   [Epoch 8/100] Batch [100/1304] | Train Loss: 0.1742
   [Epoch 8/100] Batch [150/1304] | Train Loss: 0.2213
   [Epoch 8/100] Batch [200/1304] | Train Loss: 0.1128
   [Epoch 8/100] Batch [250/1304] | Train Loss: 0.0327
   [Epoch 8/100] Batch [300/1304] | Train Loss: 0.0292
   [Epoch 8/100] Batch [350/1304] | Train Loss: 0.0196
   [Epoch 8/100] Batch [400/1304] | Train Loss: 0.0420
   [Epoch 8/100] Batch [450/1304] | Train Loss: 0.1217
   [Epoch 8/100] Batch [500/1304] | Train Loss: 0.1226
   [Epoch 8/100] Batch [550/1304] | Train Loss: 0.1046
   [Epoch 8/100] Batch [600/1304] | Train Loss: 0.0883
   [Epoch 8/100] Batch [650/1304] | Train Loss: 0.0280
   [Epoch 8/100] Batch [700/1304] | Train Loss: 0.0082
   [Epoch 8/100] Batch [750/1304] | Train Loss: 0.0364
   [Epoch 8/100] Batch [800/1304] | Train Loss: 0.0283
   [Epoch 8/100] Batch [850/1304] | Train Loss: 0.0441
   [Epoch 8/100] Batch [900/1304] | Train Loss: 0.0334
   [Epoch 8/100] Batch [950/1304] | Train Loss: 0.0449
   [Epoch 8/100] Batch [1000/1304] | Train Loss: 0.0503
   [Epoch 8/100] Batch [1050/1304] | Train Loss: 0.0898
   [Epoch 8/100] Batch [1100/1304] | Train Loss: 0.0354
   [Epoch 8/100] Batch [1150/1304] | Train Loss: 0.0218
   [Epoch 8/100] Batch [1200/1304] | Train Loss: 0.0489
   [Epoch 8/100] Batch [1250/1304] | Train Loss: 0.0375
   [Epoch 8/100] Batch [1300/1304] | Train Loss: 0.0320
Epoch 8 结束，正在进行验证集全量体检...
--------------------------------------------------
   Epoch [8/100] 战报:
   Train Loss: 0.0799 | Val Loss: 0.2579
   Val F1-Score: 0.1073
最新训练进度已存档: /root/autodl-tmp/Graduation_Project/outputs/models/latest_checkpoint.pth
早停警告: 连续 3/16 轮未打破记录。
--------------------------------------------------

   [Epoch 9/100] Batch [50/1304] | Train Loss: 0.1030
   [Epoch 9/100] Batch [100/1304] | Train Loss: 0.0122
   [Epoch 9/100] Batch [150/1304] | Train Loss: 0.2308
   [Epoch 9/100] Batch [200/1304] | Train Loss: 0.0179
   [Epoch 9/100] Batch [250/1304] | Train Loss: 0.1915
   [Epoch 9/100] Batch [300/1304] | Train Loss: 0.0206
   [Epoch 9/100] Batch [350/1304] | Train Loss: 0.0709
   [Epoch 9/100] Batch [400/1304] | Train Loss: 0.0742
   [Epoch 9/100] Batch [450/1304] | Train Loss: 0.0534
   [Epoch 9/100] Batch [500/1304] | Train Loss: 0.0217
   [Epoch 9/100] Batch [550/1304] | Train Loss: 0.1146
   [Epoch 9/100] Batch [600/1304] | Train Loss: 0.1056
   [Epoch 9/100] Batch [650/1304] | Train Loss: 0.0303
   [Epoch 9/100] Batch [700/1304] | Train Loss: 0.0463
   [Epoch 9/100] Batch [750/1304] | Train Loss: 0.1859
   [Epoch 9/100] Batch [800/1304] | Train Loss: 0.0392
   [Epoch 9/100] Batch [850/1304] | Train Loss: 0.0366
   [Epoch 9/100] Batch [900/1304] | Train Loss: 0.0436
   [Epoch 9/100] Batch [950/1304] | Train Loss: 0.0604
   [Epoch 9/100] Batch [1000/1304] | Train Loss: 0.0497
   [Epoch 9/100] Batch [1050/1304] | Train Loss: 0.0348
   [Epoch 9/100] Batch [1100/1304] | Train Loss: 0.0149
   [Epoch 9/100] Batch [1150/1304] | Train Loss: 0.1467
   [Epoch 9/100] Batch [1200/1304] | Train Loss: 0.0211
   [Epoch 9/100] Batch [1250/1304] | Train Loss: 0.0347
   [Epoch 9/100] Batch [1300/1304] | Train Loss: 0.0926
Epoch 9 结束，正在进行验证集全量体检...
--------------------------------------------------
   Epoch [9/100] 战报:
   Train Loss: 0.0766 | Val Loss: 0.3993
   Val F1-Score: 0.2548
最新训练进度已存档: /root/autodl-tmp/Graduation_Project/outputs/models/latest_checkpoint.pth
破纪录了！Val F1 从 0.1389 提升至 0.2548，正在保存神级权重...
--------------------------------------------------

   [Epoch 10/100] Batch [50/1304] | Train Loss: 0.0395
   [Epoch 10/100] Batch [100/1304] | Train Loss: 0.0255
   [Epoch 10/100] Batch [150/1304] | Train Loss: 0.0321
   [Epoch 10/100] Batch [200/1304] | Train Loss: 0.0582
   [Epoch 10/100] Batch [250/1304] | Train Loss: 0.0122
   [Epoch 10/100] Batch [300/1304] | Train Loss: 0.1387
   [Epoch 10/100] Batch [350/1304] | Train Loss: 0.0139
   [Epoch 10/100] Batch [400/1304] | Train Loss: 0.0675
   [Epoch 10/100] Batch [450/1304] | Train Loss: 0.1747
   [Epoch 10/100] Batch [500/1304] | Train Loss: 0.0580
   [Epoch 10/100] Batch [550/1304] | Train Loss: 0.1065
   [Epoch 10/100] Batch [600/1304] | Train Loss: 0.0713
   [Epoch 10/100] Batch [650/1304] | Train Loss: 0.0330
   [Epoch 10/100] Batch [700/1304] | Train Loss: 0.0150
   [Epoch 10/100] Batch [750/1304] | Train Loss: 0.2102
   [Epoch 10/100] Batch [800/1304] | Train Loss: 0.0101
   [Epoch 10/100] Batch [850/1304] | Train Loss: 0.2076
   [Epoch 10/100] Batch [900/1304] | Train Loss: 0.0208
   [Epoch 10/100] Batch [950/1304] | Train Loss: 0.3598
   [Epoch 10/100] Batch [1000/1304] | Train Loss: 0.1333
   [Epoch 10/100] Batch [1050/1304] | Train Loss: 0.0170
   [Epoch 10/100] Batch [1100/1304] | Train Loss: 0.1493
   [Epoch 10/100] Batch [1150/1304] | Train Loss: 0.0157
   [Epoch 10/100] Batch [1200/1304] | Train Loss: 0.0237
   [Epoch 10/100] Batch [1250/1304] | Train Loss: 0.4865
   [Epoch 10/100] Batch [1300/1304] | Train Loss: 0.2694
Epoch 10 结束，正在进行验证集全量体检...
--------------------------------------------------
   Epoch [10/100] 战报:
   Train Loss: 0.0737 | Val Loss: 0.2235
   Val F1-Score: 0.0850
最新训练进度已存档: /root/autodl-tmp/Graduation_Project/outputs/models/latest_checkpoint.pth
早停警告: 连续 1/16 轮未打破记录。
--------------------------------------------------

   [Epoch 11/100] Batch [50/1304] | Train Loss: 0.0682
   [Epoch 11/100] Batch [100/1304] | Train Loss: 0.0619
   [Epoch 11/100] Batch [150/1304] | Train Loss: 0.0221
   [Epoch 11/100] Batch [200/1304] | Train Loss: 0.1714
   [Epoch 11/100] Batch [250/1304] | Train Loss: 0.0157
   [Epoch 11/100] Batch [300/1304] | Train Loss: 0.0447
   [Epoch 11/100] Batch [350/1304] | Train Loss: 0.0452
   [Epoch 11/100] Batch [400/1304] | Train Loss: 0.0849
   [Epoch 11/100] Batch [450/1304] | Train Loss: 0.0690
   [Epoch 11/100] Batch [500/1304] | Train Loss: 0.0594
   [Epoch 11/100] Batch [550/1304] | Train Loss: 0.0074
   [Epoch 11/100] Batch [600/1304] | Train Loss: 0.0128
   [Epoch 11/100] Batch [650/1304] | Train Loss: 0.0237
   [Epoch 11/100] Batch [700/1304] | Train Loss: 0.0109
   [Epoch 11/100] Batch [750/1304] | Train Loss: 0.0526
   [Epoch 11/100] Batch [800/1304] | Train Loss: 0.0926
   [Epoch 11/100] Batch [850/1304] | Train Loss: 0.0849
   [Epoch 11/100] Batch [900/1304] | Train Loss: 0.0223
   [Epoch 11/100] Batch [950/1304] | Train Loss: 0.0344
   [Epoch 11/100] Batch [1000/1304] | Train Loss: 0.4620
   [Epoch 11/100] Batch [1050/1304] | Train Loss: 0.0921
   [Epoch 11/100] Batch [1100/1304] | Train Loss: 0.1074
   [Epoch 11/100] Batch [1150/1304] | Train Loss: 0.0090
   [Epoch 11/100] Batch [1200/1304] | Train Loss: 0.0315
   [Epoch 11/100] Batch [1250/1304] | Train Loss: 0.0374
   [Epoch 11/100] Batch [1300/1304] | Train Loss: 0.1290
Epoch 11 结束，正在进行验证集全量体检...
--------------------------------------------------
   Epoch [11/100] 战报:
   Train Loss: 0.0695 | Val Loss: 0.2212
   Val F1-Score: 0.0545
最新训练进度已存档: /root/autodl-tmp/Graduation_Project/outputs/models/latest_checkpoint.pth
早停警告: 连续 2/16 轮未打破记录。
--------------------------------------------------

   [Epoch 12/100] Batch [50/1304] | Train Loss: 0.0196
   [Epoch 12/100] Batch [100/1304] | Train Loss: 0.0351
   [Epoch 12/100] Batch [150/1304] | Train Loss: 0.0262
   [Epoch 12/100] Batch [200/1304] | Train Loss: 0.0244
   [Epoch 12/100] Batch [250/1304] | Train Loss: 0.0321
   [Epoch 12/100] Batch [300/1304] | Train Loss: 0.0519
   [Epoch 12/100] Batch [350/1304] | Train Loss: 0.0576
   [Epoch 12/100] Batch [400/1304] | Train Loss: 0.0289
   [Epoch 12/100] Batch [450/1304] | Train Loss: 0.1417
   [Epoch 12/100] Batch [500/1304] | Train Loss: 0.0423
   [Epoch 12/100] Batch [550/1304] | Train Loss: 0.0752
   [Epoch 12/100] Batch [600/1304] | Train Loss: 0.0135
   [Epoch 12/100] Batch [650/1304] | Train Loss: 0.3272
   [Epoch 12/100] Batch [700/1304] | Train Loss: 0.0199
   [Epoch 12/100] Batch [750/1304] | Train Loss: 0.0281
   [Epoch 12/100] Batch [800/1304] | Train Loss: 0.1122
   [Epoch 12/100] Batch [850/1304] | Train Loss: 0.2511
   [Epoch 12/100] Batch [900/1304] | Train Loss: 0.0098
   [Epoch 12/100] Batch [950/1304] | Train Loss: 0.0860
   [Epoch 12/100] Batch [1000/1304] | Train Loss: 0.0249
   [Epoch 12/100] Batch [1050/1304] | Train Loss: 0.0651
   [Epoch 12/100] Batch [1100/1304] | Train Loss: 0.1507
   [Epoch 12/100] Batch [1150/1304] | Train Loss: 0.2448
   [Epoch 12/100] Batch [1200/1304] | Train Loss: 0.1410
   [Epoch 12/100] Batch [1250/1304] | Train Loss: 0.1755
   [Epoch 12/100] Batch [1300/1304] | Train Loss: 0.0215
Epoch 12 结束，正在进行验证集全量体检...
--------------------------------------------------
   Epoch [12/100] 战报:
   Train Loss: 0.0677 | Val Loss: 0.2350
   Val F1-Score: 0.0454
最新训练进度已存档: /root/autodl-tmp/Graduation_Project/outputs/models/latest_checkpoint.pth
早停警告: 连续 3/16 轮未打破记录。
--------------------------------------------------

   [Epoch 13/100] Batch [50/1304] | Train Loss: 0.0330
   [Epoch 13/100] Batch [100/1304] | Train Loss: 0.0526
   [Epoch 13/100] Batch [150/1304] | Train Loss: 0.0841
   [Epoch 13/100] Batch [200/1304] | Train Loss: 0.0233
   [Epoch 13/100] Batch [250/1304] | Train Loss: 0.0267
   [Epoch 13/100] Batch [300/1304] | Train Loss: 0.0131
   [Epoch 13/100] Batch [350/1304] | Train Loss: 0.1668
   [Epoch 13/100] Batch [400/1304] | Train Loss: 0.1055
   [Epoch 13/100] Batch [450/1304] | Train Loss: 0.0162
   [Epoch 13/100] Batch [500/1304] | Train Loss: 0.0331
   [Epoch 13/100] Batch [550/1304] | Train Loss: 0.0174
   [Epoch 13/100] Batch [600/1304] | Train Loss: 0.0430
   [Epoch 13/100] Batch [650/1304] | Train Loss: 0.0223
   [Epoch 13/100] Batch [700/1304] | Train Loss: 0.0099
   [Epoch 13/100] Batch [750/1304] | Train Loss: 0.0363
   [Epoch 13/100] Batch [800/1304] | Train Loss: 0.0196
   [Epoch 13/100] Batch [850/1304] | Train Loss: 0.0180
   [Epoch 13/100] Batch [900/1304] | Train Loss: 0.0137
   [Epoch 13/100] Batch [950/1304] | Train Loss: 0.0056
   [Epoch 13/100] Batch [1000/1304] | Train Loss: 0.0140
   [Epoch 13/100] Batch [1050/1304] | Train Loss: 0.1336
   [Epoch 13/100] Batch [1100/1304] | Train Loss: 0.1560
   [Epoch 13/100] Batch [1150/1304] | Train Loss: 0.0666
   [Epoch 13/100] Batch [1200/1304] | Train Loss: 0.2935
   [Epoch 13/100] Batch [1250/1304] | Train Loss: 0.0368
   [Epoch 13/100] Batch [1300/1304] | Train Loss: 0.0186
Epoch 13 结束，正在进行验证集全量体检...
--------------------------------------------------
   Epoch [13/100] 战报:
   Train Loss: 0.0655 | Val Loss: 0.4026
   Val F1-Score: 0.3182
最新训练进度已存档: /root/autodl-tmp/Graduation_Project/outputs/models/latest_checkpoint.pth
破纪录了！Val F1 从 0.2548 提升至 0.3182，正在保存神级权重...
--------------------------------------------------

   [Epoch 14/100] Batch [50/1304] | Train Loss: 0.0141
   [Epoch 14/100] Batch [100/1304] | Train Loss: 0.1418
   [Epoch 14/100] Batch [150/1304] | Train Loss: 0.0132
   [Epoch 14/100] Batch [200/1304] | Train Loss: 0.3838
   [Epoch 14/100] Batch [250/1304] | Train Loss: 0.0113
   [Epoch 14/100] Batch [300/1304] | Train Loss: 0.0814
   [Epoch 14/100] Batch [350/1304] | Train Loss: 0.0720
   [Epoch 14/100] Batch [400/1304] | Train Loss: 0.0309
   [Epoch 14/100] Batch [450/1304] | Train Loss: 0.0119
   [Epoch 14/100] Batch [500/1304] | Train Loss: 0.0053
   [Epoch 14/100] Batch [550/1304] | Train Loss: 0.0517
   [Epoch 14/100] Batch [600/1304] | Train Loss: 0.2696
   [Epoch 14/100] Batch [650/1304] | Train Loss: 0.0196
   [Epoch 14/100] Batch [700/1304] | Train Loss: 0.2344
   [Epoch 14/100] Batch [750/1304] | Train Loss: 0.1058
   [Epoch 14/100] Batch [800/1304] | Train Loss: 0.0269
   [Epoch 14/100] Batch [850/1304] | Train Loss: 0.0259
   [Epoch 14/100] Batch [900/1304] | Train Loss: 0.1565
   [Epoch 14/100] Batch [950/1304] | Train Loss: 0.0624
   [Epoch 14/100] Batch [1000/1304] | Train Loss: 0.0327
   [Epoch 14/100] Batch [1050/1304] | Train Loss: 0.0088
   [Epoch 14/100] Batch [1100/1304] | Train Loss: 0.0146
   [Epoch 14/100] Batch [1150/1304] | Train Loss: 0.0211
   [Epoch 14/100] Batch [1200/1304] | Train Loss: 0.0996
   [Epoch 14/100] Batch [1250/1304] | Train Loss: 0.0150
   [Epoch 14/100] Batch [1300/1304] | Train Loss: 0.0447
Epoch 14 结束，正在进行验证集全量体检...
--------------------------------------------------
   Epoch [14/100] 战报:
   Train Loss: 0.0642 | Val Loss: 0.2717
   Val F1-Score: 0.1064
最新训练进度已存档: /root/autodl-tmp/Graduation_Project/outputs/models/latest_checkpoint.pth
早停警告: 连续 1/16 轮未打破记录。
--------------------------------------------------

   [Epoch 15/100] Batch [50/1304] | Train Loss: 0.0186
   [Epoch 15/100] Batch [100/1304] | Train Loss: 0.1478
   [Epoch 15/100] Batch [150/1304] | Train Loss: 0.2655
   [Epoch 15/100] Batch [200/1304] | Train Loss: 0.0802
   [Epoch 15/100] Batch [250/1304] | Train Loss: 0.0436
   [Epoch 15/100] Batch [300/1304] | Train Loss: 0.0187
   [Epoch 15/100] Batch [350/1304] | Train Loss: 0.0267
   [Epoch 15/100] Batch [400/1304] | Train Loss: 0.0219
   [Epoch 15/100] Batch [450/1304] | Train Loss: 0.0095
   [Epoch 15/100] Batch [500/1304] | Train Loss: 0.0705
   [Epoch 15/100] Batch [550/1304] | Train Loss: 0.0131
   [Epoch 15/100] Batch [600/1304] | Train Loss: 0.1395
   [Epoch 15/100] Batch [650/1304] | Train Loss: 0.0113
   [Epoch 15/100] Batch [700/1304] | Train Loss: 0.0351
   [Epoch 15/100] Batch [750/1304] | Train Loss: 0.1193
   [Epoch 15/100] Batch [800/1304] | Train Loss: 0.1353
   [Epoch 15/100] Batch [850/1304] | Train Loss: 0.0200
   [Epoch 15/100] Batch [900/1304] | Train Loss: 0.0114
   [Epoch 15/100] Batch [950/1304] | Train Loss: 0.0143
   [Epoch 15/100] Batch [1000/1304] | Train Loss: 0.0162
   [Epoch 15/100] Batch [1050/1304] | Train Loss: 0.1073
   [Epoch 15/100] Batch [1100/1304] | Train Loss: 0.0331
   [Epoch 15/100] Batch [1150/1304] | Train Loss: 0.0650
   [Epoch 15/100] Batch [1200/1304] | Train Loss: 0.1381
   [Epoch 15/100] Batch [1250/1304] | Train Loss: 0.0289
   [Epoch 15/100] Batch [1300/1304] | Train Loss: 0.0568
Epoch 15 结束，正在进行验证集全量体检...
--------------------------------------------------
   Epoch [15/100] 战报:
   Train Loss: 0.0627 | Val Loss: 0.2539
   Val F1-Score: 0.0608
最新训练进度已存档: /root/autodl-tmp/Graduation_Project/outputs/models/latest_checkpoint.pth
早停警告: 连续 2/16 轮未打破记录。
--------------------------------------------------

   [Epoch 16/100] Batch [50/1304] | Train Loss: 0.0140
   [Epoch 16/100] Batch [100/1304] | Train Loss: 0.0480
   [Epoch 16/100] Batch [150/1304] | Train Loss: 0.1112
   [Epoch 16/100] Batch [200/1304] | Train Loss: 0.0312
   [Epoch 16/100] Batch [250/1304] | Train Loss: 0.0181
   [Epoch 16/100] Batch [300/1304] | Train Loss: 0.1528
   [Epoch 16/100] Batch [350/1304] | Train Loss: 0.0178
   [Epoch 16/100] Batch [400/1304] | Train Loss: 0.0416
   [Epoch 16/100] Batch [450/1304] | Train Loss: 0.1744
   [Epoch 16/100] Batch [500/1304] | Train Loss: 0.0525
   [Epoch 16/100] Batch [550/1304] | Train Loss: 0.0763
   [Epoch 16/100] Batch [600/1304] | Train Loss: 0.1237
   [Epoch 16/100] Batch [650/1304] | Train Loss: 0.0067
   [Epoch 16/100] Batch [700/1304] | Train Loss: 0.0135
   [Epoch 16/100] Batch [750/1304] | Train Loss: 0.2211
   [Epoch 16/100] Batch [800/1304] | Train Loss: 0.0235
   [Epoch 16/100] Batch [850/1304] | Train Loss: 0.1010
   [Epoch 16/100] Batch [900/1304] | Train Loss: 0.3129
   [Epoch 16/100] Batch [950/1304] | Train Loss: 0.0650
   [Epoch 16/100] Batch [1000/1304] | Train Loss: 0.4474
   [Epoch 16/100] Batch [1050/1304] | Train Loss: 0.0663
   [Epoch 16/100] Batch [1100/1304] | Train Loss: 0.0497
   [Epoch 16/100] Batch [1150/1304] | Train Loss: 0.1937
   [Epoch 16/100] Batch [1200/1304] | Train Loss: 0.0351
   [Epoch 16/100] Batch [1250/1304] | Train Loss: 0.0164
   [Epoch 16/100] Batch [1300/1304] | Train Loss: 0.0167
Epoch 16 结束，正在进行验证集全量体检...
--------------------------------------------------
   Epoch [16/100] 战报:
   Train Loss: 0.0611 | Val Loss: 0.4143
   Val F1-Score: 0.2462
最新训练进度已存档: /root/autodl-tmp/Graduation_Project/outputs/models/latest_checkpoint.pth
早停警告: 连续 3/16 轮未打破记录。
--------------------------------------------------

   [Epoch 17/100] Batch [50/1304] | Train Loss: 0.0270
   [Epoch 17/100] Batch [100/1304] | Train Loss: 0.0156
   [Epoch 17/100] Batch [150/1304] | Train Loss: 0.0138
   [Epoch 17/100] Batch [200/1304] | Train Loss: 0.2647
   [Epoch 17/100] Batch [250/1304] | Train Loss: 0.0349
   [Epoch 17/100] Batch [300/1304] | Train Loss: 0.2424
   [Epoch 17/100] Batch [350/1304] | Train Loss: 0.0129
   [Epoch 17/100] Batch [400/1304] | Train Loss: 0.1373
   [Epoch 17/100] Batch [450/1304] | Train Loss: 0.0313
   [Epoch 17/100] Batch [500/1304] | Train Loss: 0.0773
   [Epoch 17/100] Batch [550/1304] | Train Loss: 0.0170
   [Epoch 17/100] Batch [600/1304] | Train Loss: 0.0342
   [Epoch 17/100] Batch [650/1304] | Train Loss: 0.0128
   [Epoch 17/100] Batch [700/1304] | Train Loss: 0.0095
   [Epoch 17/100] Batch [750/1304] | Train Loss: 0.0221
   [Epoch 17/100] Batch [800/1304] | Train Loss: 0.1514
   [Epoch 17/100] Batch [850/1304] | Train Loss: 0.1860
   [Epoch 17/100] Batch [900/1304] | Train Loss: 0.0163
   [Epoch 17/100] Batch [950/1304] | Train Loss: 0.0266
   [Epoch 17/100] Batch [1000/1304] | Train Loss: 0.0730
   [Epoch 17/100] Batch [1050/1304] | Train Loss: 0.0216
   [Epoch 17/100] Batch [1100/1304] | Train Loss: 0.1006
   [Epoch 17/100] Batch [1150/1304] | Train Loss: 0.0177
   [Epoch 17/100] Batch [1200/1304] | Train Loss: 0.0842
   [Epoch 17/100] Batch [1250/1304] | Train Loss: 0.0134
   [Epoch 17/100] Batch [1300/1304] | Train Loss: 0.0160
Epoch 17 结束，正在进行验证集全量体检...
--------------------------------------------------
   Epoch [17/100] 战报:
   Train Loss: 0.0586 | Val Loss: 0.3067
   Val F1-Score: 0.1423
最新训练进度已存档: /root/autodl-tmp/Graduation_Project/outputs/models/latest_checkpoint.pth
早停警告: 连续 4/16 轮未打破记录。
--------------------------------------------------

   [Epoch 18/100] Batch [50/1304] | Train Loss: 0.0550
   [Epoch 18/100] Batch [100/1304] | Train Loss: 0.0289
   [Epoch 18/100] Batch [150/1304] | Train Loss: 0.0230
   [Epoch 18/100] Batch [200/1304] | Train Loss: 0.0104
   [Epoch 18/100] Batch [250/1304] | Train Loss: 0.0237
   [Epoch 18/100] Batch [300/1304] | Train Loss: 0.0403
   [Epoch 18/100] Batch [350/1304] | Train Loss: 0.0249
   [Epoch 18/100] Batch [400/1304] | Train Loss: 0.0069
   [Epoch 18/100] Batch [450/1304] | Train Loss: 0.0272
   [Epoch 18/100] Batch [500/1304] | Train Loss: 0.0316
   [Epoch 18/100] Batch [550/1304] | Train Loss: 0.0123
   [Epoch 18/100] Batch [600/1304] | Train Loss: 0.2563
   [Epoch 18/100] Batch [650/1304] | Train Loss: 0.0110
   [Epoch 18/100] Batch [700/1304] | Train Loss: 0.1434
   [Epoch 18/100] Batch [750/1304] | Train Loss: 0.2213
   [Epoch 18/100] Batch [800/1304] | Train Loss: 0.0117
   [Epoch 18/100] Batch [850/1304] | Train Loss: 0.0064
   [Epoch 18/100] Batch [900/1304] | Train Loss: 0.0324
   [Epoch 18/100] Batch [950/1304] | Train Loss: 0.0094
   [Epoch 18/100] Batch [1000/1304] | Train Loss: 0.0133
   [Epoch 18/100] Batch [1050/1304] | Train Loss: 0.0543
   [Epoch 18/100] Batch [1100/1304] | Train Loss: 0.0080
   [Epoch 18/100] Batch [1150/1304] | Train Loss: 0.0098
   [Epoch 18/100] Batch [1200/1304] | Train Loss: 0.0178
   [Epoch 18/100] Batch [1250/1304] | Train Loss: 0.1092
   [Epoch 18/100] Batch [1300/1304] | Train Loss: 0.0089
Epoch 18 结束，正在进行验证集全量体检...
--------------------------------------------------
   Epoch [18/100] 战报:
   Train Loss: 0.0575 | Val Loss: 0.2604
   Val F1-Score: 0.0857
最新训练进度已存档: /root/autodl-tmp/Graduation_Project/outputs/models/latest_checkpoint.pth
早停警告: 连续 5/16 轮未打破记录。
--------------------------------------------------

   [Epoch 19/100] Batch [50/1304] | Train Loss: 0.0104
   [Epoch 19/100] Batch [100/1304] | Train Loss: 0.0147
   [Epoch 19/100] Batch [150/1304] | Train Loss: 0.0798
   [Epoch 19/100] Batch [200/1304] | Train Loss: 0.0115
   [Epoch 19/100] Batch [250/1304] | Train Loss: 0.0304
   [Epoch 19/100] Batch [300/1304] | Train Loss: 0.0102
   [Epoch 19/100] Batch [350/1304] | Train Loss: 0.0200
   [Epoch 19/100] Batch [400/1304] | Train Loss: 0.0372
   [Epoch 19/100] Batch [450/1304] | Train Loss: 0.1596
   [Epoch 19/100] Batch [500/1304] | Train Loss: 0.0132
   [Epoch 19/100] Batch [550/1304] | Train Loss: 0.0111
   [Epoch 19/100] Batch [600/1304] | Train Loss: 0.0650
   [Epoch 19/100] Batch [650/1304] | Train Loss: 0.1457
   [Epoch 19/100] Batch [700/1304] | Train Loss: 0.0369
   [Epoch 19/100] Batch [750/1304] | Train Loss: 0.0224
   [Epoch 19/100] Batch [800/1304] | Train Loss: 0.0100
   [Epoch 19/100] Batch [850/1304] | Train Loss: 0.0050
   [Epoch 19/100] Batch [900/1304] | Train Loss: 0.0376
   [Epoch 19/100] Batch [950/1304] | Train Loss: 0.1818
   [Epoch 19/100] Batch [1000/1304] | Train Loss: 0.0152
   [Epoch 19/100] Batch [1050/1304] | Train Loss: 0.1894
   [Epoch 19/100] Batch [1100/1304] | Train Loss: 0.0312
   [Epoch 19/100] Batch [1150/1304] | Train Loss: 0.0240
   [Epoch 19/100] Batch [1200/1304] | Train Loss: 0.1771
   [Epoch 19/100] Batch [1250/1304] | Train Loss: 0.0301
   [Epoch 19/100] Batch [1300/1304] | Train Loss: 0.0081
Epoch 19 结束，正在进行验证集全量体检...
--------------------------------------------------
   Epoch [19/100] 战报:
   Train Loss: 0.0557 | Val Loss: 0.4531
   Val F1-Score: 0.3282
最新训练进度已存档: /root/autodl-tmp/Graduation_Project/outputs/models/latest_checkpoint.pth
破纪录了！Val F1 从 0.3182 提升至 0.3282，正在保存神级权重...
--------------------------------------------------

   [Epoch 20/100] Batch [50/1304] | Train Loss: 0.0088
   [Epoch 20/100] Batch [100/1304] | Train Loss: 0.0423
   [Epoch 20/100] Batch [150/1304] | Train Loss: 0.0207
   [Epoch 20/100] Batch [200/1304] | Train Loss: 0.0067
   [Epoch 20/100] Batch [250/1304] | Train Loss: 0.0082
   [Epoch 20/100] Batch [300/1304] | Train Loss: 0.0530
   [Epoch 20/100] Batch [350/1304] | Train Loss: 0.0321
   [Epoch 20/100] Batch [400/1304] | Train Loss: 0.0271
   [Epoch 20/100] Batch [450/1304] | Train Loss: 0.0682
   [Epoch 20/100] Batch [500/1304] | Train Loss: 0.1149
   [Epoch 20/100] Batch [550/1304] | Train Loss: 0.0137
   [Epoch 20/100] Batch [600/1304] | Train Loss: 0.0318
   [Epoch 20/100] Batch [650/1304] | Train Loss: 0.0217
   [Epoch 20/100] Batch [700/1304] | Train Loss: 0.0236
   [Epoch 20/100] Batch [750/1304] | Train Loss: 0.0170
   [Epoch 20/100] Batch [800/1304] | Train Loss: 0.1166
   [Epoch 20/100] Batch [850/1304] | Train Loss: 0.0174
   [Epoch 20/100] Batch [900/1304] | Train Loss: 0.0096
   [Epoch 20/100] Batch [950/1304] | Train Loss: 0.0191
   [Epoch 20/100] Batch [1000/1304] | Train Loss: 0.0270
   [Epoch 20/100] Batch [1050/1304] | Train Loss: 0.0281
   [Epoch 20/100] Batch [1100/1304] | Train Loss: 0.0846
   [Epoch 20/100] Batch [1150/1304] | Train Loss: 0.0107
   [Epoch 20/100] Batch [1200/1304] | Train Loss: 0.0123
   [Epoch 20/100] Batch [1250/1304] | Train Loss: 0.0283
   [Epoch 20/100] Batch [1300/1304] | Train Loss: 0.0494
Epoch 20 结束，正在进行验证集全量体检...
--------------------------------------------------
   Epoch [20/100] 战报:
   Train Loss: 0.0552 | Val Loss: 0.4391
   Val F1-Score: 0.3152
最新训练进度已存档: /root/autodl-tmp/Graduation_Project/outputs/models/latest_checkpoint.pth
早停警告: 连续 1/16 轮未打破记录。
--------------------------------------------------

   [Epoch 21/100] Batch [50/1304] | Train Loss: 0.1639
   [Epoch 21/100] Batch [100/1304] | Train Loss: 0.0115
   [Epoch 21/100] Batch [150/1304] | Train Loss: 0.0137
   [Epoch 21/100] Batch [200/1304] | Train Loss: 0.0122
   [Epoch 21/100] Batch [250/1304] | Train Loss: 0.0173
   [Epoch 21/100] Batch [300/1304] | Train Loss: 0.0084
   [Epoch 21/100] Batch [350/1304] | Train Loss: 0.1354
   [Epoch 21/100] Batch [400/1304] | Train Loss: 0.0931
   [Epoch 21/100] Batch [450/1304] | Train Loss: 0.2101
   [Epoch 21/100] Batch [500/1304] | Train Loss: 0.1532
   [Epoch 21/100] Batch [550/1304] | Train Loss: 0.0978
   [Epoch 21/100] Batch [600/1304] | Train Loss: 0.0224
   [Epoch 21/100] Batch [650/1304] | Train Loss: 0.2504
   [Epoch 21/100] Batch [700/1304] | Train Loss: 0.0358
   [Epoch 21/100] Batch [750/1304] | Train Loss: 0.0186
   [Epoch 21/100] Batch [800/1304] | Train Loss: 0.0780
   [Epoch 21/100] Batch [850/1304] | Train Loss: 0.1116
   [Epoch 21/100] Batch [900/1304] | Train Loss: 0.1759
   [Epoch 21/100] Batch [950/1304] | Train Loss: 0.0089
   [Epoch 21/100] Batch [1000/1304] | Train Loss: 0.0214
   [Epoch 21/100] Batch [1050/1304] | Train Loss: 0.0073
   [Epoch 21/100] Batch [1100/1304] | Train Loss: 0.1391
   [Epoch 21/100] Batch [1150/1304] | Train Loss: 0.0926
   [Epoch 21/100] Batch [1200/1304] | Train Loss: 0.0162
   [Epoch 21/100] Batch [1250/1304] | Train Loss: 0.0710
   [Epoch 21/100] Batch [1300/1304] | Train Loss: 0.0152
Epoch 21 结束，正在进行验证集全量体检...
--------------------------------------------------
   Epoch [21/100] 战报:
   Train Loss: 0.0551 | Val Loss: 0.3019
   Val F1-Score: 0.1410
最新训练进度已存档: /root/autodl-tmp/Graduation_Project/outputs/models/latest_checkpoint.pth
早停警告: 连续 2/16 轮未打破记录。
--------------------------------------------------

   [Epoch 22/100] Batch [50/1304] | Train Loss: 0.0187
   [Epoch 22/100] Batch [100/1304] | Train Loss: 0.1200
   [Epoch 22/100] Batch [150/1304] | Train Loss: 0.0767
   [Epoch 22/100] Batch [200/1304] | Train Loss: 0.0059
   [Epoch 22/100] Batch [250/1304] | Train Loss: 0.0566
   [Epoch 22/100] Batch [300/1304] | Train Loss: 0.0155
   [Epoch 22/100] Batch [350/1304] | Train Loss: 0.0089
   [Epoch 22/100] Batch [400/1304] | Train Loss: 0.2235
   [Epoch 22/100] Batch [450/1304] | Train Loss: 0.0261
   [Epoch 22/100] Batch [500/1304] | Train Loss: 0.0257
   [Epoch 22/100] Batch [550/1304] | Train Loss: 0.0231
   [Epoch 22/100] Batch [600/1304] | Train Loss: 0.0108
   [Epoch 22/100] Batch [650/1304] | Train Loss: 0.0332
   [Epoch 22/100] Batch [700/1304] | Train Loss: 0.0141
   [Epoch 22/100] Batch [750/1304] | Train Loss: 0.1012
   [Epoch 22/100] Batch [800/1304] | Train Loss: 0.0052
   [Epoch 22/100] Batch [850/1304] | Train Loss: 0.0234
   [Epoch 22/100] Batch [900/1304] | Train Loss: 0.0163
   [Epoch 22/100] Batch [950/1304] | Train Loss: 0.1340
   [Epoch 22/100] Batch [1000/1304] | Train Loss: 0.2206
   [Epoch 22/100] Batch [1050/1304] | Train Loss: 0.0380
   [Epoch 22/100] Batch [1100/1304] | Train Loss: 0.0338
   [Epoch 22/100] Batch [1150/1304] | Train Loss: 0.0697
   [Epoch 22/100] Batch [1200/1304] | Train Loss: 0.0223
   [Epoch 22/100] Batch [1250/1304] | Train Loss: 0.0481
   [Epoch 22/100] Batch [1300/1304] | Train Loss: 0.0099
Epoch 22 结束，正在进行验证集全量体检...
--------------------------------------------------
   Epoch [22/100] 战报:
   Train Loss: 0.0540 | Val Loss: 0.3304
   Val F1-Score: 0.2275
最新训练进度已存档: /root/autodl-tmp/Graduation_Project/outputs/models/latest_checkpoint.pth
早停警告: 连续 3/16 轮未打破记录。
--------------------------------------------------

   [Epoch 23/100] Batch [50/1304] | Train Loss: 0.0212
   [Epoch 23/100] Batch [100/1304] | Train Loss: 0.0247
   [Epoch 23/100] Batch [150/1304] | Train Loss: 0.1709
   [Epoch 23/100] Batch [200/1304] | Train Loss: 0.0189
   [Epoch 23/100] Batch [250/1304] | Train Loss: 0.0239
   [Epoch 23/100] Batch [300/1304] | Train Loss: 0.0682
   [Epoch 23/100] Batch [350/1304] | Train Loss: 0.0731
   [Epoch 23/100] Batch [400/1304] | Train Loss: 0.0087
   [Epoch 23/100] Batch [450/1304] | Train Loss: 0.0182
   [Epoch 23/100] Batch [500/1304] | Train Loss: 0.0107
   [Epoch 23/100] Batch [550/1304] | Train Loss: 0.0461
   [Epoch 23/100] Batch [600/1304] | Train Loss: 0.0133
   [Epoch 23/100] Batch [650/1304] | Train Loss: 0.0155
   [Epoch 23/100] Batch [700/1304] | Train Loss: 0.0190
   [Epoch 23/100] Batch [750/1304] | Train Loss: 0.0287
   [Epoch 23/100] Batch [800/1304] | Train Loss: 0.0347
   [Epoch 23/100] Batch [850/1304] | Train Loss: 0.0069
   [Epoch 23/100] Batch [900/1304] | Train Loss: 0.0451
   [Epoch 23/100] Batch [950/1304] | Train Loss: 0.0799
   [Epoch 23/100] Batch [1000/1304] | Train Loss: 0.0083
   [Epoch 23/100] Batch [1050/1304] | Train Loss: 0.1812
   [Epoch 23/100] Batch [1100/1304] | Train Loss: 0.0425
   [Epoch 23/100] Batch [1150/1304] | Train Loss: 0.0274
   [Epoch 23/100] Batch [1200/1304] | Train Loss: 0.1624
   [Epoch 23/100] Batch [1250/1304] | Train Loss: 0.0093
   [Epoch 23/100] Batch [1300/1304] | Train Loss: 0.1614
Epoch 23 结束，正在进行验证集全量体检...
--------------------------------------------------
   Epoch [23/100] 战报:
   Train Loss: 0.0515 | Val Loss: 0.4418
   Val F1-Score: 0.2496
最新训练进度已存档: /root/autodl-tmp/Graduation_Project/outputs/models/latest_checkpoint.pth
早停警告: 连续 4/16 轮未打破记录。
--------------------------------------------------

   [Epoch 24/100] Batch [50/1304] | Train Loss: 0.0179
   [Epoch 24/100] Batch [100/1304] | Train Loss: 0.0076
   [Epoch 24/100] Batch [150/1304] | Train Loss: 0.0131
   [Epoch 24/100] Batch [200/1304] | Train Loss: 0.0729
   [Epoch 24/100] Batch [250/1304] | Train Loss: 0.2301
   [Epoch 24/100] Batch [300/1304] | Train Loss: 0.0336
   [Epoch 24/100] Batch [350/1304] | Train Loss: 0.0063
   [Epoch 24/100] Batch [400/1304] | Train Loss: 0.0647
   [Epoch 24/100] Batch [450/1304] | Train Loss: 0.0299
   [Epoch 24/100] Batch [500/1304] | Train Loss: 0.0136
   [Epoch 24/100] Batch [550/1304] | Train Loss: 0.0138
   [Epoch 24/100] Batch [600/1304] | Train Loss: 0.1216
   [Epoch 24/100] Batch [650/1304] | Train Loss: 0.0686
   [Epoch 24/100] Batch [700/1304] | Train Loss: 0.0071
   [Epoch 24/100] Batch [750/1304] | Train Loss: 0.0044
   [Epoch 24/100] Batch [800/1304] | Train Loss: 0.0996
   [Epoch 24/100] Batch [850/1304] | Train Loss: 0.0109
   [Epoch 24/100] Batch [900/1304] | Train Loss: 0.0044
   [Epoch 24/100] Batch [950/1304] | Train Loss: 0.0983
   [Epoch 24/100] Batch [1000/1304] | Train Loss: 0.0292
   [Epoch 24/100] Batch [1050/1304] | Train Loss: 0.0173
   [Epoch 24/100] Batch [1100/1304] | Train Loss: 0.0186
   [Epoch 24/100] Batch [1150/1304] | Train Loss: 0.0270
   [Epoch 24/100] Batch [1200/1304] | Train Loss: 0.0453
   [Epoch 24/100] Batch [1250/1304] | Train Loss: 0.0102
   [Epoch 24/100] Batch [1300/1304] | Train Loss: 0.0285
Epoch 24 结束，正在进行验证集全量体检...
--------------------------------------------------
   Epoch [24/100] 战报:
   Train Loss: 0.0501 | Val Loss: 0.3679
   Val F1-Score: 0.1510
最新训练进度已存档: /root/autodl-tmp/Graduation_Project/outputs/models/latest_checkpoint.pth
早停警告: 连续 5/16 轮未打破记录。
--------------------------------------------------

   [Epoch 25/100] Batch [50/1304] | Train Loss: 0.0080
   [Epoch 25/100] Batch [100/1304] | Train Loss: 0.0070
   [Epoch 25/100] Batch [150/1304] | Train Loss: 0.0081
   [Epoch 25/100] Batch [200/1304] | Train Loss: 0.2048
   [Epoch 25/100] Batch [250/1304] | Train Loss: 0.0683
   [Epoch 25/100] Batch [300/1304] | Train Loss: 0.0235
   [Epoch 25/100] Batch [350/1304] | Train Loss: 0.0230
   [Epoch 25/100] Batch [400/1304] | Train Loss: 0.3707
   [Epoch 25/100] Batch [450/1304] | Train Loss: 0.0104
   [Epoch 25/100] Batch [500/1304] | Train Loss: 0.0239
   [Epoch 25/100] Batch [550/1304] | Train Loss: 0.0135
   [Epoch 25/100] Batch [600/1304] | Train Loss: 0.2852
   [Epoch 25/100] Batch [650/1304] | Train Loss: 0.1775
   [Epoch 25/100] Batch [700/1304] | Train Loss: 0.0119
   [Epoch 25/100] Batch [750/1304] | Train Loss: 0.0260
   [Epoch 25/100] Batch [800/1304] | Train Loss: 0.0162
   [Epoch 25/100] Batch [850/1304] | Train Loss: 0.2438
   [Epoch 25/100] Batch [900/1304] | Train Loss: 0.0441
   [Epoch 25/100] Batch [950/1304] | Train Loss: 0.0277
   [Epoch 25/100] Batch [1000/1304] | Train Loss: 0.0552
   [Epoch 25/100] Batch [1050/1304] | Train Loss: 0.0190
   [Epoch 25/100] Batch [1100/1304] | Train Loss: 0.0572
   [Epoch 25/100] Batch [1150/1304] | Train Loss: 0.0119
   [Epoch 25/100] Batch [1200/1304] | Train Loss: 0.0279
   [Epoch 25/100] Batch [1250/1304] | Train Loss: 0.0398
   [Epoch 25/100] Batch [1300/1304] | Train Loss: 0.0317
Epoch 25 结束，正在进行验证集全量体检...
--------------------------------------------------
   Epoch [25/100] 战报:
   Train Loss: 0.0505 | Val Loss: 0.3170
   Val F1-Score: 0.1140
最新训练进度已存档: /root/autodl-tmp/Graduation_Project/outputs/models/latest_checkpoint.pth
早停警告: 连续 6/16 轮未打破记录。
--------------------------------------------------

   [Epoch 26/100] Batch [50/1304] | Train Loss: 0.0139
   [Epoch 26/100] Batch [100/1304] | Train Loss: 0.0116
   [Epoch 26/100] Batch [150/1304] | Train Loss: 0.0073
   [Epoch 26/100] Batch [200/1304] | Train Loss: 0.0091
   [Epoch 26/100] Batch [250/1304] | Train Loss: 0.0186
   [Epoch 26/100] Batch [300/1304] | Train Loss: 0.0940
   [Epoch 26/100] Batch [350/1304] | Train Loss: 0.0510
   [Epoch 26/100] Batch [400/1304] | Train Loss: 0.0168
   [Epoch 26/100] Batch [450/1304] | Train Loss: 0.0368
   [Epoch 26/100] Batch [500/1304] | Train Loss: 0.0574
   [Epoch 26/100] Batch [550/1304] | Train Loss: 0.0184
   [Epoch 26/100] Batch [600/1304] | Train Loss: 0.0210
   [Epoch 26/100] Batch [650/1304] | Train Loss: 0.0440
   [Epoch 26/100] Batch [700/1304] | Train Loss: 0.0086
   [Epoch 26/100] Batch [750/1304] | Train Loss: 0.0301
   [Epoch 26/100] Batch [800/1304] | Train Loss: 0.0290
   [Epoch 26/100] Batch [850/1304] | Train Loss: 0.0128
   [Epoch 26/100] Batch [900/1304] | Train Loss: 0.0625
   [Epoch 26/100] Batch [950/1304] | Train Loss: 0.0079
   [Epoch 26/100] Batch [1000/1304] | Train Loss: 0.0623
   [Epoch 26/100] Batch [1050/1304] | Train Loss: 0.0283
   [Epoch 26/100] Batch [1100/1304] | Train Loss: 0.0327
   [Epoch 26/100] Batch [1150/1304] | Train Loss: 0.0339
   [Epoch 26/100] Batch [1200/1304] | Train Loss: 0.0120
   [Epoch 26/100] Batch [1250/1304] | Train Loss: 0.0083
   [Epoch 26/100] Batch [1300/1304] | Train Loss: 0.0590
Epoch 26 结束，正在进行验证集全量体检...
--------------------------------------------------
   Epoch [26/100] 战报:
   Train Loss: 0.0484 | Val Loss: 0.2810
   Val F1-Score: 0.1488
最新训练进度已存档: /root/autodl-tmp/Graduation_Project/outputs/models/latest_checkpoint.pth
早停警告: 连续 7/16 轮未打破记录。
--------------------------------------------------

   [Epoch 27/100] Batch [50/1304] | Train Loss: 0.0118
   [Epoch 27/100] Batch [100/1304] | Train Loss: 0.0477
   [Epoch 27/100] Batch [150/1304] | Train Loss: 0.0301
   [Epoch 27/100] Batch [200/1304] | Train Loss: 0.0114
   [Epoch 27/100] Batch [250/1304] | Train Loss: 0.0097
   [Epoch 27/100] Batch [300/1304] | Train Loss: 0.0258
   [Epoch 27/100] Batch [350/1304] | Train Loss: 0.0186
   [Epoch 27/100] Batch [400/1304] | Train Loss: 0.1291
   [Epoch 27/100] Batch [450/1304] | Train Loss: 0.0137
   [Epoch 27/100] Batch [500/1304] | Train Loss: 0.0216
   [Epoch 27/100] Batch [550/1304] | Train Loss: 0.1877
   [Epoch 27/100] Batch [600/1304] | Train Loss: 0.2910
   [Epoch 27/100] Batch [650/1304] | Train Loss: 0.0133
   [Epoch 27/100] Batch [700/1304] | Train Loss: 0.0250
   [Epoch 27/100] Batch [750/1304] | Train Loss: 0.0201
   [Epoch 27/100] Batch [800/1304] | Train Loss: 0.0599
   [Epoch 27/100] Batch [850/1304] | Train Loss: 0.2133
   [Epoch 27/100] Batch [900/1304] | Train Loss: 0.2093
   [Epoch 27/100] Batch [950/1304] | Train Loss: 0.0457
   [Epoch 27/100] Batch [1000/1304] | Train Loss: 0.0650
   [Epoch 27/100] Batch [1050/1304] | Train Loss: 0.1331
   [Epoch 27/100] Batch [1100/1304] | Train Loss: 0.0751
   [Epoch 27/100] Batch [1150/1304] | Train Loss: 0.0323
   [Epoch 27/100] Batch [1200/1304] | Train Loss: 0.0636
   [Epoch 27/100] Batch [1250/1304] | Train Loss: 0.0300
   [Epoch 27/100] Batch [1300/1304] | Train Loss: 0.1480
Epoch 27 结束，正在进行验证集全量体检...
--------------------------------------------------
   Epoch [27/100] 战报:
   Train Loss: 0.0479 | Val Loss: 0.3804
   Val F1-Score: 0.1658
最新训练进度已存档: /root/autodl-tmp/Graduation_Project/outputs/models/latest_checkpoint.pth
早停警告: 连续 8/16 轮未打破记录。
--------------------------------------------------

   [Epoch 28/100] Batch [50/1304] | Train Loss: 0.0082
   [Epoch 28/100] Batch [100/1304] | Train Loss: 0.0086
   [Epoch 28/100] Batch [150/1304] | Train Loss: 0.0368
   [Epoch 28/100] Batch [200/1304] | Train Loss: 0.0798
   [Epoch 28/100] Batch [250/1304] | Train Loss: 0.0099
   [Epoch 28/100] Batch [300/1304] | Train Loss: 0.0162
   [Epoch 28/100] Batch [350/1304] | Train Loss: 0.0103
   [Epoch 28/100] Batch [400/1304] | Train Loss: 0.0424
   [Epoch 28/100] Batch [450/1304] | Train Loss: 0.0776
   [Epoch 28/100] Batch [500/1304] | Train Loss: 0.0339
   [Epoch 28/100] Batch [550/1304] | Train Loss: 0.0866
   [Epoch 28/100] Batch [600/1304] | Train Loss: 0.1629
   [Epoch 28/100] Batch [650/1304] | Train Loss: 0.0060
   [Epoch 28/100] Batch [700/1304] | Train Loss: 0.0178
   [Epoch 28/100] Batch [750/1304] | Train Loss: 0.0326
   [Epoch 28/100] Batch [800/1304] | Train Loss: 0.0069
   [Epoch 28/100] Batch [850/1304] | Train Loss: 0.0129
   [Epoch 28/100] Batch [900/1304] | Train Loss: 0.0113
   [Epoch 28/100] Batch [950/1304] | Train Loss: 0.1073
   [Epoch 28/100] Batch [1000/1304] | Train Loss: 0.0258
   [Epoch 28/100] Batch [1050/1304] | Train Loss: 0.1800
   [Epoch 28/100] Batch [1100/1304] | Train Loss: 0.0246
   [Epoch 28/100] Batch [1150/1304] | Train Loss: 0.0241
   [Epoch 28/100] Batch [1200/1304] | Train Loss: 0.0195
   [Epoch 28/100] Batch [1250/1304] | Train Loss: 0.0142
   [Epoch 28/100] Batch [1300/1304] | Train Loss: 0.0070
Epoch 28 结束，正在进行验证集全量体检...
--------------------------------------------------
   Epoch [28/100] 战报:
   Train Loss: 0.0479 | Val Loss: 0.4293
   Val F1-Score: 0.2099
触发自动降挡！模型陷入瓶颈，学习率由 0.001000 下调至 0.000500！
最新训练进度已存档: /root/autodl-tmp/Graduation_Project/outputs/models/latest_checkpoint.pth
早停警告: 连续 9/16 轮未打破记录。
--------------------------------------------------

   [Epoch 29/100] Batch [50/1304] | Train Loss: 0.0271
   [Epoch 29/100] Batch [100/1304] | Train Loss: 0.0158
   [Epoch 29/100] Batch [150/1304] | Train Loss: 0.0113
   [Epoch 29/100] Batch [200/1304] | Train Loss: 0.0272
   [Epoch 29/100] Batch [250/1304] | Train Loss: 0.0064
   [Epoch 29/100] Batch [300/1304] | Train Loss: 0.0095
   [Epoch 29/100] Batch [350/1304] | Train Loss: 0.0189
   [Epoch 29/100] Batch [400/1304] | Train Loss: 0.0682
   [Epoch 29/100] Batch [450/1304] | Train Loss: 0.0140
   [Epoch 29/100] Batch [500/1304] | Train Loss: 0.1457
   [Epoch 29/100] Batch [550/1304] | Train Loss: 0.0048
   [Epoch 29/100] Batch [600/1304] | Train Loss: 0.0192
   [Epoch 29/100] Batch [650/1304] | Train Loss: 0.0676
   [Epoch 29/100] Batch [700/1304] | Train Loss: 0.0093
   [Epoch 29/100] Batch [750/1304] | Train Loss: 0.0836
   [Epoch 29/100] Batch [800/1304] | Train Loss: 0.0386
   [Epoch 29/100] Batch [850/1304] | Train Loss: 0.3321
   [Epoch 29/100] Batch [900/1304] | Train Loss: 0.1431
   [Epoch 29/100] Batch [950/1304] | Train Loss: 0.0701
   [Epoch 29/100] Batch [1000/1304] | Train Loss: 0.0116
   [Epoch 29/100] Batch [1050/1304] | Train Loss: 0.1453
   [Epoch 29/100] Batch [1100/1304] | Train Loss: 0.0193
   [Epoch 29/100] Batch [1150/1304] | Train Loss: 0.0139
   [Epoch 29/100] Batch [1200/1304] | Train Loss: 0.0588
   [Epoch 29/100] Batch [1250/1304] | Train Loss: 0.0274
   [Epoch 29/100] Batch [1300/1304] | Train Loss: 0.0261
Epoch 29 结束，正在进行验证集全量体检...
--------------------------------------------------
   Epoch [29/100] 战报:
   Train Loss: 0.0357 | Val Loss: 0.4487
   Val F1-Score: 0.1960
最新训练进度已存档: /root/autodl-tmp/Graduation_Project/outputs/models/latest_checkpoint.pth
早停警告: 连续 10/16 轮未打破记录。
--------------------------------------------------

   [Epoch 30/100] Batch [50/1304] | Train Loss: 0.1253
   [Epoch 30/100] Batch [100/1304] | Train Loss: 0.0245
   [Epoch 30/100] Batch [150/1304] | Train Loss: 0.2309
   [Epoch 30/100] Batch [200/1304] | Train Loss: 0.0420
   [Epoch 30/100] Batch [250/1304] | Train Loss: 0.0070
   [Epoch 30/100] Batch [300/1304] | Train Loss: 0.4074
   [Epoch 30/100] Batch [350/1304] | Train Loss: 0.2540
   [Epoch 30/100] Batch [400/1304] | Train Loss: 0.0085
   [Epoch 30/100] Batch [450/1304] | Train Loss: 0.0059
   [Epoch 30/100] Batch [500/1304] | Train Loss: 0.0134
   [Epoch 30/100] Batch [550/1304] | Train Loss: 0.0118
   [Epoch 30/100] Batch [600/1304] | Train Loss: 0.0874
   [Epoch 30/100] Batch [650/1304] | Train Loss: 0.0115
   [Epoch 30/100] Batch [700/1304] | Train Loss: 0.0128
   [Epoch 30/100] Batch [750/1304] | Train Loss: 0.0128
   [Epoch 30/100] Batch [800/1304] | Train Loss: 0.0082
   [Epoch 30/100] Batch [850/1304] | Train Loss: 0.0045
   [Epoch 30/100] Batch [900/1304] | Train Loss: 0.0033
   [Epoch 30/100] Batch [950/1304] | Train Loss: 0.0084
   [Epoch 30/100] Batch [1000/1304] | Train Loss: 0.0154
   [Epoch 30/100] Batch [1050/1304] | Train Loss: 0.1668
   [Epoch 30/100] Batch [1100/1304] | Train Loss: 0.0049
   [Epoch 30/100] Batch [1150/1304] | Train Loss: 0.0094
   [Epoch 30/100] Batch [1200/1304] | Train Loss: 0.0101
   [Epoch 30/100] Batch [1250/1304] | Train Loss: 0.0285
   [Epoch 30/100] Batch [1300/1304] | Train Loss: 0.0074
Epoch 30 结束，正在进行验证集全量体检...
--------------------------------------------------
   Epoch [30/100] 战报:
   Train Loss: 0.0337 | Val Loss: 0.4291
   Val F1-Score: 0.1193
最新训练进度已存档: /root/autodl-tmp/Graduation_Project/outputs/models/latest_checkpoint.pth
早停警告: 连续 11/16 轮未打破记录。
--------------------------------------------------

   [Epoch 31/100] Batch [50/1304] | Train Loss: 0.0944
   [Epoch 31/100] Batch [100/1304] | Train Loss: 0.0178
   [Epoch 31/100] Batch [150/1304] | Train Loss: 0.0236
   [Epoch 31/100] Batch [200/1304] | Train Loss: 0.0879
   [Epoch 31/100] Batch [250/1304] | Train Loss: 0.0606
   [Epoch 31/100] Batch [300/1304] | Train Loss: 0.0123
   [Epoch 31/100] Batch [350/1304] | Train Loss: 0.0471
   [Epoch 31/100] Batch [400/1304] | Train Loss: 0.0029
   [Epoch 31/100] Batch [450/1304] | Train Loss: 0.0240
   [Epoch 31/100] Batch [500/1304] | Train Loss: 0.0242
   [Epoch 31/100] Batch [550/1304] | Train Loss: 0.0067
   [Epoch 31/100] Batch [600/1304] | Train Loss: 0.0590
   [Epoch 31/100] Batch [650/1304] | Train Loss: 0.0117
   [Epoch 31/100] Batch [700/1304] | Train Loss: 0.0624
   [Epoch 31/100] Batch [750/1304] | Train Loss: 0.0101
   [Epoch 31/100] Batch [800/1304] | Train Loss: 0.0027
   [Epoch 31/100] Batch [850/1304] | Train Loss: 0.0229
   [Epoch 31/100] Batch [900/1304] | Train Loss: 0.0041
   [Epoch 31/100] Batch [950/1304] | Train Loss: 0.0152
   [Epoch 31/100] Batch [1000/1304] | Train Loss: 0.0054
   [Epoch 31/100] Batch [1050/1304] | Train Loss: 0.0205
   [Epoch 31/100] Batch [1100/1304] | Train Loss: 0.0724
   [Epoch 31/100] Batch [1150/1304] | Train Loss: 0.0984
   [Epoch 31/100] Batch [1200/1304] | Train Loss: 0.0195
   [Epoch 31/100] Batch [1250/1304] | Train Loss: 0.0033
   [Epoch 31/100] Batch [1300/1304] | Train Loss: 0.0167
Epoch 31 结束，正在进行验证集全量体检...
--------------------------------------------------
   Epoch [31/100] 战报:
   Train Loss: 0.0323 | Val Loss: 0.4936
   Val F1-Score: 0.1937
最新训练进度已存档: /root/autodl-tmp/Graduation_Project/outputs/models/latest_checkpoint.pth
早停警告: 连续 12/16 轮未打破记录。
--------------------------------------------------

   [Epoch 32/100] Batch [50/1304] | Train Loss: 0.0006
   [Epoch 32/100] Batch [100/1304] | Train Loss: 0.0110
   [Epoch 32/100] Batch [150/1304] | Train Loss: 0.0260
   [Epoch 32/100] Batch [200/1304] | Train Loss: 0.0272
   [Epoch 32/100] Batch [250/1304] | Train Loss: 0.0068
   [Epoch 32/100] Batch [300/1304] | Train Loss: 0.0395
   [Epoch 32/100] Batch [350/1304] | Train Loss: 0.0030
   [Epoch 32/100] Batch [400/1304] | Train Loss: 0.0464
   [Epoch 32/100] Batch [450/1304] | Train Loss: 0.0114
   [Epoch 32/100] Batch [500/1304] | Train Loss: 0.0092
   [Epoch 32/100] Batch [550/1304] | Train Loss: 0.0282
   [Epoch 32/100] Batch [600/1304] | Train Loss: 0.0088
   [Epoch 32/100] Batch [650/1304] | Train Loss: 0.1383
   [Epoch 32/100] Batch [700/1304] | Train Loss: 0.0377
   [Epoch 32/100] Batch [750/1304] | Train Loss: 0.0086
   [Epoch 32/100] Batch [800/1304] | Train Loss: 0.0279
   [Epoch 32/100] Batch [850/1304] | Train Loss: 0.0119
   [Epoch 32/100] Batch [900/1304] | Train Loss: 0.0079
   [Epoch 32/100] Batch [950/1304] | Train Loss: 0.0059
   [Epoch 32/100] Batch [1000/1304] | Train Loss: 0.0731
   [Epoch 32/100] Batch [1050/1304] | Train Loss: 0.0065
   [Epoch 32/100] Batch [1100/1304] | Train Loss: 0.0335
   [Epoch 32/100] Batch [1150/1304] | Train Loss: 0.0035
   [Epoch 32/100] Batch [1200/1304] | Train Loss: 0.0087
   [Epoch 32/100] Batch [1250/1304] | Train Loss: 0.0217
   [Epoch 32/100] Batch [1300/1304] | Train Loss: 0.0072
Epoch 32 结束，正在进行验证集全量体检...
--------------------------------------------------
   Epoch [32/100] 战报:
   Train Loss: 0.0310 | Val Loss: 0.6395
   Val F1-Score: 0.2216
最新训练进度已存档: /root/autodl-tmp/Graduation_Project/outputs/models/latest_checkpoint.pth
早停警告: 连续 13/16 轮未打破记录。
--------------------------------------------------

   [Epoch 33/100] Batch [50/1304] | Train Loss: 0.0322
   [Epoch 33/100] Batch [100/1304] | Train Loss: 0.1026
   [Epoch 33/100] Batch [150/1304] | Train Loss: 0.0143
   [Epoch 33/100] Batch [200/1304] | Train Loss: 0.0112
   [Epoch 33/100] Batch [250/1304] | Train Loss: 0.0128
   [Epoch 33/100] Batch [300/1304] | Train Loss: 0.0139
   [Epoch 33/100] Batch [350/1304] | Train Loss: 0.1720
   [Epoch 33/100] Batch [400/1304] | Train Loss: 0.0067
   [Epoch 33/100] Batch [450/1304] | Train Loss: 0.0649
   [Epoch 33/100] Batch [500/1304] | Train Loss: 0.0009
   [Epoch 33/100] Batch [550/1304] | Train Loss: 0.0145
   [Epoch 33/100] Batch [600/1304] | Train Loss: 0.0483
   [Epoch 33/100] Batch [650/1304] | Train Loss: 0.0185
   [Epoch 33/100] Batch [700/1304] | Train Loss: 0.0097
   [Epoch 33/100] Batch [750/1304] | Train Loss: 0.0118
   [Epoch 33/100] Batch [800/1304] | Train Loss: 0.0038
   [Epoch 33/100] Batch [850/1304] | Train Loss: 0.0038
   [Epoch 33/100] Batch [900/1304] | Train Loss: 0.0249
   [Epoch 33/100] Batch [950/1304] | Train Loss: 0.0049
   [Epoch 33/100] Batch [1000/1304] | Train Loss: 0.0097
   [Epoch 33/100] Batch [1050/1304] | Train Loss: 0.0105
   [Epoch 33/100] Batch [1100/1304] | Train Loss: 0.0664
   [Epoch 33/100] Batch [1150/1304] | Train Loss: 0.0124
   [Epoch 33/100] Batch [1200/1304] | Train Loss: 0.0193
   [Epoch 33/100] Batch [1250/1304] | Train Loss: 0.0211
   [Epoch 33/100] Batch [1300/1304] | Train Loss: 0.0155
Epoch 33 结束，正在进行验证集全量体检...
--------------------------------------------------
   Epoch [33/100] 战报:
   Train Loss: 0.0310 | Val Loss: 0.6850
   Val F1-Score: 0.2784
最新训练进度已存档: /root/autodl-tmp/Graduation_Project/outputs/models/latest_checkpoint.pth
早停警告: 连续 14/16 轮未打破记录。
--------------------------------------------------

   [Epoch 34/100] Batch [50/1304] | Train Loss: 0.0035
   [Epoch 34/100] Batch [100/1304] | Train Loss: 0.0102
   [Epoch 34/100] Batch [150/1304] | Train Loss: 0.0161
   [Epoch 34/100] Batch [200/1304] | Train Loss: 0.0056
   [Epoch 34/100] Batch [250/1304] | Train Loss: 0.0109
   [Epoch 34/100] Batch [300/1304] | Train Loss: 0.0147
   [Epoch 34/100] Batch [350/1304] | Train Loss: 0.0293
   [Epoch 34/100] Batch [400/1304] | Train Loss: 0.0142
   [Epoch 34/100] Batch [450/1304] | Train Loss: 0.0190
   [Epoch 34/100] Batch [500/1304] | Train Loss: 0.0035
   [Epoch 34/100] Batch [550/1304] | Train Loss: 0.0097
   [Epoch 34/100] Batch [600/1304] | Train Loss: 0.0050
   [Epoch 34/100] Batch [650/1304] | Train Loss: 0.0155
   [Epoch 34/100] Batch [700/1304] | Train Loss: 0.0579
   [Epoch 34/100] Batch [750/1304] | Train Loss: 0.0079
   [Epoch 34/100] Batch [800/1304] | Train Loss: 0.0097
   [Epoch 34/100] Batch [850/1304] | Train Loss: 0.0184
   [Epoch 34/100] Batch [900/1304] | Train Loss: 0.0196
   [Epoch 34/100] Batch [950/1304] | Train Loss: 0.0059
   [Epoch 34/100] Batch [1000/1304] | Train Loss: 0.1109
   [Epoch 34/100] Batch [1050/1304] | Train Loss: 0.0025
   [Epoch 34/100] Batch [1100/1304] | Train Loss: 0.0107
   [Epoch 34/100] Batch [1150/1304] | Train Loss: 0.0080
   [Epoch 34/100] Batch [1200/1304] | Train Loss: 0.1296
   [Epoch 34/100] Batch [1250/1304] | Train Loss: 0.0749
   [Epoch 34/100] Batch [1300/1304] | Train Loss: 0.0073
Epoch 34 结束，正在进行验证集全量体检...
--------------------------------------------------
   Epoch [34/100] 战报:
   Train Loss: 0.0295 | Val Loss: 0.7500
   Val F1-Score: 0.2176
最新训练进度已存档: /root/autodl-tmp/Graduation_Project/outputs/models/latest_checkpoint.pth
早停警告: 连续 15/16 轮未打破记录。
--------------------------------------------------

   [Epoch 35/100] Batch [50/1304] | Train Loss: 0.0057
   [Epoch 35/100] Batch [100/1304] | Train Loss: 0.0593
   [Epoch 35/100] Batch [150/1304] | Train Loss: 0.0990
   [Epoch 35/100] Batch [200/1304] | Train Loss: 0.0079
   [Epoch 35/100] Batch [250/1304] | Train Loss: 0.0351
   [Epoch 35/100] Batch [300/1304] | Train Loss: 0.0456
   [Epoch 35/100] Batch [350/1304] | Train Loss: 0.0113
   [Epoch 35/100] Batch [400/1304] | Train Loss: 0.0298
   [Epoch 35/100] Batch [450/1304] | Train Loss: 0.0467
   [Epoch 35/100] Batch [500/1304] | Train Loss: 0.0093
   [Epoch 35/100] Batch [550/1304] | Train Loss: 0.0011
   [Epoch 35/100] Batch [600/1304] | Train Loss: 0.0011
   [Epoch 35/100] Batch [650/1304] | Train Loss: 0.0045
   [Epoch 35/100] Batch [700/1304] | Train Loss: 0.0086
   [Epoch 35/100] Batch [750/1304] | Train Loss: 0.0113
   [Epoch 35/100] Batch [800/1304] | Train Loss: 0.0867
   [Epoch 35/100] Batch [850/1304] | Train Loss: 0.0218
   [Epoch 35/100] Batch [900/1304] | Train Loss: 0.0144
   [Epoch 35/100] Batch [950/1304] | Train Loss: 0.0112
   [Epoch 35/100] Batch [1000/1304] | Train Loss: 0.0075
   [Epoch 35/100] Batch [1050/1304] | Train Loss: 0.0026
   [Epoch 35/100] Batch [1100/1304] | Train Loss: 0.0061
   [Epoch 35/100] Batch [1150/1304] | Train Loss: 0.0283
   [Epoch 35/100] Batch [1200/1304] | Train Loss: 0.0014
   [Epoch 35/100] Batch [1250/1304] | Train Loss: 0.0971
   [Epoch 35/100] Batch [1300/1304] | Train Loss: 0.0333
Epoch 35 结束，正在进行验证集全量体检...
--------------------------------------------------
   Epoch [35/100] 战报:
   Train Loss: 0.0306 | Val Loss: 0.5439
   Val F1-Score: 0.2433
最新训练进度已存档: /root/autodl-tmp/Graduation_Project/outputs/models/latest_checkpoint.pth
早停警告: 连续 16/16 轮未打破记录。

触发早停机制！连续 16 轮 F1 无提升。
模型已进入严重过拟合状态，切断训练！
训练全部结束！最高 Val F1 分数锁定在: 0.3282
最佳权重已安放在: /root/autodl-tmp/Graduation_Project/outputs/models/best_model.pth

双联屏训练战报已高清保存至: /root/autodl-tmp/Graduation_Project/outputs/figures/training_dashboard.png
